<?xml version="1.0" encoding="utf-8" standalone="no"?>
<test-run id="2" testcasecount="56" result="Failed" total="56" passed="33" failed="23" inconclusive="0" skipped="0" asserts="49" engine-version="3.10.0.0" clr-version="4.0.30319.42000" start-time="2019-05-23 16:27:46Z" end-time="2019-05-23 16:38:45Z" duration="658.954469">
  <command-line><![CDATA["C:\Program Files (x86)\NUnit.Console-3.10.0\bin\net35\nunit3-console.exe"  "CSharpSeleniumTemplate.dll" --inprocess --labels=On]]></command-line>
  <test-suite type="Assembly" id="0-1068" name="CSharpSeleniumTemplate.dll" fullname="CSharpSeleniumTemplate.dll" runstate="Runnable" testcasecount="56" result="Failed" site="Child" start-time="2019-05-23 16:27:46Z" end-time="2019-05-23 16:38:44Z" duration="658.364510" total="56" passed="33" failed="23" warnings="0" inconclusive="0" skipped="0" asserts="49">
    <environment framework-version="3.11.0.0" clr-version="4.0.30319.42000" os-version="Microsoft Windows NT 10.0.17763.0" platform="Win32NT" cwd="C:\Mantis2\csharpseleniumextentreporttemplate-master\CSharpSeleniumTemplate\bin\Debug" machine-name="PLUTO" user="SISTEMA" user-domain="WORKGROUP" culture="pt-BR" uiculture="pt-BR" os-architecture="x64" />
    <settings>
      <setting name="ProcessModel" value="InProcess" />
      <setting name="DisposeRunners" value="True" />
      <setting name="WorkDirectory" value="C:\Mantis2\csharpseleniumextentreporttemplate-master\CSharpSeleniumTemplate\bin\Debug" />
      <setting name="ImageRuntimeVersion" value="4.0.30319" />
      <setting name="ImageTargetFrameworkName" value=".NETFramework,Version=v4.6.1" />
      <setting name="ImageRequiresX86" value="False" />
      <setting name="ImageRequiresDefaultAppDomainAssemblyResolver" value="False" />
      <setting name="NumberOfTestWorkers" value="4" />
    </settings>
    <properties>
      <property name="_PID" value="9568" />
      <property name="_APPDOMAIN" value="domain-" />
    </properties>
    <failure>
      <message><![CDATA[One or more child tests had errors]]></message>
    </failure>
    <test-suite type="TestSuite" id="0-1069" name="CSharpSeleniumTemplate" fullname="CSharpSeleniumTemplate" runstate="Runnable" testcasecount="56" result="Failed" site="Child" start-time="2019-05-23 16:27:46Z" end-time="2019-05-23 16:38:44Z" duration="658.344486" total="56" passed="33" failed="23" warnings="0" inconclusive="0" skipped="0" asserts="49">
      <failure>
        <message><![CDATA[One or more child tests had errors]]></message>
      </failure>
      <test-suite type="TestSuite" id="0-1070" name="Tests" fullname="CSharpSeleniumTemplate.Tests" runstate="Runnable" testcasecount="56" result="Failed" site="Child" start-time="2019-05-23 16:27:46Z" end-time="2019-05-23 16:38:44Z" duration="658.344004" total="56" passed="33" failed="23" warnings="0" inconclusive="0" skipped="0" asserts="49">
        <failure>
          <message><![CDATA[One or more child tests had errors]]></message>
        </failure>
        <test-suite type="TestFixture" id="0-1027" name="CriarTarefa" fullname="CSharpSeleniumTemplate.Tests.CriarTarefa" classname="CSharpSeleniumTemplate.Tests.CriarTarefa" runstate="Runnable" testcasecount="9" result="Failed" site="Child" start-time="2019-05-23 16:27:46Z" end-time="2019-05-23 16:29:30Z" duration="103.740830" total="9" passed="2" failed="7" warnings="0" inconclusive="0" skipped="0" asserts="9">
          <failure>
            <message><![CDATA[One or more child tests had errors]]></message>
          </failure>
          <test-case id="0-1035" name="CadastrarMaisTarefas" fullname="CSharpSeleniumTemplate.Tests.CriarTarefa.CadastrarMaisTarefas" methodname="CadastrarMaisTarefas" classname="CSharpSeleniumTemplate.Tests.CriarTarefa" runstate="Runnable" seed="2118944000" result="Failed" label="Error" start-time="2019-05-23 16:27:47Z" end-time="2019-05-23 16:28:02Z" duration="15.385652" asserts="1">
            <failure>
              <message><![CDATA[System.IO.FileLoadException : Não foi possível carregar arquivo ou assembly 'System.Data.Common, Version=4.2.0.0, Culture=neutral, PublicKeyToken=b03f5f7f11d50a3a' ou uma de suas dependências. A definição do manifesto do assembly localizado não corresponde à referência do assembly. (Exceção de HRESULT: 0x80131040)]]></message>
              <stack-trace><![CDATA[   em MySql.Data.MySqlClient.MySqlDataReader.BuildSchemaTable()
   em MySql.Data.MySqlClient.MySqlDataReader.GetSchemaTable() na C:\projects\mysqlconnector\src\MySqlConnector\MySql.Data.MySqlClient\MySqlDataReader.cs:linha 245
   em System.Data.ProviderBase.SchemaMapping..ctor(DataAdapter adapter, DataSet dataset, DataTable datatable, DataReaderContainer dataReader, Boolean keyInfo, SchemaType schemaType, String sourceTableName, Boolean gettingData, DataColumn parentChapterColumn, Object parentChapterValue)
   em System.Data.Common.DataAdapter.FillMappingInternal(DataSet dataset, DataTable datatable, String srcTable, DataReaderContainer dataReader, Int32 schemaCount, DataColumn parentChapterColumn, Object parentChapterValue)
   em System.Data.Common.DataAdapter.FillMapping(DataSet dataset, DataTable datatable, String srcTable, DataReaderContainer dataReader, Int32 schemaCount, DataColumn parentChapterColumn, Object parentChapterValue)
   em System.Data.Common.DataAdapter.FillFromReader(DataSet dataset, DataTable datatable, String srcTable, DataReaderContainer dataReader, Int32 startRecord, Int32 maxRecords, DataColumn parentChapterColumn, Object parentChapterValue)
   em System.Data.Common.DataAdapter.Fill(DataTable[] dataTables, IDataReader dataReader, Int32 startRecord, Int32 maxRecords)
   em System.Data.DataTable.Load(IDataReader reader, LoadOption loadOption, FillErrorEventHandler errorHandler)
   em CSharpSeleniumTemplate.Helpers.DataBaseHelpers.RetornaDadosQuery(String query) na C:\Mantis2\csharpseleniumextentreporttemplate-master\CSharpSeleniumTemplate\Helpers\DataBaseHelpers.cs:linha 48
   em CSharpSeleniumTemplate.DataBaseSteps.TarefasDBSteps.RetornaTarefas(String descricaoTarefa, String resumoTarefa) na C:\Mantis2\csharpseleniumextentreporttemplate-master\CSharpSeleniumTemplate\DataBaseSteps\TarefasDBSteps.cs:linha 16
   em CSharpSeleniumTemplate.Tests.CriarTarefa.CadastrarMaisTarefas() na C:\Mantis2\csharpseleniumextentreporttemplate-master\CSharpSeleniumTemplate\Tests\CriarTarefa.cs:linha 96]]></stack-trace>
            </failure>
          </test-case>
          <test-case id="0-1028" name="CadastrarTarefaApenasCamposObrigatorios" fullname="CSharpSeleniumTemplate.Tests.CriarTarefa.CadastrarTarefaApenasCamposObrigatorios" methodname="CadastrarTarefaApenasCamposObrigatorios" classname="CSharpSeleniumTemplate.Tests.CriarTarefa" runstate="Runnable" seed="1630285387" result="Failed" label="Error" start-time="2019-05-23 16:28:02Z" end-time="2019-05-23 16:28:12Z" duration="10.025911" asserts="1">
            <failure>
              <message><![CDATA[System.IO.FileLoadException : Não foi possível carregar arquivo ou assembly 'System.Data.Common, Version=4.2.0.0, Culture=neutral, PublicKeyToken=b03f5f7f11d50a3a' ou uma de suas dependências. A definição do manifesto do assembly localizado não corresponde à referência do assembly. (Exceção de HRESULT: 0x80131040)]]></message>
              <stack-trace><![CDATA[   em MySql.Data.MySqlClient.MySqlDataReader.BuildSchemaTable()
   em MySql.Data.MySqlClient.MySqlDataReader.GetSchemaTable() na C:\projects\mysqlconnector\src\MySqlConnector\MySql.Data.MySqlClient\MySqlDataReader.cs:linha 245
   em System.Data.ProviderBase.SchemaMapping..ctor(DataAdapter adapter, DataSet dataset, DataTable datatable, DataReaderContainer dataReader, Boolean keyInfo, SchemaType schemaType, String sourceTableName, Boolean gettingData, DataColumn parentChapterColumn, Object parentChapterValue)
   em System.Data.Common.DataAdapter.FillMappingInternal(DataSet dataset, DataTable datatable, String srcTable, DataReaderContainer dataReader, Int32 schemaCount, DataColumn parentChapterColumn, Object parentChapterValue)
   em System.Data.Common.DataAdapter.FillMapping(DataSet dataset, DataTable datatable, String srcTable, DataReaderContainer dataReader, Int32 schemaCount, DataColumn parentChapterColumn, Object parentChapterValue)
   em System.Data.Common.DataAdapter.FillFromReader(DataSet dataset, DataTable datatable, String srcTable, DataReaderContainer dataReader, Int32 startRecord, Int32 maxRecords, DataColumn parentChapterColumn, Object parentChapterValue)
   em System.Data.Common.DataAdapter.Fill(DataTable[] dataTables, IDataReader dataReader, Int32 startRecord, Int32 maxRecords)
   em System.Data.DataTable.Load(IDataReader reader, LoadOption loadOption, FillErrorEventHandler errorHandler)
   em CSharpSeleniumTemplate.Helpers.DataBaseHelpers.RetornaDadosQuery(String query) na C:\Mantis2\csharpseleniumextentreporttemplate-master\CSharpSeleniumTemplate\Helpers\DataBaseHelpers.cs:linha 48
   em CSharpSeleniumTemplate.DataBaseSteps.TarefasDBSteps.RetornaTarefas(String descricaoTarefa, String resumoTarefa) na C:\Mantis2\csharpseleniumextentreporttemplate-master\CSharpSeleniumTemplate\DataBaseSteps\TarefasDBSteps.cs:linha 16
   em CSharpSeleniumTemplate.Tests.CriarTarefa.CadastrarTarefaApenasCamposObrigatorios() na C:\Mantis2\csharpseleniumextentreporttemplate-master\CSharpSeleniumTemplate\Tests\CriarTarefa.cs:linha 54]]></stack-trace>
            </failure>
          </test-case>
          <test-suite type="ParameterizedMethod" id="0-1034" name="CadastrarTarefaTodosCampos" fullname="CSharpSeleniumTemplate.Tests.CriarTarefa.CadastrarTarefaTodosCampos" classname="CSharpSeleniumTemplate.Tests.CriarTarefa" runstate="Runnable" testcasecount="5" result="Failed" site="Child" start-time="2019-05-23 16:28:12Z" end-time="2019-05-23 16:29:06Z" duration="53.778802" total="5" passed="0" failed="5" warnings="0" inconclusive="0" skipped="0" asserts="5">
            <failure>
              <message><![CDATA[One or more child tests had errors]]></message>
            </failure>
            <test-case id="0-1029" name="CadastrarTarefaTodosCampos(System.Collections.ArrayList)" fullname="CSharpSeleniumTemplate.Tests.CriarTarefa.CadastrarTarefaTodosCampos(System.Collections.ArrayList)" methodname="CadastrarTarefaTodosCampos" classname="CSharpSeleniumTemplate.Tests.CriarTarefa" runstate="Runnable" seed="1923369917" result="Failed" label="Error" start-time="2019-05-23 16:28:12Z" end-time="2019-05-23 16:28:22Z" duration="10.145659" asserts="1">
              <failure>
                <message><![CDATA[System.IO.FileLoadException : Não foi possível carregar arquivo ou assembly 'System.Data.Common, Version=4.2.0.0, Culture=neutral, PublicKeyToken=b03f5f7f11d50a3a' ou uma de suas dependências. A definição do manifesto do assembly localizado não corresponde à referência do assembly. (Exceção de HRESULT: 0x80131040)]]></message>
                <stack-trace><![CDATA[   em MySql.Data.MySqlClient.MySqlDataReader.BuildSchemaTable()
   em MySql.Data.MySqlClient.MySqlDataReader.GetSchemaTable() na C:\projects\mysqlconnector\src\MySqlConnector\MySql.Data.MySqlClient\MySqlDataReader.cs:linha 245
   em System.Data.ProviderBase.SchemaMapping..ctor(DataAdapter adapter, DataSet dataset, DataTable datatable, DataReaderContainer dataReader, Boolean keyInfo, SchemaType schemaType, String sourceTableName, Boolean gettingData, DataColumn parentChapterColumn, Object parentChapterValue)
   em System.Data.Common.DataAdapter.FillMappingInternal(DataSet dataset, DataTable datatable, String srcTable, DataReaderContainer dataReader, Int32 schemaCount, DataColumn parentChapterColumn, Object parentChapterValue)
   em System.Data.Common.DataAdapter.FillMapping(DataSet dataset, DataTable datatable, String srcTable, DataReaderContainer dataReader, Int32 schemaCount, DataColumn parentChapterColumn, Object parentChapterValue)
   em System.Data.Common.DataAdapter.FillFromReader(DataSet dataset, DataTable datatable, String srcTable, DataReaderContainer dataReader, Int32 startRecord, Int32 maxRecords, DataColumn parentChapterColumn, Object parentChapterValue)
   em System.Data.Common.DataAdapter.Fill(DataTable[] dataTables, IDataReader dataReader, Int32 startRecord, Int32 maxRecords)
   em System.Data.DataTable.Load(IDataReader reader, LoadOption loadOption, FillErrorEventHandler errorHandler)
   em CSharpSeleniumTemplate.Helpers.DataBaseHelpers.RetornaDadosQuery(String query) na C:\Mantis2\csharpseleniumextentreporttemplate-master\CSharpSeleniumTemplate\Helpers\DataBaseHelpers.cs:linha 48
   em CSharpSeleniumTemplate.DataBaseSteps.TarefasDBSteps.RetornaTarefas(String descricaoTarefa, String resumoTarefa) na C:\Mantis2\csharpseleniumextentreporttemplate-master\CSharpSeleniumTemplate\DataBaseSteps\TarefasDBSteps.cs:linha 16
   em CSharpSeleniumTemplate.Tests.CriarTarefa.CadastrarTarefaTodosCampos(ArrayList testData) na C:\Mantis2\csharpseleniumextentreporttemplate-master\CSharpSeleniumTemplate\Tests\CriarTarefa.cs:linha 76]]></stack-trace>
              </failure>
            </test-case>
            <test-case id="0-1030" name="CadastrarTarefaTodosCampos(System.Collections.ArrayList)" fullname="CSharpSeleniumTemplate.Tests.CriarTarefa.CadastrarTarefaTodosCampos(System.Collections.ArrayList)" methodname="CadastrarTarefaTodosCampos" classname="CSharpSeleniumTemplate.Tests.CriarTarefa" runstate="Runnable" seed="946639381" result="Failed" label="Error" start-time="2019-05-23 16:28:22Z" end-time="2019-05-23 16:28:34Z" duration="11.480585" asserts="1">
              <failure>
                <message><![CDATA[System.IO.FileLoadException : Não foi possível carregar arquivo ou assembly 'System.Data.Common, Version=4.2.0.0, Culture=neutral, PublicKeyToken=b03f5f7f11d50a3a' ou uma de suas dependências. A definição do manifesto do assembly localizado não corresponde à referência do assembly. (Exceção de HRESULT: 0x80131040)]]></message>
                <stack-trace><![CDATA[   em MySql.Data.MySqlClient.MySqlDataReader.BuildSchemaTable()
   em MySql.Data.MySqlClient.MySqlDataReader.GetSchemaTable() na C:\projects\mysqlconnector\src\MySqlConnector\MySql.Data.MySqlClient\MySqlDataReader.cs:linha 245
   em System.Data.ProviderBase.SchemaMapping..ctor(DataAdapter adapter, DataSet dataset, DataTable datatable, DataReaderContainer dataReader, Boolean keyInfo, SchemaType schemaType, String sourceTableName, Boolean gettingData, DataColumn parentChapterColumn, Object parentChapterValue)
   em System.Data.Common.DataAdapter.FillMappingInternal(DataSet dataset, DataTable datatable, String srcTable, DataReaderContainer dataReader, Int32 schemaCount, DataColumn parentChapterColumn, Object parentChapterValue)
   em System.Data.Common.DataAdapter.FillMapping(DataSet dataset, DataTable datatable, String srcTable, DataReaderContainer dataReader, Int32 schemaCount, DataColumn parentChapterColumn, Object parentChapterValue)
   em System.Data.Common.DataAdapter.FillFromReader(DataSet dataset, DataTable datatable, String srcTable, DataReaderContainer dataReader, Int32 startRecord, Int32 maxRecords, DataColumn parentChapterColumn, Object parentChapterValue)
   em System.Data.Common.DataAdapter.Fill(DataTable[] dataTables, IDataReader dataReader, Int32 startRecord, Int32 maxRecords)
   em System.Data.DataTable.Load(IDataReader reader, LoadOption loadOption, FillErrorEventHandler errorHandler)
   em CSharpSeleniumTemplate.Helpers.DataBaseHelpers.RetornaDadosQuery(String query) na C:\Mantis2\csharpseleniumextentreporttemplate-master\CSharpSeleniumTemplate\Helpers\DataBaseHelpers.cs:linha 48
   em CSharpSeleniumTemplate.DataBaseSteps.TarefasDBSteps.RetornaTarefas(String descricaoTarefa, String resumoTarefa) na C:\Mantis2\csharpseleniumextentreporttemplate-master\CSharpSeleniumTemplate\DataBaseSteps\TarefasDBSteps.cs:linha 16
   em CSharpSeleniumTemplate.Tests.CriarTarefa.CadastrarTarefaTodosCampos(ArrayList testData) na C:\Mantis2\csharpseleniumextentreporttemplate-master\CSharpSeleniumTemplate\Tests\CriarTarefa.cs:linha 76]]></stack-trace>
              </failure>
            </test-case>
            <test-case id="0-1031" name="CadastrarTarefaTodosCampos(System.Collections.ArrayList)" fullname="CSharpSeleniumTemplate.Tests.CriarTarefa.CadastrarTarefaTodosCampos(System.Collections.ArrayList)" methodname="CadastrarTarefaTodosCampos" classname="CSharpSeleniumTemplate.Tests.CriarTarefa" runstate="Runnable" seed="1105835763" result="Failed" label="Error" start-time="2019-05-23 16:28:34Z" end-time="2019-05-23 16:28:44Z" duration="10.431083" asserts="1">
              <failure>
                <message><![CDATA[System.IO.FileLoadException : Não foi possível carregar arquivo ou assembly 'System.Data.Common, Version=4.2.0.0, Culture=neutral, PublicKeyToken=b03f5f7f11d50a3a' ou uma de suas dependências. A definição do manifesto do assembly localizado não corresponde à referência do assembly. (Exceção de HRESULT: 0x80131040)]]></message>
                <stack-trace><![CDATA[   em MySql.Data.MySqlClient.MySqlDataReader.BuildSchemaTable()
   em MySql.Data.MySqlClient.MySqlDataReader.GetSchemaTable() na C:\projects\mysqlconnector\src\MySqlConnector\MySql.Data.MySqlClient\MySqlDataReader.cs:linha 245
   em System.Data.ProviderBase.SchemaMapping..ctor(DataAdapter adapter, DataSet dataset, DataTable datatable, DataReaderContainer dataReader, Boolean keyInfo, SchemaType schemaType, String sourceTableName, Boolean gettingData, DataColumn parentChapterColumn, Object parentChapterValue)
   em System.Data.Common.DataAdapter.FillMappingInternal(DataSet dataset, DataTable datatable, String srcTable, DataReaderContainer dataReader, Int32 schemaCount, DataColumn parentChapterColumn, Object parentChapterValue)
   em System.Data.Common.DataAdapter.FillMapping(DataSet dataset, DataTable datatable, String srcTable, DataReaderContainer dataReader, Int32 schemaCount, DataColumn parentChapterColumn, Object parentChapterValue)
   em System.Data.Common.DataAdapter.FillFromReader(DataSet dataset, DataTable datatable, String srcTable, DataReaderContainer dataReader, Int32 startRecord, Int32 maxRecords, DataColumn parentChapterColumn, Object parentChapterValue)
   em System.Data.Common.DataAdapter.Fill(DataTable[] dataTables, IDataReader dataReader, Int32 startRecord, Int32 maxRecords)
   em System.Data.DataTable.Load(IDataReader reader, LoadOption loadOption, FillErrorEventHandler errorHandler)
   em CSharpSeleniumTemplate.Helpers.DataBaseHelpers.RetornaDadosQuery(String query) na C:\Mantis2\csharpseleniumextentreporttemplate-master\CSharpSeleniumTemplate\Helpers\DataBaseHelpers.cs:linha 48
   em CSharpSeleniumTemplate.DataBaseSteps.TarefasDBSteps.RetornaTarefas(String descricaoTarefa, String resumoTarefa) na C:\Mantis2\csharpseleniumextentreporttemplate-master\CSharpSeleniumTemplate\DataBaseSteps\TarefasDBSteps.cs:linha 16
   em CSharpSeleniumTemplate.Tests.CriarTarefa.CadastrarTarefaTodosCampos(ArrayList testData) na C:\Mantis2\csharpseleniumextentreporttemplate-master\CSharpSeleniumTemplate\Tests\CriarTarefa.cs:linha 76]]></stack-trace>
              </failure>
            </test-case>
            <test-case id="0-1032" name="CadastrarTarefaTodosCampos(System.Collections.ArrayList)" fullname="CSharpSeleniumTemplate.Tests.CriarTarefa.CadastrarTarefaTodosCampos(System.Collections.ArrayList)" methodname="CadastrarTarefaTodosCampos" classname="CSharpSeleniumTemplate.Tests.CriarTarefa" runstate="Runnable" seed="1963973775" result="Failed" label="Error" start-time="2019-05-23 16:28:44Z" end-time="2019-05-23 16:28:55Z" duration="10.779815" asserts="1">
              <failure>
                <message><![CDATA[System.IO.FileLoadException : Não foi possível carregar arquivo ou assembly 'System.Data.Common, Version=4.2.0.0, Culture=neutral, PublicKeyToken=b03f5f7f11d50a3a' ou uma de suas dependências. A definição do manifesto do assembly localizado não corresponde à referência do assembly. (Exceção de HRESULT: 0x80131040)]]></message>
                <stack-trace><![CDATA[   em MySql.Data.MySqlClient.MySqlDataReader.BuildSchemaTable()
   em MySql.Data.MySqlClient.MySqlDataReader.GetSchemaTable() na C:\projects\mysqlconnector\src\MySqlConnector\MySql.Data.MySqlClient\MySqlDataReader.cs:linha 245
   em System.Data.ProviderBase.SchemaMapping..ctor(DataAdapter adapter, DataSet dataset, DataTable datatable, DataReaderContainer dataReader, Boolean keyInfo, SchemaType schemaType, String sourceTableName, Boolean gettingData, DataColumn parentChapterColumn, Object parentChapterValue)
   em System.Data.Common.DataAdapter.FillMappingInternal(DataSet dataset, DataTable datatable, String srcTable, DataReaderContainer dataReader, Int32 schemaCount, DataColumn parentChapterColumn, Object parentChapterValue)
   em System.Data.Common.DataAdapter.FillMapping(DataSet dataset, DataTable datatable, String srcTable, DataReaderContainer dataReader, Int32 schemaCount, DataColumn parentChapterColumn, Object parentChapterValue)
   em System.Data.Common.DataAdapter.FillFromReader(DataSet dataset, DataTable datatable, String srcTable, DataReaderContainer dataReader, Int32 startRecord, Int32 maxRecords, DataColumn parentChapterColumn, Object parentChapterValue)
   em System.Data.Common.DataAdapter.Fill(DataTable[] dataTables, IDataReader dataReader, Int32 startRecord, Int32 maxRecords)
   em System.Data.DataTable.Load(IDataReader reader, LoadOption loadOption, FillErrorEventHandler errorHandler)
   em CSharpSeleniumTemplate.Helpers.DataBaseHelpers.RetornaDadosQuery(String query) na C:\Mantis2\csharpseleniumextentreporttemplate-master\CSharpSeleniumTemplate\Helpers\DataBaseHelpers.cs:linha 48
   em CSharpSeleniumTemplate.DataBaseSteps.TarefasDBSteps.RetornaTarefas(String descricaoTarefa, String resumoTarefa) na C:\Mantis2\csharpseleniumextentreporttemplate-master\CSharpSeleniumTemplate\DataBaseSteps\TarefasDBSteps.cs:linha 16
   em CSharpSeleniumTemplate.Tests.CriarTarefa.CadastrarTarefaTodosCampos(ArrayList testData) na C:\Mantis2\csharpseleniumextentreporttemplate-master\CSharpSeleniumTemplate\Tests\CriarTarefa.cs:linha 76]]></stack-trace>
              </failure>
            </test-case>
            <test-case id="0-1033" name="CadastrarTarefaTodosCampos(System.Collections.ArrayList)" fullname="CSharpSeleniumTemplate.Tests.CriarTarefa.CadastrarTarefaTodosCampos(System.Collections.ArrayList)" methodname="CadastrarTarefaTodosCampos" classname="CSharpSeleniumTemplate.Tests.CriarTarefa" runstate="Runnable" seed="605709895" result="Failed" label="Error" start-time="2019-05-23 16:28:55Z" end-time="2019-05-23 16:29:06Z" duration="10.938659" asserts="1">
              <failure>
                <message><![CDATA[System.IO.FileLoadException : Não foi possível carregar arquivo ou assembly 'System.Data.Common, Version=4.2.0.0, Culture=neutral, PublicKeyToken=b03f5f7f11d50a3a' ou uma de suas dependências. A definição do manifesto do assembly localizado não corresponde à referência do assembly. (Exceção de HRESULT: 0x80131040)]]></message>
                <stack-trace><![CDATA[   em MySql.Data.MySqlClient.MySqlDataReader.BuildSchemaTable()
   em MySql.Data.MySqlClient.MySqlDataReader.GetSchemaTable() na C:\projects\mysqlconnector\src\MySqlConnector\MySql.Data.MySqlClient\MySqlDataReader.cs:linha 245
   em System.Data.ProviderBase.SchemaMapping..ctor(DataAdapter adapter, DataSet dataset, DataTable datatable, DataReaderContainer dataReader, Boolean keyInfo, SchemaType schemaType, String sourceTableName, Boolean gettingData, DataColumn parentChapterColumn, Object parentChapterValue)
   em System.Data.Common.DataAdapter.FillMappingInternal(DataSet dataset, DataTable datatable, String srcTable, DataReaderContainer dataReader, Int32 schemaCount, DataColumn parentChapterColumn, Object parentChapterValue)
   em System.Data.Common.DataAdapter.FillMapping(DataSet dataset, DataTable datatable, String srcTable, DataReaderContainer dataReader, Int32 schemaCount, DataColumn parentChapterColumn, Object parentChapterValue)
   em System.Data.Common.DataAdapter.FillFromReader(DataSet dataset, DataTable datatable, String srcTable, DataReaderContainer dataReader, Int32 startRecord, Int32 maxRecords, DataColumn parentChapterColumn, Object parentChapterValue)
   em System.Data.Common.DataAdapter.Fill(DataTable[] dataTables, IDataReader dataReader, Int32 startRecord, Int32 maxRecords)
   em System.Data.DataTable.Load(IDataReader reader, LoadOption loadOption, FillErrorEventHandler errorHandler)
   em CSharpSeleniumTemplate.Helpers.DataBaseHelpers.RetornaDadosQuery(String query) na C:\Mantis2\csharpseleniumextentreporttemplate-master\CSharpSeleniumTemplate\Helpers\DataBaseHelpers.cs:linha 48
   em CSharpSeleniumTemplate.DataBaseSteps.TarefasDBSteps.RetornaTarefas(String descricaoTarefa, String resumoTarefa) na C:\Mantis2\csharpseleniumextentreporttemplate-master\CSharpSeleniumTemplate\DataBaseSteps\TarefasDBSteps.cs:linha 16
   em CSharpSeleniumTemplate.Tests.CriarTarefa.CadastrarTarefaTodosCampos(ArrayList testData) na C:\Mantis2\csharpseleniumextentreporttemplate-master\CSharpSeleniumTemplate\Tests\CriarTarefa.cs:linha 76]]></stack-trace>
              </failure>
            </test-case>
          </test-suite>
          <test-case id="0-1037" name="CampoDescricaoNaoPreenchido" fullname="CSharpSeleniumTemplate.Tests.CriarTarefa.CampoDescricaoNaoPreenchido" methodname="CampoDescricaoNaoPreenchido" classname="CSharpSeleniumTemplate.Tests.CriarTarefa" runstate="Runnable" seed="1254162878" result="Passed" start-time="2019-05-23 16:29:06Z" end-time="2019-05-23 16:29:15Z" duration="9.366582" asserts="1" />
          <test-case id="0-1036" name="CampoResumoNaoPreenchido" fullname="CSharpSeleniumTemplate.Tests.CriarTarefa.CampoResumoNaoPreenchido" methodname="CampoResumoNaoPreenchido" classname="CSharpSeleniumTemplate.Tests.CriarTarefa" runstate="Runnable" seed="180312069" result="Passed" start-time="2019-05-23 16:29:15Z" end-time="2019-05-23 16:29:24Z" duration="9.185092" asserts="1" />
        </test-suite>
        <test-suite type="TestFixture" id="0-1000" name="GerenciarCamposPersonalizados" fullname="CSharpSeleniumTemplate.Tests.GerenciarCamposPersonalizados" classname="CSharpSeleniumTemplate.Tests.GerenciarCamposPersonalizados" runstate="Runnable" testcasecount="5" result="Failed" site="Child" start-time="2019-05-23 16:29:30Z" end-time="2019-05-23 16:30:29Z" duration="59.214455" total="5" passed="2" failed="3" warnings="0" inconclusive="0" skipped="0" asserts="5">
          <failure>
            <message><![CDATA[One or more child tests had errors]]></message>
          </failure>
          <test-case id="0-1005" name="ApagarCampoPersonalizado" fullname="CSharpSeleniumTemplate.Tests.GerenciarCamposPersonalizados.ApagarCampoPersonalizado" methodname="ApagarCampoPersonalizado" classname="CSharpSeleniumTemplate.Tests.GerenciarCamposPersonalizados" runstate="Runnable" seed="1116319841" result="Failed" label="Error" start-time="2019-05-23 16:29:30Z" end-time="2019-05-23 16:29:43Z" duration="13.423884" asserts="1">
            <failure>
              <message><![CDATA[System.IO.FileLoadException : Não foi possível carregar arquivo ou assembly 'System.Data.Common, Version=4.2.0.0, Culture=neutral, PublicKeyToken=b03f5f7f11d50a3a' ou uma de suas dependências. A definição do manifesto do assembly localizado não corresponde à referência do assembly. (Exceção de HRESULT: 0x80131040)]]></message>
              <stack-trace><![CDATA[   em MySql.Data.MySqlClient.MySqlDataReader.BuildSchemaTable()
   em MySql.Data.MySqlClient.MySqlDataReader.GetSchemaTable() na C:\projects\mysqlconnector\src\MySqlConnector\MySql.Data.MySqlClient\MySqlDataReader.cs:linha 245
   em System.Data.ProviderBase.SchemaMapping..ctor(DataAdapter adapter, DataSet dataset, DataTable datatable, DataReaderContainer dataReader, Boolean keyInfo, SchemaType schemaType, String sourceTableName, Boolean gettingData, DataColumn parentChapterColumn, Object parentChapterValue)
   em System.Data.Common.DataAdapter.FillMappingInternal(DataSet dataset, DataTable datatable, String srcTable, DataReaderContainer dataReader, Int32 schemaCount, DataColumn parentChapterColumn, Object parentChapterValue)
   em System.Data.Common.DataAdapter.FillMapping(DataSet dataset, DataTable datatable, String srcTable, DataReaderContainer dataReader, Int32 schemaCount, DataColumn parentChapterColumn, Object parentChapterValue)
   em System.Data.Common.DataAdapter.FillFromReader(DataSet dataset, DataTable datatable, String srcTable, DataReaderContainer dataReader, Int32 startRecord, Int32 maxRecords, DataColumn parentChapterColumn, Object parentChapterValue)
   em System.Data.Common.DataAdapter.Fill(DataTable[] dataTables, IDataReader dataReader, Int32 startRecord, Int32 maxRecords)
   em System.Data.DataTable.Load(IDataReader reader, LoadOption loadOption, FillErrorEventHandler errorHandler)
   em CSharpSeleniumTemplate.Helpers.DataBaseHelpers.RetornaDadosQuery(String query) na C:\Mantis2\csharpseleniumextentreporttemplate-master\CSharpSeleniumTemplate\Helpers\DataBaseHelpers.cs:linha 48
   em CSharpSeleniumTemplate.DataBaseSteps.CamposPersonalizadosDBSteps.RetornaCampo(String nomeCampo) na C:\Mantis2\csharpseleniumextentreporttemplate-master\CSharpSeleniumTemplate\DataBaseSteps\CamposPersonalizadosDBSteps.cs:linha 26
   em CSharpSeleniumTemplate.Tests.GerenciarCamposPersonalizados.ApagarCampoPersonalizado() na C:\Mantis2\csharpseleniumextentreporttemplate-master\CSharpSeleniumTemplate\Tests\GerenciarCamposPersonalizados.cs:linha 102]]></stack-trace>
            </failure>
          </test-case>
          <test-case id="0-1001" name="CadastrarCampoPersonalizado" fullname="CSharpSeleniumTemplate.Tests.GerenciarCamposPersonalizados.CadastrarCampoPersonalizado" methodname="CadastrarCampoPersonalizado" classname="CSharpSeleniumTemplate.Tests.GerenciarCamposPersonalizados" runstate="Runnable" seed="709505545" result="Failed" label="Error" start-time="2019-05-23 16:29:43Z" end-time="2019-05-23 16:29:54Z" duration="10.325259" asserts="1">
            <failure>
              <message><![CDATA[System.IO.FileLoadException : Não foi possível carregar arquivo ou assembly 'System.Data.Common, Version=4.2.0.0, Culture=neutral, PublicKeyToken=b03f5f7f11d50a3a' ou uma de suas dependências. A definição do manifesto do assembly localizado não corresponde à referência do assembly. (Exceção de HRESULT: 0x80131040)]]></message>
              <stack-trace><![CDATA[   em MySql.Data.MySqlClient.MySqlDataReader.BuildSchemaTable()
   em MySql.Data.MySqlClient.MySqlDataReader.GetSchemaTable() na C:\projects\mysqlconnector\src\MySqlConnector\MySql.Data.MySqlClient\MySqlDataReader.cs:linha 245
   em System.Data.ProviderBase.SchemaMapping..ctor(DataAdapter adapter, DataSet dataset, DataTable datatable, DataReaderContainer dataReader, Boolean keyInfo, SchemaType schemaType, String sourceTableName, Boolean gettingData, DataColumn parentChapterColumn, Object parentChapterValue)
   em System.Data.Common.DataAdapter.FillMappingInternal(DataSet dataset, DataTable datatable, String srcTable, DataReaderContainer dataReader, Int32 schemaCount, DataColumn parentChapterColumn, Object parentChapterValue)
   em System.Data.Common.DataAdapter.FillMapping(DataSet dataset, DataTable datatable, String srcTable, DataReaderContainer dataReader, Int32 schemaCount, DataColumn parentChapterColumn, Object parentChapterValue)
   em System.Data.Common.DataAdapter.FillFromReader(DataSet dataset, DataTable datatable, String srcTable, DataReaderContainer dataReader, Int32 startRecord, Int32 maxRecords, DataColumn parentChapterColumn, Object parentChapterValue)
   em System.Data.Common.DataAdapter.Fill(DataTable[] dataTables, IDataReader dataReader, Int32 startRecord, Int32 maxRecords)
   em System.Data.DataTable.Load(IDataReader reader, LoadOption loadOption, FillErrorEventHandler errorHandler)
   em CSharpSeleniumTemplate.Helpers.DataBaseHelpers.RetornaDadosQuery(String query) na C:\Mantis2\csharpseleniumextentreporttemplate-master\CSharpSeleniumTemplate\Helpers\DataBaseHelpers.cs:linha 48
   em CSharpSeleniumTemplate.DataBaseSteps.CamposPersonalizadosDBSteps.RetornaCampo(String nomeCampo) na C:\Mantis2\csharpseleniumextentreporttemplate-master\CSharpSeleniumTemplate\DataBaseSteps\CamposPersonalizadosDBSteps.cs:linha 26
   em CSharpSeleniumTemplate.Tests.GerenciarCamposPersonalizados.CadastrarCampoPersonalizado() na C:\Mantis2\csharpseleniumextentreporttemplate-master\CSharpSeleniumTemplate\Tests\GerenciarCamposPersonalizados.cs:linha 37]]></stack-trace>
            </failure>
          </test-case>
          <test-case id="0-1002" name="CampoObrigatorioNaoInformado" fullname="CSharpSeleniumTemplate.Tests.GerenciarCamposPersonalizados.CampoObrigatorioNaoInformado" methodname="CampoObrigatorioNaoInformado" classname="CSharpSeleniumTemplate.Tests.GerenciarCamposPersonalizados" runstate="Runnable" seed="483948499" result="Passed" start-time="2019-05-23 16:29:54Z" end-time="2019-05-23 16:30:03Z" duration="9.350377" asserts="1" />
          <test-case id="0-1003" name="CampoPersonalizadoJaCadastrado" fullname="CSharpSeleniumTemplate.Tests.GerenciarCamposPersonalizados.CampoPersonalizadoJaCadastrado" methodname="CampoPersonalizadoJaCadastrado" classname="CSharpSeleniumTemplate.Tests.GerenciarCamposPersonalizados" runstate="Runnable" seed="973430722" result="Passed" start-time="2019-05-23 16:30:03Z" end-time="2019-05-23 16:30:14Z" duration="11.060684" asserts="1" />
          <test-case id="0-1004" name="EditarCampoPersonalizado" fullname="CSharpSeleniumTemplate.Tests.GerenciarCamposPersonalizados.EditarCampoPersonalizado" methodname="EditarCampoPersonalizado" classname="CSharpSeleniumTemplate.Tests.GerenciarCamposPersonalizados" runstate="Runnable" seed="1709112719" result="Failed" label="Error" start-time="2019-05-23 16:30:14Z" end-time="2019-05-23 16:30:29Z" duration="15.039800" asserts="1">
            <failure>
              <message><![CDATA[System.IO.FileLoadException : Não foi possível carregar arquivo ou assembly 'System.Data.Common, Version=4.2.0.0, Culture=neutral, PublicKeyToken=b03f5f7f11d50a3a' ou uma de suas dependências. A definição do manifesto do assembly localizado não corresponde à referência do assembly. (Exceção de HRESULT: 0x80131040)]]></message>
              <stack-trace><![CDATA[   em MySql.Data.MySqlClient.MySqlDataReader.BuildSchemaTable()
   em MySql.Data.MySqlClient.MySqlDataReader.GetSchemaTable() na C:\projects\mysqlconnector\src\MySqlConnector\MySql.Data.MySqlClient\MySqlDataReader.cs:linha 245
   em System.Data.ProviderBase.SchemaMapping..ctor(DataAdapter adapter, DataSet dataset, DataTable datatable, DataReaderContainer dataReader, Boolean keyInfo, SchemaType schemaType, String sourceTableName, Boolean gettingData, DataColumn parentChapterColumn, Object parentChapterValue)
   em System.Data.Common.DataAdapter.FillMappingInternal(DataSet dataset, DataTable datatable, String srcTable, DataReaderContainer dataReader, Int32 schemaCount, DataColumn parentChapterColumn, Object parentChapterValue)
   em System.Data.Common.DataAdapter.FillMapping(DataSet dataset, DataTable datatable, String srcTable, DataReaderContainer dataReader, Int32 schemaCount, DataColumn parentChapterColumn, Object parentChapterValue)
   em System.Data.Common.DataAdapter.FillFromReader(DataSet dataset, DataTable datatable, String srcTable, DataReaderContainer dataReader, Int32 startRecord, Int32 maxRecords, DataColumn parentChapterColumn, Object parentChapterValue)
   em System.Data.Common.DataAdapter.Fill(DataTable[] dataTables, IDataReader dataReader, Int32 startRecord, Int32 maxRecords)
   em System.Data.DataTable.Load(IDataReader reader, LoadOption loadOption, FillErrorEventHandler errorHandler)
   em CSharpSeleniumTemplate.Helpers.DataBaseHelpers.RetornaDadosQuery(String query) na C:\Mantis2\csharpseleniumextentreporttemplate-master\CSharpSeleniumTemplate\Helpers\DataBaseHelpers.cs:linha 48
   em CSharpSeleniumTemplate.DataBaseSteps.CamposPersonalizadosDBSteps.RetornaCampo(String nomeCampo) na C:\Mantis2\csharpseleniumextentreporttemplate-master\CSharpSeleniumTemplate\DataBaseSteps\CamposPersonalizadosDBSteps.cs:linha 26
   em CSharpSeleniumTemplate.Tests.GerenciarCamposPersonalizados.EditarCampoPersonalizado() na C:\Mantis2\csharpseleniumextentreporttemplate-master\CSharpSeleniumTemplate\Tests\GerenciarCamposPersonalizados.cs:linha 84]]></stack-trace>
            </failure>
          </test-case>
        </test-suite>
        <test-suite type="TestFixture" id="0-1038" name="GerenciarCategorias" fullname="CSharpSeleniumTemplate.Tests.GerenciarCategorias" classname="CSharpSeleniumTemplate.Tests.GerenciarCategorias" runstate="Runnable" testcasecount="5" result="Failed" site="Child" start-time="2019-05-23 16:30:29Z" end-time="2019-05-23 16:31:26Z" duration="57.410523" total="5" passed="2" failed="3" warnings="0" inconclusive="0" skipped="0" asserts="3">
          <failure>
            <message><![CDATA[One or more child tests had errors]]></message>
          </failure>
          <test-case id="0-1043" name="ApagarCategoria" fullname="CSharpSeleniumTemplate.Tests.GerenciarCategorias.ApagarCategoria" methodname="ApagarCategoria" classname="CSharpSeleniumTemplate.Tests.GerenciarCategorias" runstate="Runnable" seed="898309556" result="Failed" label="Error" start-time="2019-05-23 16:30:29Z" end-time="2019-05-23 16:30:43Z" duration="13.963496" asserts="0">
            <failure>
              <message><![CDATA[System.IO.FileLoadException : Não foi possível carregar arquivo ou assembly 'System.Data.Common, Version=4.2.0.0, Culture=neutral, PublicKeyToken=b03f5f7f11d50a3a' ou uma de suas dependências. A definição do manifesto do assembly localizado não corresponde à referência do assembly. (Exceção de HRESULT: 0x80131040)]]></message>
              <stack-trace><![CDATA[   em MySql.Data.MySqlClient.MySqlDataReader.BuildSchemaTable()
   em MySql.Data.MySqlClient.MySqlDataReader.GetSchemaTable() na C:\projects\mysqlconnector\src\MySqlConnector\MySql.Data.MySqlClient\MySqlDataReader.cs:linha 245
   em System.Data.ProviderBase.SchemaMapping..ctor(DataAdapter adapter, DataSet dataset, DataTable datatable, DataReaderContainer dataReader, Boolean keyInfo, SchemaType schemaType, String sourceTableName, Boolean gettingData, DataColumn parentChapterColumn, Object parentChapterValue)
   em System.Data.Common.DataAdapter.FillMappingInternal(DataSet dataset, DataTable datatable, String srcTable, DataReaderContainer dataReader, Int32 schemaCount, DataColumn parentChapterColumn, Object parentChapterValue)
   em System.Data.Common.DataAdapter.FillMapping(DataSet dataset, DataTable datatable, String srcTable, DataReaderContainer dataReader, Int32 schemaCount, DataColumn parentChapterColumn, Object parentChapterValue)
   em System.Data.Common.DataAdapter.FillFromReader(DataSet dataset, DataTable datatable, String srcTable, DataReaderContainer dataReader, Int32 startRecord, Int32 maxRecords, DataColumn parentChapterColumn, Object parentChapterValue)
   em System.Data.Common.DataAdapter.Fill(DataTable[] dataTables, IDataReader dataReader, Int32 startRecord, Int32 maxRecords)
   em System.Data.DataTable.Load(IDataReader reader, LoadOption loadOption, FillErrorEventHandler errorHandler)
   em CSharpSeleniumTemplate.Helpers.DataBaseHelpers.RetornaDadosQuery(String query) na C:\Mantis2\csharpseleniumextentreporttemplate-master\CSharpSeleniumTemplate\Helpers\DataBaseHelpers.cs:linha 48
   em CSharpSeleniumTemplate.DataBaseSteps.CategoriasDBSteps.RetornaCategoria(String nomecategoria) na C:\Mantis2\csharpseleniumextentreporttemplate-master\CSharpSeleniumTemplate\DataBaseSteps\CategoriasDBSteps.cs:linha 26
   em CSharpSeleniumTemplate.Tests.GerenciarCategorias.ApagarCategoria() na C:\Mantis2\csharpseleniumextentreporttemplate-master\CSharpSeleniumTemplate\Tests\GerenciarCategorias.cs:linha 100]]></stack-trace>
            </failure>
          </test-case>
          <test-case id="0-1039" name="CadastrarCategoria" fullname="CSharpSeleniumTemplate.Tests.GerenciarCategorias.CadastrarCategoria" methodname="CadastrarCategoria" classname="CSharpSeleniumTemplate.Tests.GerenciarCategorias" runstate="Runnable" seed="1760360061" result="Failed" label="Error" start-time="2019-05-23 16:30:43Z" end-time="2019-05-23 16:30:54Z" duration="10.718685" asserts="0">
            <failure>
              <message><![CDATA[System.IO.FileLoadException : Não foi possível carregar arquivo ou assembly 'System.Data.Common, Version=4.2.0.0, Culture=neutral, PublicKeyToken=b03f5f7f11d50a3a' ou uma de suas dependências. A definição do manifesto do assembly localizado não corresponde à referência do assembly. (Exceção de HRESULT: 0x80131040)]]></message>
              <stack-trace><![CDATA[   em MySql.Data.MySqlClient.MySqlDataReader.BuildSchemaTable()
   em MySql.Data.MySqlClient.MySqlDataReader.GetSchemaTable() na C:\projects\mysqlconnector\src\MySqlConnector\MySql.Data.MySqlClient\MySqlDataReader.cs:linha 245
   em System.Data.ProviderBase.SchemaMapping..ctor(DataAdapter adapter, DataSet dataset, DataTable datatable, DataReaderContainer dataReader, Boolean keyInfo, SchemaType schemaType, String sourceTableName, Boolean gettingData, DataColumn parentChapterColumn, Object parentChapterValue)
   em System.Data.Common.DataAdapter.FillMappingInternal(DataSet dataset, DataTable datatable, String srcTable, DataReaderContainer dataReader, Int32 schemaCount, DataColumn parentChapterColumn, Object parentChapterValue)
   em System.Data.Common.DataAdapter.FillMapping(DataSet dataset, DataTable datatable, String srcTable, DataReaderContainer dataReader, Int32 schemaCount, DataColumn parentChapterColumn, Object parentChapterValue)
   em System.Data.Common.DataAdapter.FillFromReader(DataSet dataset, DataTable datatable, String srcTable, DataReaderContainer dataReader, Int32 startRecord, Int32 maxRecords, DataColumn parentChapterColumn, Object parentChapterValue)
   em System.Data.Common.DataAdapter.Fill(DataTable[] dataTables, IDataReader dataReader, Int32 startRecord, Int32 maxRecords)
   em System.Data.DataTable.Load(IDataReader reader, LoadOption loadOption, FillErrorEventHandler errorHandler)
   em CSharpSeleniumTemplate.Helpers.DataBaseHelpers.RetornaDadosQuery(String query) na C:\Mantis2\csharpseleniumextentreporttemplate-master\CSharpSeleniumTemplate\Helpers\DataBaseHelpers.cs:linha 48
   em CSharpSeleniumTemplate.DataBaseSteps.CategoriasDBSteps.RetornaCategoria(String nomecategoria) na C:\Mantis2\csharpseleniumextentreporttemplate-master\CSharpSeleniumTemplate\DataBaseSteps\CategoriasDBSteps.cs:linha 26
   em CSharpSeleniumTemplate.Tests.GerenciarCategorias.CadastrarCategoria() na C:\Mantis2\csharpseleniumextentreporttemplate-master\CSharpSeleniumTemplate\Tests\GerenciarCategorias.cs:linha 34]]></stack-trace>
            </failure>
          </test-case>
          <test-case id="0-1041" name="CampoObrigatorioNaoPreenchido" fullname="CSharpSeleniumTemplate.Tests.GerenciarCategorias.CampoObrigatorioNaoPreenchido" methodname="CampoObrigatorioNaoPreenchido" classname="CSharpSeleniumTemplate.Tests.GerenciarCategorias" runstate="Runnable" seed="244013893" result="Passed" start-time="2019-05-23 16:30:54Z" end-time="2019-05-23 16:31:04Z" duration="10.052043" asserts="1" />
          <test-case id="0-1040" name="CategoriaJaCadastrada" fullname="CSharpSeleniumTemplate.Tests.GerenciarCategorias.CategoriaJaCadastrada" methodname="CategoriaJaCadastrada" classname="CSharpSeleniumTemplate.Tests.GerenciarCategorias" runstate="Runnable" seed="1605038570" result="Passed" start-time="2019-05-23 16:31:04Z" end-time="2019-05-23 16:31:14Z" duration="10.443657" asserts="1" />
          <test-case id="0-1042" name="EditarCategoria" fullname="CSharpSeleniumTemplate.Tests.GerenciarCategorias.EditarCategoria" methodname="EditarCategoria" classname="CSharpSeleniumTemplate.Tests.GerenciarCategorias" runstate="Runnable" seed="581989464" result="Failed" label="Error" start-time="2019-05-23 16:31:14Z" end-time="2019-05-23 16:31:26Z" duration="12.218233" asserts="1">
            <failure>
              <message><![CDATA[System.IO.FileLoadException : Não foi possível carregar arquivo ou assembly 'System.Data.Common, Version=4.2.0.0, Culture=neutral, PublicKeyToken=b03f5f7f11d50a3a' ou uma de suas dependências. A definição do manifesto do assembly localizado não corresponde à referência do assembly. (Exceção de HRESULT: 0x80131040)]]></message>
              <stack-trace><![CDATA[   em MySql.Data.MySqlClient.MySqlDataReader.BuildSchemaTable()
   em MySql.Data.MySqlClient.MySqlDataReader.GetSchemaTable() na C:\projects\mysqlconnector\src\MySqlConnector\MySql.Data.MySqlClient\MySqlDataReader.cs:linha 245
   em System.Data.ProviderBase.SchemaMapping..ctor(DataAdapter adapter, DataSet dataset, DataTable datatable, DataReaderContainer dataReader, Boolean keyInfo, SchemaType schemaType, String sourceTableName, Boolean gettingData, DataColumn parentChapterColumn, Object parentChapterValue)
   em System.Data.Common.DataAdapter.FillMappingInternal(DataSet dataset, DataTable datatable, String srcTable, DataReaderContainer dataReader, Int32 schemaCount, DataColumn parentChapterColumn, Object parentChapterValue)
   em System.Data.Common.DataAdapter.FillMapping(DataSet dataset, DataTable datatable, String srcTable, DataReaderContainer dataReader, Int32 schemaCount, DataColumn parentChapterColumn, Object parentChapterValue)
   em System.Data.Common.DataAdapter.FillFromReader(DataSet dataset, DataTable datatable, String srcTable, DataReaderContainer dataReader, Int32 startRecord, Int32 maxRecords, DataColumn parentChapterColumn, Object parentChapterValue)
   em System.Data.Common.DataAdapter.Fill(DataTable[] dataTables, IDataReader dataReader, Int32 startRecord, Int32 maxRecords)
   em System.Data.DataTable.Load(IDataReader reader, LoadOption loadOption, FillErrorEventHandler errorHandler)
   em CSharpSeleniumTemplate.Helpers.DataBaseHelpers.RetornaDadosQuery(String query) na C:\Mantis2\csharpseleniumextentreporttemplate-master\CSharpSeleniumTemplate\Helpers\DataBaseHelpers.cs:linha 48
   em CSharpSeleniumTemplate.DataBaseSteps.CategoriasDBSteps.RetornaCategoria(String nomecategoria) na C:\Mantis2\csharpseleniumextentreporttemplate-master\CSharpSeleniumTemplate\DataBaseSteps\CategoriasDBSteps.cs:linha 26
   em CSharpSeleniumTemplate.Tests.GerenciarCategorias.EditarCategoria() na C:\Mantis2\csharpseleniumextentreporttemplate-master\CSharpSeleniumTemplate\Tests\GerenciarCategorias.cs:linha 82]]></stack-trace>
            </failure>
          </test-case>
        </test-suite>
        <test-suite type="TestFixture" id="0-1006" name="GerenciarMarcadores" fullname="CSharpSeleniumTemplate.Tests.GerenciarMarcadores" classname="CSharpSeleniumTemplate.Tests.GerenciarMarcadores" runstate="Runnable" testcasecount="5" result="Failed" site="Child" start-time="2019-05-23 16:31:26Z" end-time="2019-05-23 16:32:25Z" duration="58.028456" total="5" passed="2" failed="3" warnings="0" inconclusive="0" skipped="0" asserts="2">
          <failure>
            <message><![CDATA[One or more child tests had errors]]></message>
          </failure>
          <test-case id="0-1010" name="ApagarMarcador" fullname="CSharpSeleniumTemplate.Tests.GerenciarMarcadores.ApagarMarcador" methodname="ApagarMarcador" classname="CSharpSeleniumTemplate.Tests.GerenciarMarcadores" runstate="Runnable" seed="1714701377" result="Failed" label="Error" start-time="2019-05-23 16:31:26Z" end-time="2019-05-23 16:31:39Z" duration="12.152987" asserts="0">
            <failure>
              <message><![CDATA[System.IO.FileLoadException : Não foi possível carregar arquivo ou assembly 'System.Data.Common, Version=4.2.0.0, Culture=neutral, PublicKeyToken=b03f5f7f11d50a3a' ou uma de suas dependências. A definição do manifesto do assembly localizado não corresponde à referência do assembly. (Exceção de HRESULT: 0x80131040)]]></message>
              <stack-trace><![CDATA[   em MySql.Data.MySqlClient.MySqlDataReader.BuildSchemaTable()
   em MySql.Data.MySqlClient.MySqlDataReader.GetSchemaTable() na C:\projects\mysqlconnector\src\MySqlConnector\MySql.Data.MySqlClient\MySqlDataReader.cs:linha 245
   em System.Data.ProviderBase.SchemaMapping..ctor(DataAdapter adapter, DataSet dataset, DataTable datatable, DataReaderContainer dataReader, Boolean keyInfo, SchemaType schemaType, String sourceTableName, Boolean gettingData, DataColumn parentChapterColumn, Object parentChapterValue)
   em System.Data.Common.DataAdapter.FillMappingInternal(DataSet dataset, DataTable datatable, String srcTable, DataReaderContainer dataReader, Int32 schemaCount, DataColumn parentChapterColumn, Object parentChapterValue)
   em System.Data.Common.DataAdapter.FillMapping(DataSet dataset, DataTable datatable, String srcTable, DataReaderContainer dataReader, Int32 schemaCount, DataColumn parentChapterColumn, Object parentChapterValue)
   em System.Data.Common.DataAdapter.FillFromReader(DataSet dataset, DataTable datatable, String srcTable, DataReaderContainer dataReader, Int32 startRecord, Int32 maxRecords, DataColumn parentChapterColumn, Object parentChapterValue)
   em System.Data.Common.DataAdapter.Fill(DataTable[] dataTables, IDataReader dataReader, Int32 startRecord, Int32 maxRecords)
   em System.Data.DataTable.Load(IDataReader reader, LoadOption loadOption, FillErrorEventHandler errorHandler)
   em CSharpSeleniumTemplate.Helpers.DataBaseHelpers.RetornaDadosQuery(String query) na C:\Mantis2\csharpseleniumextentreporttemplate-master\CSharpSeleniumTemplate\Helpers\DataBaseHelpers.cs:linha 48
   em CSharpSeleniumTemplate.DataBaseSteps.MarcadoresDBSteps.RetornaMarcado(String nomemarcador) na C:\Mantis2\csharpseleniumextentreporttemplate-master\CSharpSeleniumTemplate\DataBaseSteps\MarcadoresDBSteps.cs:linha 21
   em CSharpSeleniumTemplate.Tests.GerenciarMarcadores.ApagarMarcador() na C:\Mantis2\csharpseleniumextentreporttemplate-master\CSharpSeleniumTemplate\Tests\GerenciarMarcadores.cs:linha 86]]></stack-trace>
            </failure>
          </test-case>
          <test-case id="0-1007" name="CadastrarMarcador" fullname="CSharpSeleniumTemplate.Tests.GerenciarMarcadores.CadastrarMarcador" methodname="CadastrarMarcador" classname="CSharpSeleniumTemplate.Tests.GerenciarMarcadores" runstate="Runnable" seed="1630118382" result="Failed" label="Error" start-time="2019-05-23 16:31:39Z" end-time="2019-05-23 16:31:48Z" duration="9.630921" asserts="0">
            <failure>
              <message><![CDATA[System.IO.FileLoadException : Não foi possível carregar arquivo ou assembly 'System.Data.Common, Version=4.2.0.0, Culture=neutral, PublicKeyToken=b03f5f7f11d50a3a' ou uma de suas dependências. A definição do manifesto do assembly localizado não corresponde à referência do assembly. (Exceção de HRESULT: 0x80131040)]]></message>
              <stack-trace><![CDATA[   em MySql.Data.MySqlClient.MySqlDataReader.BuildSchemaTable()
   em MySql.Data.MySqlClient.MySqlDataReader.GetSchemaTable() na C:\projects\mysqlconnector\src\MySqlConnector\MySql.Data.MySqlClient\MySqlDataReader.cs:linha 245
   em System.Data.ProviderBase.SchemaMapping..ctor(DataAdapter adapter, DataSet dataset, DataTable datatable, DataReaderContainer dataReader, Boolean keyInfo, SchemaType schemaType, String sourceTableName, Boolean gettingData, DataColumn parentChapterColumn, Object parentChapterValue)
   em System.Data.Common.DataAdapter.FillMappingInternal(DataSet dataset, DataTable datatable, String srcTable, DataReaderContainer dataReader, Int32 schemaCount, DataColumn parentChapterColumn, Object parentChapterValue)
   em System.Data.Common.DataAdapter.FillMapping(DataSet dataset, DataTable datatable, String srcTable, DataReaderContainer dataReader, Int32 schemaCount, DataColumn parentChapterColumn, Object parentChapterValue)
   em System.Data.Common.DataAdapter.FillFromReader(DataSet dataset, DataTable datatable, String srcTable, DataReaderContainer dataReader, Int32 startRecord, Int32 maxRecords, DataColumn parentChapterColumn, Object parentChapterValue)
   em System.Data.Common.DataAdapter.Fill(DataTable[] dataTables, IDataReader dataReader, Int32 startRecord, Int32 maxRecords)
   em System.Data.DataTable.Load(IDataReader reader, LoadOption loadOption, FillErrorEventHandler errorHandler)
   em CSharpSeleniumTemplate.Helpers.DataBaseHelpers.RetornaDadosQuery(String query) na C:\Mantis2\csharpseleniumextentreporttemplate-master\CSharpSeleniumTemplate\Helpers\DataBaseHelpers.cs:linha 48
   em CSharpSeleniumTemplate.DataBaseSteps.MarcadoresDBSteps.RetornaMarcado(String nomemarcador) na C:\Mantis2\csharpseleniumextentreporttemplate-master\CSharpSeleniumTemplate\DataBaseSteps\MarcadoresDBSteps.cs:linha 21
   em CSharpSeleniumTemplate.Tests.GerenciarMarcadores.CadastrarMarcador() na C:\Mantis2\csharpseleniumextentreporttemplate-master\CSharpSeleniumTemplate\Tests\GerenciarMarcadores.cs:linha 39]]></stack-trace>
            </failure>
          </test-case>
          <test-case id="0-1008" name="CampoObrigatorioNaoPreenchido" fullname="CSharpSeleniumTemplate.Tests.GerenciarMarcadores.CampoObrigatorioNaoPreenchido" methodname="CampoObrigatorioNaoPreenchido" classname="CSharpSeleniumTemplate.Tests.GerenciarMarcadores" runstate="Runnable" seed="1590835552" result="Passed" start-time="2019-05-23 16:31:48Z" end-time="2019-05-23 16:31:58Z" duration="9.849528" asserts="1" />
          <test-case id="0-1009" name="EditarMarcador" fullname="CSharpSeleniumTemplate.Tests.GerenciarMarcadores.EditarMarcador" methodname="EditarMarcador" classname="CSharpSeleniumTemplate.Tests.GerenciarMarcadores" runstate="Runnable" seed="1112835220" result="Failed" label="Error" start-time="2019-05-23 16:31:58Z" end-time="2019-05-23 16:32:11Z" duration="12.980681" asserts="0">
            <failure>
              <message><![CDATA[System.IO.FileLoadException : Não foi possível carregar arquivo ou assembly 'System.Data.Common, Version=4.2.0.0, Culture=neutral, PublicKeyToken=b03f5f7f11d50a3a' ou uma de suas dependências. A definição do manifesto do assembly localizado não corresponde à referência do assembly. (Exceção de HRESULT: 0x80131040)]]></message>
              <stack-trace><![CDATA[   em MySql.Data.MySqlClient.MySqlDataReader.BuildSchemaTable()
   em MySql.Data.MySqlClient.MySqlDataReader.GetSchemaTable() na C:\projects\mysqlconnector\src\MySqlConnector\MySql.Data.MySqlClient\MySqlDataReader.cs:linha 245
   em System.Data.ProviderBase.SchemaMapping..ctor(DataAdapter adapter, DataSet dataset, DataTable datatable, DataReaderContainer dataReader, Boolean keyInfo, SchemaType schemaType, String sourceTableName, Boolean gettingData, DataColumn parentChapterColumn, Object parentChapterValue)
   em System.Data.Common.DataAdapter.FillMappingInternal(DataSet dataset, DataTable datatable, String srcTable, DataReaderContainer dataReader, Int32 schemaCount, DataColumn parentChapterColumn, Object parentChapterValue)
   em System.Data.Common.DataAdapter.FillMapping(DataSet dataset, DataTable datatable, String srcTable, DataReaderContainer dataReader, Int32 schemaCount, DataColumn parentChapterColumn, Object parentChapterValue)
   em System.Data.Common.DataAdapter.FillFromReader(DataSet dataset, DataTable datatable, String srcTable, DataReaderContainer dataReader, Int32 startRecord, Int32 maxRecords, DataColumn parentChapterColumn, Object parentChapterValue)
   em System.Data.Common.DataAdapter.Fill(DataTable[] dataTables, IDataReader dataReader, Int32 startRecord, Int32 maxRecords)
   em System.Data.DataTable.Load(IDataReader reader, LoadOption loadOption, FillErrorEventHandler errorHandler)
   em CSharpSeleniumTemplate.Helpers.DataBaseHelpers.RetornaDadosQuery(String query) na C:\Mantis2\csharpseleniumextentreporttemplate-master\CSharpSeleniumTemplate\Helpers\DataBaseHelpers.cs:linha 48
   em CSharpSeleniumTemplate.DataBaseSteps.MarcadoresDBSteps.RetornaMarcado(String nomemarcador) na C:\Mantis2\csharpseleniumextentreporttemplate-master\CSharpSeleniumTemplate\DataBaseSteps\MarcadoresDBSteps.cs:linha 21
   em CSharpSeleniumTemplate.Tests.GerenciarMarcadores.EditarMarcador() na C:\Mantis2\csharpseleniumextentreporttemplate-master\CSharpSeleniumTemplate\Tests\GerenciarMarcadores.cs:linha 69]]></stack-trace>
            </failure>
          </test-case>
          <test-case id="0-1011" name="VoltarAoDetalheMarcador" fullname="CSharpSeleniumTemplate.Tests.GerenciarMarcadores.VoltarAoDetalheMarcador" methodname="VoltarAoDetalheMarcador" classname="CSharpSeleniumTemplate.Tests.GerenciarMarcadores" runstate="Runnable" seed="541184699" result="Passed" start-time="2019-05-23 16:32:11Z" end-time="2019-05-23 16:32:24Z" duration="13.397207" asserts="1" />
        </test-suite>
        <test-suite type="TestFixture" id="0-1012" name="GerenciarPerfisGlobais" fullname="CSharpSeleniumTemplate.Tests.GerenciarPerfisGlobais" classname="CSharpSeleniumTemplate.Tests.GerenciarPerfisGlobais" runstate="Runnable" testcasecount="8" result="Failed" site="Child" start-time="2019-05-23 16:32:25Z" end-time="2019-05-23 16:33:50Z" duration="85.252473" total="8" passed="5" failed="3" warnings="0" inconclusive="0" skipped="0" asserts="5">
          <failure>
            <message><![CDATA[One or more child tests had errors]]></message>
          </failure>
          <test-case id="0-1020" name="ApagarPerfilScucesso" fullname="CSharpSeleniumTemplate.Tests.GerenciarPerfisGlobais.ApagarPerfilScucesso" methodname="ApagarPerfilScucesso" classname="CSharpSeleniumTemplate.Tests.GerenciarPerfisGlobais" runstate="Runnable" seed="864707307" result="Failed" label="Error" start-time="2019-05-23 16:32:25Z" end-time="2019-05-23 16:32:36Z" duration="11.645651" asserts="0">
            <failure>
              <message><![CDATA[System.IO.FileLoadException : Não foi possível carregar arquivo ou assembly 'System.Data.Common, Version=4.2.0.0, Culture=neutral, PublicKeyToken=b03f5f7f11d50a3a' ou uma de suas dependências. A definição do manifesto do assembly localizado não corresponde à referência do assembly. (Exceção de HRESULT: 0x80131040)]]></message>
              <stack-trace><![CDATA[   em MySql.Data.MySqlClient.MySqlDataReader.BuildSchemaTable()
   em MySql.Data.MySqlClient.MySqlDataReader.GetSchemaTable() na C:\projects\mysqlconnector\src\MySqlConnector\MySql.Data.MySqlClient\MySqlDataReader.cs:linha 245
   em System.Data.ProviderBase.SchemaMapping..ctor(DataAdapter adapter, DataSet dataset, DataTable datatable, DataReaderContainer dataReader, Boolean keyInfo, SchemaType schemaType, String sourceTableName, Boolean gettingData, DataColumn parentChapterColumn, Object parentChapterValue)
   em System.Data.Common.DataAdapter.FillMappingInternal(DataSet dataset, DataTable datatable, String srcTable, DataReaderContainer dataReader, Int32 schemaCount, DataColumn parentChapterColumn, Object parentChapterValue)
   em System.Data.Common.DataAdapter.FillMapping(DataSet dataset, DataTable datatable, String srcTable, DataReaderContainer dataReader, Int32 schemaCount, DataColumn parentChapterColumn, Object parentChapterValue)
   em System.Data.Common.DataAdapter.FillFromReader(DataSet dataset, DataTable datatable, String srcTable, DataReaderContainer dataReader, Int32 startRecord, Int32 maxRecords, DataColumn parentChapterColumn, Object parentChapterValue)
   em System.Data.Common.DataAdapter.Fill(DataTable[] dataTables, IDataReader dataReader, Int32 startRecord, Int32 maxRecords)
   em System.Data.DataTable.Load(IDataReader reader, LoadOption loadOption, FillErrorEventHandler errorHandler)
   em CSharpSeleniumTemplate.Helpers.DataBaseHelpers.RetornaDadosQuery(String query) na C:\Mantis2\csharpseleniumextentreporttemplate-master\CSharpSeleniumTemplate\Helpers\DataBaseHelpers.cs:linha 48
   em CSharpSeleniumTemplate.DataBaseSteps.PerfisGlobalDBSteps.RetornaPerfilGlobal(String nomeplataforma, String nomeso, String nomeversaoso) na C:\Mantis2\csharpseleniumextentreporttemplate-master\CSharpSeleniumTemplate\DataBaseSteps\PerfisGlobalDBSteps.cs:linha 31
   em CSharpSeleniumTemplate.Tests.GerenciarPerfisGlobais.ApagarPerfilScucesso() na C:\Mantis2\csharpseleniumextentreporttemplate-master\CSharpSeleniumTemplate\Tests\GerenciarPerfisGlobais.cs:linha 162]]></stack-trace>
            </failure>
          </test-case>
          <test-case id="0-1019" name="ApagarSemSelecionarUmPerfil" fullname="CSharpSeleniumTemplate.Tests.GerenciarPerfisGlobais.ApagarSemSelecionarUmPerfil" methodname="ApagarSemSelecionarUmPerfil" classname="CSharpSeleniumTemplate.Tests.GerenciarPerfisGlobais" runstate="Runnable" seed="1074787584" result="Passed" start-time="2019-05-23 16:32:36Z" end-time="2019-05-23 16:32:47Z" duration="10.565743" asserts="1" />
          <test-case id="0-1013" name="CadastrarPerfilSucesso" fullname="CSharpSeleniumTemplate.Tests.GerenciarPerfisGlobais.CadastrarPerfilSucesso" methodname="CadastrarPerfilSucesso" classname="CSharpSeleniumTemplate.Tests.GerenciarPerfisGlobais" runstate="Runnable" seed="1736285694" result="Failed" label="Error" start-time="2019-05-23 16:32:47Z" end-time="2019-05-23 16:32:58Z" duration="10.792657" asserts="0">
            <failure>
              <message><![CDATA[System.IO.FileLoadException : Não foi possível carregar arquivo ou assembly 'System.Data.Common, Version=4.2.0.0, Culture=neutral, PublicKeyToken=b03f5f7f11d50a3a' ou uma de suas dependências. A definição do manifesto do assembly localizado não corresponde à referência do assembly. (Exceção de HRESULT: 0x80131040)]]></message>
              <stack-trace><![CDATA[   em MySql.Data.MySqlClient.MySqlDataReader.BuildSchemaTable()
   em MySql.Data.MySqlClient.MySqlDataReader.GetSchemaTable() na C:\projects\mysqlconnector\src\MySqlConnector\MySql.Data.MySqlClient\MySqlDataReader.cs:linha 245
   em System.Data.ProviderBase.SchemaMapping..ctor(DataAdapter adapter, DataSet dataset, DataTable datatable, DataReaderContainer dataReader, Boolean keyInfo, SchemaType schemaType, String sourceTableName, Boolean gettingData, DataColumn parentChapterColumn, Object parentChapterValue)
   em System.Data.Common.DataAdapter.FillMappingInternal(DataSet dataset, DataTable datatable, String srcTable, DataReaderContainer dataReader, Int32 schemaCount, DataColumn parentChapterColumn, Object parentChapterValue)
   em System.Data.Common.DataAdapter.FillMapping(DataSet dataset, DataTable datatable, String srcTable, DataReaderContainer dataReader, Int32 schemaCount, DataColumn parentChapterColumn, Object parentChapterValue)
   em System.Data.Common.DataAdapter.FillFromReader(DataSet dataset, DataTable datatable, String srcTable, DataReaderContainer dataReader, Int32 startRecord, Int32 maxRecords, DataColumn parentChapterColumn, Object parentChapterValue)
   em System.Data.Common.DataAdapter.Fill(DataTable[] dataTables, IDataReader dataReader, Int32 startRecord, Int32 maxRecords)
   em System.Data.DataTable.Load(IDataReader reader, LoadOption loadOption, FillErrorEventHandler errorHandler)
   em CSharpSeleniumTemplate.Helpers.DataBaseHelpers.RetornaDadosQuery(String query) na C:\Mantis2\csharpseleniumextentreporttemplate-master\CSharpSeleniumTemplate\Helpers\DataBaseHelpers.cs:linha 48
   em CSharpSeleniumTemplate.DataBaseSteps.PerfisGlobalDBSteps.RetornaPerfilGlobal(String nomeplataforma, String nomeso, String nomeversaoso) na C:\Mantis2\csharpseleniumextentreporttemplate-master\CSharpSeleniumTemplate\DataBaseSteps\PerfisGlobalDBSteps.cs:linha 31
   em CSharpSeleniumTemplate.Tests.GerenciarPerfisGlobais.CadastrarPerfilSucesso() na C:\Mantis2\csharpseleniumextentreporttemplate-master\CSharpSeleniumTemplate\Tests\GerenciarPerfisGlobais.cs:linha 45]]></stack-trace>
            </failure>
          </test-case>
          <test-case id="0-1018" name="EditarPerfilSucesso" fullname="CSharpSeleniumTemplate.Tests.GerenciarPerfisGlobais.EditarPerfilSucesso" methodname="EditarPerfilSucesso" classname="CSharpSeleniumTemplate.Tests.GerenciarPerfisGlobais" runstate="Runnable" seed="299506060" result="Failed" label="Error" start-time="2019-05-23 16:32:58Z" end-time="2019-05-23 16:33:10Z" duration="12.526121" asserts="0">
            <failure>
              <message><![CDATA[System.IO.FileLoadException : Não foi possível carregar arquivo ou assembly 'System.Data.Common, Version=4.2.0.0, Culture=neutral, PublicKeyToken=b03f5f7f11d50a3a' ou uma de suas dependências. A definição do manifesto do assembly localizado não corresponde à referência do assembly. (Exceção de HRESULT: 0x80131040)]]></message>
              <stack-trace><![CDATA[   em MySql.Data.MySqlClient.MySqlDataReader.BuildSchemaTable()
   em MySql.Data.MySqlClient.MySqlDataReader.GetSchemaTable() na C:\projects\mysqlconnector\src\MySqlConnector\MySql.Data.MySqlClient\MySqlDataReader.cs:linha 245
   em System.Data.ProviderBase.SchemaMapping..ctor(DataAdapter adapter, DataSet dataset, DataTable datatable, DataReaderContainer dataReader, Boolean keyInfo, SchemaType schemaType, String sourceTableName, Boolean gettingData, DataColumn parentChapterColumn, Object parentChapterValue)
   em System.Data.Common.DataAdapter.FillMappingInternal(DataSet dataset, DataTable datatable, String srcTable, DataReaderContainer dataReader, Int32 schemaCount, DataColumn parentChapterColumn, Object parentChapterValue)
   em System.Data.Common.DataAdapter.FillMapping(DataSet dataset, DataTable datatable, String srcTable, DataReaderContainer dataReader, Int32 schemaCount, DataColumn parentChapterColumn, Object parentChapterValue)
   em System.Data.Common.DataAdapter.FillFromReader(DataSet dataset, DataTable datatable, String srcTable, DataReaderContainer dataReader, Int32 startRecord, Int32 maxRecords, DataColumn parentChapterColumn, Object parentChapterValue)
   em System.Data.Common.DataAdapter.Fill(DataTable[] dataTables, IDataReader dataReader, Int32 startRecord, Int32 maxRecords)
   em System.Data.DataTable.Load(IDataReader reader, LoadOption loadOption, FillErrorEventHandler errorHandler)
   em CSharpSeleniumTemplate.Helpers.DataBaseHelpers.RetornaDadosQuery(String query) na C:\Mantis2\csharpseleniumextentreporttemplate-master\CSharpSeleniumTemplate\Helpers\DataBaseHelpers.cs:linha 48
   em CSharpSeleniumTemplate.DataBaseSteps.PerfisGlobalDBSteps.RetornaPerfilGlobal(String nomeplataforma, String nomeso, String nomeversaoso) na C:\Mantis2\csharpseleniumextentreporttemplate-master\CSharpSeleniumTemplate\DataBaseSteps\PerfisGlobalDBSteps.cs:linha 31
   em CSharpSeleniumTemplate.Tests.GerenciarPerfisGlobais.EditarPerfilSucesso() na C:\Mantis2\csharpseleniumextentreporttemplate-master\CSharpSeleniumTemplate\Tests\GerenciarPerfisGlobais.cs:linha 128]]></stack-trace>
            </failure>
          </test-case>
          <test-case id="0-1017" name="EditarSemSelecionarUmPerfil" fullname="CSharpSeleniumTemplate.Tests.GerenciarPerfisGlobais.EditarSemSelecionarUmPerfil" methodname="EditarSemSelecionarUmPerfil" classname="CSharpSeleniumTemplate.Tests.GerenciarPerfisGlobais" runstate="Runnable" seed="2118766131" result="Passed" start-time="2019-05-23 16:33:10Z" end-time="2019-05-23 16:33:21Z" duration="10.767837" asserts="1" />
          <test-case id="0-1016" name="EnviarSemSelecionarUmdosParametros" fullname="CSharpSeleniumTemplate.Tests.GerenciarPerfisGlobais.EnviarSemSelecionarUmdosParametros" methodname="EnviarSemSelecionarUmdosParametros" classname="CSharpSeleniumTemplate.Tests.GerenciarPerfisGlobais" runstate="Runnable" seed="548400970" result="Passed" start-time="2019-05-23 16:33:21Z" end-time="2019-05-23 16:33:31Z" duration="10.661190" asserts="1" />
          <test-case id="0-1014" name="PlataformaNaoPreenchida" fullname="CSharpSeleniumTemplate.Tests.GerenciarPerfisGlobais.PlataformaNaoPreenchida" methodname="PlataformaNaoPreenchida" classname="CSharpSeleniumTemplate.Tests.GerenciarPerfisGlobais" runstate="Runnable" seed="1224193328" result="Passed" start-time="2019-05-23 16:33:31Z" end-time="2019-05-23 16:33:40Z" duration="8.549224" asserts="1" />
          <test-case id="0-1015" name="VersaoSONaoPreenchida" fullname="CSharpSeleniumTemplate.Tests.GerenciarPerfisGlobais.VersaoSONaoPreenchida" methodname="VersaoSONaoPreenchida" classname="CSharpSeleniumTemplate.Tests.GerenciarPerfisGlobais" runstate="Runnable" seed="873469246" result="Passed" start-time="2019-05-23 16:33:40Z" end-time="2019-05-23 16:33:50Z" duration="9.722439" asserts="1" />
        </test-suite>
        <test-suite type="TestFixture" id="0-1021" name="GerenciarProjetos" fullname="CSharpSeleniumTemplate.Tests.GerenciarProjetos" classname="CSharpSeleniumTemplate.Tests.GerenciarProjetos" runstate="Runnable" testcasecount="5" result="Passed" start-time="2019-05-23 16:33:50Z" end-time="2019-05-23 16:34:50Z" duration="60.155712" total="5" passed="5" failed="0" warnings="0" inconclusive="0" skipped="0" asserts="6">
          <test-case id="0-1026" name="ApagarProjeto" fullname="CSharpSeleniumTemplate.Tests.GerenciarProjetos.ApagarProjeto" methodname="ApagarProjeto" classname="CSharpSeleniumTemplate.Tests.GerenciarProjetos" runstate="Runnable" seed="1929463221" result="Passed" start-time="2019-05-23 16:33:50Z" end-time="2019-05-23 16:34:03Z" duration="13.119973" asserts="1" />
          <test-case id="0-1022" name="CadastrarProjeto" fullname="CSharpSeleniumTemplate.Tests.GerenciarProjetos.CadastrarProjeto" methodname="CadastrarProjeto" classname="CSharpSeleniumTemplate.Tests.GerenciarProjetos" runstate="Runnable" seed="228907176" result="Passed" start-time="2019-05-23 16:34:03Z" end-time="2019-05-23 16:34:16Z" duration="13.375105" asserts="2" />
          <test-case id="0-1023" name="CadastroJaRealizado" fullname="CSharpSeleniumTemplate.Tests.GerenciarProjetos.CadastroJaRealizado" methodname="CadastroJaRealizado" classname="CSharpSeleniumTemplate.Tests.GerenciarProjetos" runstate="Runnable" seed="610844220" result="Passed" start-time="2019-05-23 16:34:16Z" end-time="2019-05-23 16:34:28Z" duration="11.714108" asserts="1" />
          <test-case id="0-1024" name="CampoNomeProjetoNaoPreenchidos" fullname="CSharpSeleniumTemplate.Tests.GerenciarProjetos.CampoNomeProjetoNaoPreenchidos" methodname="CampoNomeProjetoNaoPreenchidos" classname="CSharpSeleniumTemplate.Tests.GerenciarProjetos" runstate="Runnable" seed="1415095059" result="Passed" start-time="2019-05-23 16:34:28Z" end-time="2019-05-23 16:34:37Z" duration="8.996888" asserts="1" />
          <test-case id="0-1025" name="EditarProjeto" fullname="CSharpSeleniumTemplate.Tests.GerenciarProjetos.EditarProjeto" methodname="EditarProjeto" classname="CSharpSeleniumTemplate.Tests.GerenciarProjetos" runstate="Runnable" seed="1145346896" result="Passed" start-time="2019-05-23 16:34:37Z" end-time="2019-05-23 16:34:50Z" duration="12.929746" asserts="1" />
        </test-suite>
        <test-suite type="TestFixture" id="0-1044" name="GerenciarTarefas" fullname="CSharpSeleniumTemplate.Tests.GerenciarTarefas" classname="CSharpSeleniumTemplate.Tests.GerenciarTarefas" runstate="Runnable" testcasecount="5" result="Passed" start-time="2019-05-23 16:34:50Z" end-time="2019-05-23 16:36:00Z" duration="70.392036" total="5" passed="5" failed="0" warnings="0" inconclusive="0" skipped="0" asserts="5">
          <test-case id="0-1047" name="AcessarEditarTarefa" fullname="CSharpSeleniumTemplate.Tests.GerenciarTarefas.AcessarEditarTarefa" methodname="AcessarEditarTarefa" classname="CSharpSeleniumTemplate.Tests.GerenciarTarefas" runstate="Runnable" seed="1528713503" result="Passed" start-time="2019-05-23 16:34:50Z" end-time="2019-05-23 16:35:02Z" duration="12.093590" asserts="1" />
          <test-case id="0-1049" name="AdicionarAnotacaoSemCampoObrigatorio" fullname="CSharpSeleniumTemplate.Tests.GerenciarTarefas.AdicionarAnotacaoSemCampoObrigatorio" methodname="AdicionarAnotacaoSemCampoObrigatorio" classname="CSharpSeleniumTemplate.Tests.GerenciarTarefas" runstate="Runnable" seed="309292140" result="Passed" start-time="2019-05-23 16:35:02Z" end-time="2019-05-23 16:35:15Z" duration="13.485497" asserts="1" />
          <test-case id="0-1045" name="PesquisarTarefa" fullname="CSharpSeleniumTemplate.Tests.GerenciarTarefas.PesquisarTarefa" methodname="PesquisarTarefa" classname="CSharpSeleniumTemplate.Tests.GerenciarTarefas" runstate="Runnable" seed="1717629049" result="Passed" start-time="2019-05-23 16:35:15Z" end-time="2019-05-23 16:35:31Z" duration="15.099678" asserts="1" />
          <test-case id="0-1046" name="SelecionarTodasTarefas" fullname="CSharpSeleniumTemplate.Tests.GerenciarTarefas.SelecionarTodasTarefas" methodname="SelecionarTodasTarefas" classname="CSharpSeleniumTemplate.Tests.GerenciarTarefas" runstate="Runnable" seed="1478722075" result="Passed" start-time="2019-05-23 16:35:31Z" end-time="2019-05-23 16:35:47Z" duration="16.054328" asserts="1" />
          <test-case id="0-1048" name="VoltarDetalheTarefa" fullname="CSharpSeleniumTemplate.Tests.GerenciarTarefas.VoltarDetalheTarefa" methodname="VoltarDetalheTarefa" classname="CSharpSeleniumTemplate.Tests.GerenciarTarefas" runstate="Runnable" seed="1640706485" result="Passed" start-time="2019-05-23 16:35:47Z" end-time="2019-05-23 16:36:00Z" duration="13.637411" asserts="1" />
        </test-suite>
        <test-suite type="TestFixture" id="0-1050" name="GerenciarUsuarios" fullname="CSharpSeleniumTemplate.Tests.GerenciarUsuarios" classname="CSharpSeleniumTemplate.Tests.GerenciarUsuarios" runstate="Runnable" testcasecount="10" result="Failed" site="Child" start-time="2019-05-23 16:36:00Z" end-time="2019-05-23 16:38:14Z" duration="133.754669" total="10" passed="6" failed="4" warnings="0" inconclusive="0" skipped="0" asserts="10">
          <failure>
            <message><![CDATA[One or more child tests had errors]]></message>
          </failure>
          <test-case id="0-1057" name="ApagarUsuario" fullname="CSharpSeleniumTemplate.Tests.GerenciarUsuarios.ApagarUsuario" methodname="ApagarUsuario" classname="CSharpSeleniumTemplate.Tests.GerenciarUsuarios" runstate="Runnable" seed="2103872532" result="Failed" label="Error" start-time="2019-05-23 16:36:00Z" end-time="2019-05-23 16:36:13Z" duration="13.033192" asserts="1">
            <failure>
              <message><![CDATA[System.IO.FileLoadException : Não foi possível carregar arquivo ou assembly 'System.Data.Common, Version=4.2.0.0, Culture=neutral, PublicKeyToken=b03f5f7f11d50a3a' ou uma de suas dependências. A definição do manifesto do assembly localizado não corresponde à referência do assembly. (Exceção de HRESULT: 0x80131040)]]></message>
              <stack-trace><![CDATA[   em MySql.Data.MySqlClient.MySqlDataReader.BuildSchemaTable()
   em MySql.Data.MySqlClient.MySqlDataReader.GetSchemaTable() na C:\projects\mysqlconnector\src\MySqlConnector\MySql.Data.MySqlClient\MySqlDataReader.cs:linha 245
   em System.Data.ProviderBase.SchemaMapping..ctor(DataAdapter adapter, DataSet dataset, DataTable datatable, DataReaderContainer dataReader, Boolean keyInfo, SchemaType schemaType, String sourceTableName, Boolean gettingData, DataColumn parentChapterColumn, Object parentChapterValue)
   em System.Data.Common.DataAdapter.FillMappingInternal(DataSet dataset, DataTable datatable, String srcTable, DataReaderContainer dataReader, Int32 schemaCount, DataColumn parentChapterColumn, Object parentChapterValue)
   em System.Data.Common.DataAdapter.FillMapping(DataSet dataset, DataTable datatable, String srcTable, DataReaderContainer dataReader, Int32 schemaCount, DataColumn parentChapterColumn, Object parentChapterValue)
   em System.Data.Common.DataAdapter.FillFromReader(DataSet dataset, DataTable datatable, String srcTable, DataReaderContainer dataReader, Int32 startRecord, Int32 maxRecords, DataColumn parentChapterColumn, Object parentChapterValue)
   em System.Data.Common.DataAdapter.Fill(DataTable[] dataTables, IDataReader dataReader, Int32 startRecord, Int32 maxRecords)
   em System.Data.DataTable.Load(IDataReader reader, LoadOption loadOption, FillErrorEventHandler errorHandler)
   em CSharpSeleniumTemplate.Helpers.DataBaseHelpers.RetornaDadosQuery(String query) na C:\Mantis2\csharpseleniumextentreporttemplate-master\CSharpSeleniumTemplate\Helpers\DataBaseHelpers.cs:linha 48
   em CSharpSeleniumTemplate.DataBaseSteps.UsuariosDBSteps.RetornaUsuarios(String username) na C:\Mantis2\csharpseleniumextentreporttemplate-master\CSharpSeleniumTemplate\DataBaseSteps\UsuariosDBSteps.cs:linha 27
   em CSharpSeleniumTemplate.Tests.GerenciarUsuarios.ApagarUsuario() na C:\Mantis2\csharpseleniumextentreporttemplate-master\CSharpSeleniumTemplate\Tests\GerenciarUsuarios.cs:linha 155]]></stack-trace>
            </failure>
          </test-case>
          <test-case id="0-1051" name="CadastrarUsuarioApenasCamposObrigatorios" fullname="CSharpSeleniumTemplate.Tests.GerenciarUsuarios.CadastrarUsuarioApenasCamposObrigatorios" methodname="CadastrarUsuarioApenasCamposObrigatorios" classname="CSharpSeleniumTemplate.Tests.GerenciarUsuarios" runstate="Runnable" seed="2136151620" result="Failed" label="Error" start-time="2019-05-23 16:36:13Z" end-time="2019-05-23 16:36:25Z" duration="11.201874" asserts="1">
            <failure>
              <message><![CDATA[System.IO.FileLoadException : Não foi possível carregar arquivo ou assembly 'System.Data.Common, Version=4.2.0.0, Culture=neutral, PublicKeyToken=b03f5f7f11d50a3a' ou uma de suas dependências. A definição do manifesto do assembly localizado não corresponde à referência do assembly. (Exceção de HRESULT: 0x80131040)]]></message>
              <stack-trace><![CDATA[   em MySql.Data.MySqlClient.MySqlDataReader.BuildSchemaTable()
   em MySql.Data.MySqlClient.MySqlDataReader.GetSchemaTable() na C:\projects\mysqlconnector\src\MySqlConnector\MySql.Data.MySqlClient\MySqlDataReader.cs:linha 245
   em System.Data.ProviderBase.SchemaMapping..ctor(DataAdapter adapter, DataSet dataset, DataTable datatable, DataReaderContainer dataReader, Boolean keyInfo, SchemaType schemaType, String sourceTableName, Boolean gettingData, DataColumn parentChapterColumn, Object parentChapterValue)
   em System.Data.Common.DataAdapter.FillMappingInternal(DataSet dataset, DataTable datatable, String srcTable, DataReaderContainer dataReader, Int32 schemaCount, DataColumn parentChapterColumn, Object parentChapterValue)
   em System.Data.Common.DataAdapter.FillMapping(DataSet dataset, DataTable datatable, String srcTable, DataReaderContainer dataReader, Int32 schemaCount, DataColumn parentChapterColumn, Object parentChapterValue)
   em System.Data.Common.DataAdapter.FillFromReader(DataSet dataset, DataTable datatable, String srcTable, DataReaderContainer dataReader, Int32 startRecord, Int32 maxRecords, DataColumn parentChapterColumn, Object parentChapterValue)
   em System.Data.Common.DataAdapter.Fill(DataTable[] dataTables, IDataReader dataReader, Int32 startRecord, Int32 maxRecords)
   em System.Data.DataTable.Load(IDataReader reader, LoadOption loadOption, FillErrorEventHandler errorHandler)
   em CSharpSeleniumTemplate.Helpers.DataBaseHelpers.RetornaDadosQuery(String query) na C:\Mantis2\csharpseleniumextentreporttemplate-master\CSharpSeleniumTemplate\Helpers\DataBaseHelpers.cs:linha 48
   em CSharpSeleniumTemplate.DataBaseSteps.UsuariosDBSteps.RetornaUsuarios(String username) na C:\Mantis2\csharpseleniumextentreporttemplate-master\CSharpSeleniumTemplate\DataBaseSteps\UsuariosDBSteps.cs:linha 27
   em CSharpSeleniumTemplate.Tests.GerenciarUsuarios.CadastrarUsuarioApenasCamposObrigatorios() na C:\Mantis2\csharpseleniumextentreporttemplate-master\CSharpSeleniumTemplate\Tests\GerenciarUsuarios.cs:linha 47]]></stack-trace>
            </failure>
          </test-case>
          <test-case id="0-1052" name="CadastrarUsuarioTodosCampos" fullname="CSharpSeleniumTemplate.Tests.GerenciarUsuarios.CadastrarUsuarioTodosCampos" methodname="CadastrarUsuarioTodosCampos" classname="CSharpSeleniumTemplate.Tests.GerenciarUsuarios" runstate="Runnable" seed="459238584" result="Failed" label="Error" start-time="2019-05-23 16:36:25Z" end-time="2019-05-23 16:36:34Z" duration="9.861596" asserts="1">
            <failure>
              <message><![CDATA[System.IO.FileLoadException : Não foi possível carregar arquivo ou assembly 'System.Data.Common, Version=4.2.0.0, Culture=neutral, PublicKeyToken=b03f5f7f11d50a3a' ou uma de suas dependências. A definição do manifesto do assembly localizado não corresponde à referência do assembly. (Exceção de HRESULT: 0x80131040)]]></message>
              <stack-trace><![CDATA[   em MySql.Data.MySqlClient.MySqlDataReader.BuildSchemaTable()
   em MySql.Data.MySqlClient.MySqlDataReader.GetSchemaTable() na C:\projects\mysqlconnector\src\MySqlConnector\MySql.Data.MySqlClient\MySqlDataReader.cs:linha 245
   em System.Data.ProviderBase.SchemaMapping..ctor(DataAdapter adapter, DataSet dataset, DataTable datatable, DataReaderContainer dataReader, Boolean keyInfo, SchemaType schemaType, String sourceTableName, Boolean gettingData, DataColumn parentChapterColumn, Object parentChapterValue)
   em System.Data.Common.DataAdapter.FillMappingInternal(DataSet dataset, DataTable datatable, String srcTable, DataReaderContainer dataReader, Int32 schemaCount, DataColumn parentChapterColumn, Object parentChapterValue)
   em System.Data.Common.DataAdapter.FillMapping(DataSet dataset, DataTable datatable, String srcTable, DataReaderContainer dataReader, Int32 schemaCount, DataColumn parentChapterColumn, Object parentChapterValue)
   em System.Data.Common.DataAdapter.FillFromReader(DataSet dataset, DataTable datatable, String srcTable, DataReaderContainer dataReader, Int32 startRecord, Int32 maxRecords, DataColumn parentChapterColumn, Object parentChapterValue)
   em System.Data.Common.DataAdapter.Fill(DataTable[] dataTables, IDataReader dataReader, Int32 startRecord, Int32 maxRecords)
   em System.Data.DataTable.Load(IDataReader reader, LoadOption loadOption, FillErrorEventHandler errorHandler)
   em CSharpSeleniumTemplate.Helpers.DataBaseHelpers.RetornaDadosQuery(String query) na C:\Mantis2\csharpseleniumextentreporttemplate-master\CSharpSeleniumTemplate\Helpers\DataBaseHelpers.cs:linha 48
   em CSharpSeleniumTemplate.DataBaseSteps.UsuariosDBSteps.RetornaUsuarios(String username) na C:\Mantis2\csharpseleniumextentreporttemplate-master\CSharpSeleniumTemplate\DataBaseSteps\UsuariosDBSteps.cs:linha 27
   em CSharpSeleniumTemplate.Tests.GerenciarUsuarios.CadastrarUsuarioTodosCampos() na C:\Mantis2\csharpseleniumextentreporttemplate-master\CSharpSeleniumTemplate\Tests\GerenciarUsuarios.cs:linha 65]]></stack-trace>
            </failure>
          </test-case>
          <test-case id="0-1053" name="CampoNomeNaoPreenchido" fullname="CSharpSeleniumTemplate.Tests.GerenciarUsuarios.CampoNomeNaoPreenchido" methodname="CampoNomeNaoPreenchido" classname="CSharpSeleniumTemplate.Tests.GerenciarUsuarios" runstate="Runnable" seed="1909845397" result="Passed" start-time="2019-05-23 16:36:34Z" end-time="2019-05-23 16:36:51Z" duration="16.426909" asserts="1" />
          <test-case id="0-1056" name="EditarUsuario" fullname="CSharpSeleniumTemplate.Tests.GerenciarUsuarios.EditarUsuario" methodname="EditarUsuario" classname="CSharpSeleniumTemplate.Tests.GerenciarUsuarios" runstate="Runnable" seed="2033794244" result="Failed" label="Error" start-time="2019-05-23 16:36:51Z" end-time="2019-05-23 16:37:07Z" duration="16.075028" asserts="1">
            <failure>
              <message><![CDATA[System.IO.FileLoadException : Não foi possível carregar arquivo ou assembly 'System.Data.Common, Version=4.2.0.0, Culture=neutral, PublicKeyToken=b03f5f7f11d50a3a' ou uma de suas dependências. A definição do manifesto do assembly localizado não corresponde à referência do assembly. (Exceção de HRESULT: 0x80131040)]]></message>
              <stack-trace><![CDATA[   em MySql.Data.MySqlClient.MySqlDataReader.BuildSchemaTable()
   em MySql.Data.MySqlClient.MySqlDataReader.GetSchemaTable() na C:\projects\mysqlconnector\src\MySqlConnector\MySql.Data.MySqlClient\MySqlDataReader.cs:linha 245
   em System.Data.ProviderBase.SchemaMapping..ctor(DataAdapter adapter, DataSet dataset, DataTable datatable, DataReaderContainer dataReader, Boolean keyInfo, SchemaType schemaType, String sourceTableName, Boolean gettingData, DataColumn parentChapterColumn, Object parentChapterValue)
   em System.Data.Common.DataAdapter.FillMappingInternal(DataSet dataset, DataTable datatable, String srcTable, DataReaderContainer dataReader, Int32 schemaCount, DataColumn parentChapterColumn, Object parentChapterValue)
   em System.Data.Common.DataAdapter.FillMapping(DataSet dataset, DataTable datatable, String srcTable, DataReaderContainer dataReader, Int32 schemaCount, DataColumn parentChapterColumn, Object parentChapterValue)
   em System.Data.Common.DataAdapter.FillFromReader(DataSet dataset, DataTable datatable, String srcTable, DataReaderContainer dataReader, Int32 startRecord, Int32 maxRecords, DataColumn parentChapterColumn, Object parentChapterValue)
   em System.Data.Common.DataAdapter.Fill(DataTable[] dataTables, IDataReader dataReader, Int32 startRecord, Int32 maxRecords)
   em System.Data.DataTable.Load(IDataReader reader, LoadOption loadOption, FillErrorEventHandler errorHandler)
   em CSharpSeleniumTemplate.Helpers.DataBaseHelpers.RetornaDadosQuery(String query) na C:\Mantis2\csharpseleniumextentreporttemplate-master\CSharpSeleniumTemplate\Helpers\DataBaseHelpers.cs:linha 48
   em CSharpSeleniumTemplate.DataBaseSteps.UsuariosDBSteps.RetornaUsuarios(String username) na C:\Mantis2\csharpseleniumextentreporttemplate-master\CSharpSeleniumTemplate\DataBaseSteps\UsuariosDBSteps.cs:linha 27
   em CSharpSeleniumTemplate.Tests.GerenciarUsuarios.EditarUsuario() na C:\Mantis2\csharpseleniumextentreporttemplate-master\CSharpSeleniumTemplate\Tests\GerenciarUsuarios.cs:linha 136]]></stack-trace>
            </failure>
          </test-case>
          <test-case id="0-1059" name="EmailInvalido" fullname="CSharpSeleniumTemplate.Tests.GerenciarUsuarios.EmailInvalido" methodname="EmailInvalido" classname="CSharpSeleniumTemplate.Tests.GerenciarUsuarios" runstate="Runnable" seed="1678165638" result="Passed" start-time="2019-05-23 16:37:07Z" end-time="2019-05-23 16:37:19Z" duration="11.831320" asserts="1" />
          <test-case id="0-1055" name="EmailJaCadastrado" fullname="CSharpSeleniumTemplate.Tests.GerenciarUsuarios.EmailJaCadastrado" methodname="EmailJaCadastrado" classname="CSharpSeleniumTemplate.Tests.GerenciarUsuarios" runstate="Runnable" seed="2033418797" result="Passed" start-time="2019-05-23 16:37:19Z" end-time="2019-05-23 16:37:34Z" duration="15.543348" asserts="1" />
          <test-case id="0-1060" name="PesquisarUsuarios" fullname="CSharpSeleniumTemplate.Tests.GerenciarUsuarios.PesquisarUsuarios" methodname="PesquisarUsuarios" classname="CSharpSeleniumTemplate.Tests.GerenciarUsuarios" runstate="Runnable" seed="252707714" result="Passed" start-time="2019-05-23 16:37:34Z" end-time="2019-05-23 16:37:47Z" duration="12.976577" asserts="1" />
          <test-case id="0-1058" name="RedefinirSenhaSemPreencherEmail" fullname="CSharpSeleniumTemplate.Tests.GerenciarUsuarios.RedefinirSenhaSemPreencherEmail" methodname="RedefinirSenhaSemPreencherEmail" classname="CSharpSeleniumTemplate.Tests.GerenciarUsuarios" runstate="Runnable" seed="732743668" result="Passed" start-time="2019-05-23 16:37:47Z" end-time="2019-05-23 16:38:01Z" duration="13.761139" asserts="1" />
          <test-case id="0-1054" name="UsuarioJaCadastrado" fullname="CSharpSeleniumTemplate.Tests.GerenciarUsuarios.UsuarioJaCadastrado" methodname="UsuarioJaCadastrado" classname="CSharpSeleniumTemplate.Tests.GerenciarUsuarios" runstate="Runnable" seed="29860875" result="Passed" start-time="2019-05-23 16:38:01Z" end-time="2019-05-23 16:38:14Z" duration="13.015830" asserts="1" />
        </test-suite>
        <test-suite type="TestFixture" id="0-1061" name="LoginTests" fullname="CSharpSeleniumTemplate.Tests.LoginTests" classname="CSharpSeleniumTemplate.Tests.LoginTests" runstate="Runnable" testcasecount="4" result="Passed" start-time="2019-05-23 16:38:14Z" end-time="2019-05-23 16:38:44Z" duration="30.388078" total="4" passed="4" failed="0" warnings="0" inconclusive="0" skipped="0" asserts="4">
          <test-case id="0-1062" name="EfetuarLoginComSucesso" fullname="CSharpSeleniumTemplate.Tests.LoginTests.EfetuarLoginComSucesso" methodname="EfetuarLoginComSucesso" classname="CSharpSeleniumTemplate.Tests.LoginTests" runstate="Runnable" seed="1608497327" result="Passed" start-time="2019-05-23 16:38:14Z" end-time="2019-05-23 16:38:23Z" duration="8.607433" asserts="1" />
          <test-suite type="ParameterizedMethod" id="0-1066" name="EfetuarLoginInformandoUsuarioInvalido" fullname="CSharpSeleniumTemplate.Tests.LoginTests.EfetuarLoginInformandoUsuarioInvalido" classname="CSharpSeleniumTemplate.Tests.LoginTests" runstate="Runnable" testcasecount="3" result="Passed" start-time="2019-05-23 16:38:23Z" end-time="2019-05-23 16:38:44Z" duration="21.753340" total="3" passed="3" failed="0" warnings="0" inconclusive="0" skipped="0" asserts="3">
            <test-case id="0-1063" name="EfetuarLoginInformandoUsuarioInvalido(System.Collections.ArrayList)" fullname="CSharpSeleniumTemplate.Tests.LoginTests.EfetuarLoginInformandoUsuarioInvalido(System.Collections.ArrayList)" methodname="EfetuarLoginInformandoUsuarioInvalido" classname="CSharpSeleniumTemplate.Tests.LoginTests" runstate="Runnable" seed="802935136" result="Passed" start-time="2019-05-23 16:38:23Z" end-time="2019-05-23 16:38:30Z" duration="7.725609" asserts="1" />
            <test-case id="0-1064" name="EfetuarLoginInformandoUsuarioInvalido(System.Collections.ArrayList)" fullname="CSharpSeleniumTemplate.Tests.LoginTests.EfetuarLoginInformandoUsuarioInvalido(System.Collections.ArrayList)" methodname="EfetuarLoginInformandoUsuarioInvalido" classname="CSharpSeleniumTemplate.Tests.LoginTests" runstate="Runnable" seed="1077750006" result="Passed" start-time="2019-05-23 16:38:30Z" end-time="2019-05-23 16:38:38Z" duration="7.496482" asserts="1" />
            <test-case id="0-1065" name="EfetuarLoginInformandoUsuarioInvalido(System.Collections.ArrayList)" fullname="CSharpSeleniumTemplate.Tests.LoginTests.EfetuarLoginInformandoUsuarioInvalido(System.Collections.ArrayList)" methodname="EfetuarLoginInformandoUsuarioInvalido" classname="CSharpSeleniumTemplate.Tests.LoginTests" runstate="Runnable" seed="958257361" result="Passed" start-time="2019-05-23 16:38:38Z" end-time="2019-05-23 16:38:44Z" duration="6.531092" asserts="1" />
          </test-suite>
        </test-suite>
        <test-suite type="TestFixture" id="0-1067" name="ReportIssueTests" fullname="CSharpSeleniumTemplate.Tests.ReportIssueTests" classname="CSharpSeleniumTemplate.Tests.ReportIssueTests" runstate="Runnable" testcasecount="0" result="Passed" start-time="2019-05-23 16:38:44Z" end-time="2019-05-23 16:38:44Z" duration="0.000011" total="0" passed="0" failed="0" warnings="0" inconclusive="0" skipped="0" asserts="0" />
      </test-suite>
    </test-suite>
  </test-suite>
</test-run>