<?xml version="1.0" encoding="utf-8" standalone="no"?>
<test-run id="2" testcasecount="56" result="Passed" total="56" passed="56" failed="0" inconclusive="0" skipped="0" asserts="78" engine-version="3.10.0.0" clr-version="4.0.30319.42000" start-time="2019-05-31 11:26:23Z" end-time="2019-05-31 11:36:33Z" duration="610.546897">
  <command-line><![CDATA["C:\Program Files (x86)\NUnit.Console-3.10.0\bin\net35\nunit3-console.exe"  "CSharpSeleniumTemplate.dll" --inprocess --labels=On]]></command-line>
  <test-suite type="Assembly" id="0-1067" name="CSharpSeleniumTemplate.dll" fullname="CSharpSeleniumTemplate.dll" runstate="Runnable" testcasecount="56" result="Passed" start-time="2019-05-31 11:26:23Z" end-time="2019-05-31 11:36:33Z" duration="609.980764" total="56" passed="56" failed="0" warnings="0" inconclusive="0" skipped="0" asserts="78">
    <environment framework-version="3.11.0.0" clr-version="4.0.30319.42000" os-version="Microsoft Windows NT 10.0.17763.0" platform="Win32NT" cwd="C:\Mantis2\csharpseleniumextentreporttemplate-master\CSharpSeleniumTemplate\bin\Debug" machine-name="PLUTO" user="SISTEMA" user-domain="WORKGROUP" culture="pt-BR" uiculture="pt-BR" os-architecture="x64" />
    <settings>
      <setting name="ProcessModel" value="InProcess" />
      <setting name="DisposeRunners" value="True" />
      <setting name="WorkDirectory" value="C:\Mantis2\csharpseleniumextentreporttemplate-master\CSharpSeleniumTemplate\bin\Debug" />
      <setting name="ImageRuntimeVersion" value="4.0.30319" />
      <setting name="ImageTargetFrameworkName" value=".NETFramework,Version=v4.6.1" />
      <setting name="ImageRequiresX86" value="False" />
      <setting name="ImageRequiresDefaultAppDomainAssemblyResolver" value="False" />
      <setting name="NumberOfTestWorkers" value="4" />
    </settings>
    <properties>
      <property name="_PID" value="15140" />
      <property name="_APPDOMAIN" value="domain-" />
    </properties>
    <test-suite type="TestSuite" id="0-1068" name="CSharpSeleniumTemplate" fullname="CSharpSeleniumTemplate" runstate="Runnable" testcasecount="56" result="Passed" start-time="2019-05-31 11:26:23Z" end-time="2019-05-31 11:36:33Z" duration="609.961322" total="56" passed="56" failed="0" warnings="0" inconclusive="0" skipped="0" asserts="78">
      <test-suite type="TestSuite" id="0-1069" name="Tests" fullname="CSharpSeleniumTemplate.Tests" runstate="Runnable" testcasecount="56" result="Passed" start-time="2019-05-31 11:26:23Z" end-time="2019-05-31 11:36:33Z" duration="609.960774" total="56" passed="56" failed="0" warnings="0" inconclusive="0" skipped="0" asserts="78">
        <test-suite type="TestFixture" id="0-1027" name="CriarTarefa" fullname="CSharpSeleniumTemplate.Tests.CriarTarefa" classname="CSharpSeleniumTemplate.Tests.CriarTarefa" runstate="Runnable" testcasecount="9" result="Passed" start-time="2019-05-31 11:26:23Z" end-time="2019-05-31 11:28:27Z" duration="123.559270" total="9" passed="9" failed="0" warnings="0" inconclusive="0" skipped="0" asserts="16">
          <test-case id="0-1035" name="CadastrarMaisTarefas" fullname="CSharpSeleniumTemplate.Tests.CriarTarefa.CadastrarMaisTarefas" methodname="CadastrarMaisTarefas" classname="CSharpSeleniumTemplate.Tests.CriarTarefa" runstate="Runnable" seed="1345550172" result="Passed" start-time="2019-05-31 11:26:24Z" end-time="2019-05-31 11:26:49Z" duration="25.552296" asserts="2" />
          <test-case id="0-1028" name="CadastrarTarefaApenasCamposObrigatorios" fullname="CSharpSeleniumTemplate.Tests.CriarTarefa.CadastrarTarefaApenasCamposObrigatorios" methodname="CadastrarTarefaApenasCamposObrigatorios" classname="CSharpSeleniumTemplate.Tests.CriarTarefa" runstate="Runnable" seed="616255437" result="Passed" start-time="2019-05-31 11:26:49Z" end-time="2019-05-31 11:26:59Z" duration="10.201187" asserts="2" />
          <test-suite type="ParameterizedMethod" id="0-1034" name="CadastrarTarefaTodosCampos" fullname="CSharpSeleniumTemplate.Tests.CriarTarefa.CadastrarTarefaTodosCampos" classname="CSharpSeleniumTemplate.Tests.CriarTarefa" runstate="Runnable" testcasecount="5" result="Passed" start-time="2019-05-31 11:26:59Z" end-time="2019-05-31 11:28:00Z" duration="60.268089" total="5" passed="5" failed="0" warnings="0" inconclusive="0" skipped="0" asserts="10">
            <test-case id="0-1029" name="CadastrarTarefaTodosCampos(System.Collections.ArrayList)" fullname="CSharpSeleniumTemplate.Tests.CriarTarefa.CadastrarTarefaTodosCampos(System.Collections.ArrayList)" methodname="CadastrarTarefaTodosCampos" classname="CSharpSeleniumTemplate.Tests.CriarTarefa" runstate="Runnable" seed="1877752741" result="Passed" start-time="2019-05-31 11:26:59Z" end-time="2019-05-31 11:27:12Z" duration="13.029519" asserts="2" />
            <test-case id="0-1030" name="CadastrarTarefaTodosCampos(System.Collections.ArrayList)" fullname="CSharpSeleniumTemplate.Tests.CriarTarefa.CadastrarTarefaTodosCampos(System.Collections.ArrayList)" methodname="CadastrarTarefaTodosCampos" classname="CSharpSeleniumTemplate.Tests.CriarTarefa" runstate="Runnable" seed="1739841123" result="Passed" start-time="2019-05-31 11:27:12Z" end-time="2019-05-31 11:27:24Z" duration="11.893214" asserts="2" />
            <test-case id="0-1031" name="CadastrarTarefaTodosCampos(System.Collections.ArrayList)" fullname="CSharpSeleniumTemplate.Tests.CriarTarefa.CadastrarTarefaTodosCampos(System.Collections.ArrayList)" methodname="CadastrarTarefaTodosCampos" classname="CSharpSeleniumTemplate.Tests.CriarTarefa" runstate="Runnable" seed="1420882935" result="Passed" start-time="2019-05-31 11:27:24Z" end-time="2019-05-31 11:27:36Z" duration="11.389196" asserts="2" />
            <test-case id="0-1032" name="CadastrarTarefaTodosCampos(System.Collections.ArrayList)" fullname="CSharpSeleniumTemplate.Tests.CriarTarefa.CadastrarTarefaTodosCampos(System.Collections.ArrayList)" methodname="CadastrarTarefaTodosCampos" classname="CSharpSeleniumTemplate.Tests.CriarTarefa" runstate="Runnable" seed="529620706" result="Passed" start-time="2019-05-31 11:27:36Z" end-time="2019-05-31 11:27:47Z" duration="11.528138" asserts="2" />
            <test-case id="0-1033" name="CadastrarTarefaTodosCampos(System.Collections.ArrayList)" fullname="CSharpSeleniumTemplate.Tests.CriarTarefa.CadastrarTarefaTodosCampos(System.Collections.ArrayList)" methodname="CadastrarTarefaTodosCampos" classname="CSharpSeleniumTemplate.Tests.CriarTarefa" runstate="Runnable" seed="1285063768" result="Passed" start-time="2019-05-31 11:27:47Z" end-time="2019-05-31 11:28:00Z" duration="12.425057" asserts="2" />
          </test-suite>
          <test-case id="0-1037" name="CampoDescricaoNaoPreenchido" fullname="CSharpSeleniumTemplate.Tests.CriarTarefa.CampoDescricaoNaoPreenchido" methodname="CampoDescricaoNaoPreenchido" classname="CSharpSeleniumTemplate.Tests.CriarTarefa" runstate="Runnable" seed="1470195234" result="Passed" start-time="2019-05-31 11:28:00Z" end-time="2019-05-31 11:28:12Z" duration="12.027069" asserts="1" />
          <test-case id="0-1036" name="CampoResumoNaoPreenchido" fullname="CSharpSeleniumTemplate.Tests.CriarTarefa.CampoResumoNaoPreenchido" methodname="CampoResumoNaoPreenchido" classname="CSharpSeleniumTemplate.Tests.CriarTarefa" runstate="Runnable" seed="518221028" result="Passed" start-time="2019-05-31 11:28:12Z" end-time="2019-05-31 11:28:20Z" duration="8.350908" asserts="1" />
        </test-suite>
        <test-suite type="TestFixture" id="0-1000" name="GerenciarCamposPersonalizados" fullname="CSharpSeleniumTemplate.Tests.GerenciarCamposPersonalizados" classname="CSharpSeleniumTemplate.Tests.GerenciarCamposPersonalizados" runstate="Runnable" testcasecount="5" result="Passed" start-time="2019-05-31 11:28:27Z" end-time="2019-05-31 11:29:23Z" duration="56.227929" total="5" passed="5" failed="0" warnings="0" inconclusive="0" skipped="0" asserts="9">
          <test-case id="0-1005" name="ApagarCampoPersonalizado" fullname="CSharpSeleniumTemplate.Tests.GerenciarCamposPersonalizados.ApagarCampoPersonalizado" methodname="ApagarCampoPersonalizado" classname="CSharpSeleniumTemplate.Tests.GerenciarCamposPersonalizados" runstate="Runnable" seed="1918068311" result="Passed" start-time="2019-05-31 11:28:27Z" end-time="2019-05-31 11:28:40Z" duration="13.473650" asserts="2" />
          <test-case id="0-1001" name="CadastrarCampoPersonalizado" fullname="CSharpSeleniumTemplate.Tests.GerenciarCamposPersonalizados.CadastrarCampoPersonalizado" methodname="CadastrarCampoPersonalizado" classname="CSharpSeleniumTemplate.Tests.GerenciarCamposPersonalizados" runstate="Runnable" seed="395156916" result="Passed" start-time="2019-05-31 11:28:40Z" end-time="2019-05-31 11:28:49Z" duration="8.759921" asserts="2" />
          <test-case id="0-1002" name="CampoObrigatorioNaoInformado" fullname="CSharpSeleniumTemplate.Tests.GerenciarCamposPersonalizados.CampoObrigatorioNaoInformado" methodname="CampoObrigatorioNaoInformado" classname="CSharpSeleniumTemplate.Tests.GerenciarCamposPersonalizados" runstate="Runnable" seed="176880901" result="Passed" start-time="2019-05-31 11:28:49Z" end-time="2019-05-31 11:28:58Z" duration="9.220257" asserts="1" />
          <test-case id="0-1003" name="CampoPersonalizadoJaCadastrado" fullname="CSharpSeleniumTemplate.Tests.GerenciarCamposPersonalizados.CampoPersonalizadoJaCadastrado" methodname="CampoPersonalizadoJaCadastrado" classname="CSharpSeleniumTemplate.Tests.GerenciarCamposPersonalizados" runstate="Runnable" seed="2146079639" result="Passed" start-time="2019-05-31 11:28:58Z" end-time="2019-05-31 11:29:09Z" duration="11.326355" asserts="1" />
          <test-case id="0-1004" name="EditarCampoPersonalizado" fullname="CSharpSeleniumTemplate.Tests.GerenciarCamposPersonalizados.EditarCampoPersonalizado" methodname="EditarCampoPersonalizado" classname="CSharpSeleniumTemplate.Tests.GerenciarCamposPersonalizados" runstate="Runnable" seed="1651040152" result="Passed" start-time="2019-05-31 11:29:09Z" end-time="2019-05-31 11:29:23Z" duration="13.435206" asserts="3" />
        </test-suite>
        <test-suite type="TestFixture" id="0-1038" name="GerenciarCategorias" fullname="CSharpSeleniumTemplate.Tests.GerenciarCategorias" classname="CSharpSeleniumTemplate.Tests.GerenciarCategorias" runstate="Runnable" testcasecount="5" result="Passed" start-time="2019-05-31 11:29:23Z" end-time="2019-05-31 11:30:14Z" duration="50.642224" total="5" passed="5" failed="0" warnings="0" inconclusive="0" skipped="0" asserts="7">
          <test-case id="0-1043" name="ApagarCategoria" fullname="CSharpSeleniumTemplate.Tests.GerenciarCategorias.ApagarCategoria" methodname="ApagarCategoria" classname="CSharpSeleniumTemplate.Tests.GerenciarCategorias" runstate="Runnable" seed="1356818177" result="Passed" start-time="2019-05-31 11:29:23Z" end-time="2019-05-31 11:29:33Z" duration="10.101197" asserts="1" />
          <test-case id="0-1039" name="CadastrarCategoria" fullname="CSharpSeleniumTemplate.Tests.GerenciarCategorias.CadastrarCategoria" methodname="CadastrarCategoria" classname="CSharpSeleniumTemplate.Tests.GerenciarCategorias" runstate="Runnable" seed="1742597832" result="Passed" start-time="2019-05-31 11:29:33Z" end-time="2019-05-31 11:29:44Z" duration="10.701478" asserts="1" />
          <test-case id="0-1041" name="CampoObrigatorioNaoPreenchido" fullname="CSharpSeleniumTemplate.Tests.GerenciarCategorias.CampoObrigatorioNaoPreenchido" methodname="CampoObrigatorioNaoPreenchido" classname="CSharpSeleniumTemplate.Tests.GerenciarCategorias" runstate="Runnable" seed="1967297103" result="Passed" start-time="2019-05-31 11:29:44Z" end-time="2019-05-31 11:29:52Z" duration="8.103531" asserts="1" />
          <test-case id="0-1040" name="CategoriaJaCadastrada" fullname="CSharpSeleniumTemplate.Tests.GerenciarCategorias.CategoriaJaCadastrada" methodname="CategoriaJaCadastrada" classname="CSharpSeleniumTemplate.Tests.GerenciarCategorias" runstate="Runnable" seed="1076734748" result="Passed" start-time="2019-05-31 11:29:52Z" end-time="2019-05-31 11:30:03Z" duration="11.578624" asserts="1" />
          <test-case id="0-1042" name="EditarCategoria" fullname="CSharpSeleniumTemplate.Tests.GerenciarCategorias.EditarCategoria" methodname="EditarCategoria" classname="CSharpSeleniumTemplate.Tests.GerenciarCategorias" runstate="Runnable" seed="1703016950" result="Passed" start-time="2019-05-31 11:30:03Z" end-time="2019-05-31 11:30:13Z" duration="10.142292" asserts="3" />
        </test-suite>
        <test-suite type="TestFixture" id="0-1006" name="GerenciarMarcadores" fullname="CSharpSeleniumTemplate.Tests.GerenciarMarcadores" classname="CSharpSeleniumTemplate.Tests.GerenciarMarcadores" runstate="Runnable" testcasecount="5" result="Passed" start-time="2019-05-31 11:30:14Z" end-time="2019-05-31 11:31:09Z" duration="55.539588" total="5" passed="5" failed="0" warnings="0" inconclusive="0" skipped="0" asserts="6">
          <test-case id="0-1010" name="ApagarMarcador" fullname="CSharpSeleniumTemplate.Tests.GerenciarMarcadores.ApagarMarcador" methodname="ApagarMarcador" classname="CSharpSeleniumTemplate.Tests.GerenciarMarcadores" runstate="Runnable" seed="316343544" result="Passed" start-time="2019-05-31 11:30:14Z" end-time="2019-05-31 11:30:28Z" duration="14.519631" asserts="1" />
          <test-case id="0-1007" name="CadastrarMarcador" fullname="CSharpSeleniumTemplate.Tests.GerenciarMarcadores.CadastrarMarcador" methodname="CadastrarMarcador" classname="CSharpSeleniumTemplate.Tests.GerenciarMarcadores" runstate="Runnable" seed="567935885" result="Passed" start-time="2019-05-31 11:30:28Z" end-time="2019-05-31 11:30:38Z" duration="10.396998" asserts="1" />
          <test-case id="0-1008" name="CampoObrigatorioNaoPreenchido" fullname="CSharpSeleniumTemplate.Tests.GerenciarMarcadores.CampoObrigatorioNaoPreenchido" methodname="CampoObrigatorioNaoPreenchido" classname="CSharpSeleniumTemplate.Tests.GerenciarMarcadores" runstate="Runnable" seed="1108999946" result="Passed" start-time="2019-05-31 11:30:38Z" end-time="2019-05-31 11:30:47Z" duration="8.859914" asserts="1" />
          <test-case id="0-1009" name="EditarMarcador" fullname="CSharpSeleniumTemplate.Tests.GerenciarMarcadores.EditarMarcador" methodname="EditarMarcador" classname="CSharpSeleniumTemplate.Tests.GerenciarMarcadores" runstate="Runnable" seed="1294424041" result="Passed" start-time="2019-05-31 11:30:47Z" end-time="2019-05-31 11:30:58Z" duration="10.379884" asserts="2" />
          <test-case id="0-1011" name="VoltarAoDetalheMarcador" fullname="CSharpSeleniumTemplate.Tests.GerenciarMarcadores.VoltarAoDetalheMarcador" methodname="VoltarAoDetalheMarcador" classname="CSharpSeleniumTemplate.Tests.GerenciarMarcadores" runstate="Runnable" seed="46193668" result="Passed" start-time="2019-05-31 11:30:58Z" end-time="2019-05-31 11:31:09Z" duration="11.341222" asserts="1" />
        </test-suite>
        <test-suite type="TestFixture" id="0-1012" name="GerenciarPerfisGlobais" fullname="CSharpSeleniumTemplate.Tests.GerenciarPerfisGlobais" classname="CSharpSeleniumTemplate.Tests.GerenciarPerfisGlobais" runstate="Runnable" testcasecount="8" result="Passed" start-time="2019-05-31 11:31:09Z" end-time="2019-05-31 11:32:26Z" duration="77.330420" total="8" passed="8" failed="0" warnings="0" inconclusive="0" skipped="0" asserts="9">
          <test-case id="0-1020" name="ApagarPerfilScucesso" fullname="CSharpSeleniumTemplate.Tests.GerenciarPerfisGlobais.ApagarPerfilScucesso" methodname="ApagarPerfilScucesso" classname="CSharpSeleniumTemplate.Tests.GerenciarPerfisGlobais" runstate="Runnable" seed="1936505098" result="Passed" start-time="2019-05-31 11:31:09Z" end-time="2019-05-31 11:31:19Z" duration="9.858870" asserts="1" />
          <test-case id="0-1019" name="ApagarSemSelecionarUmPerfil" fullname="CSharpSeleniumTemplate.Tests.GerenciarPerfisGlobais.ApagarSemSelecionarUmPerfil" methodname="ApagarSemSelecionarUmPerfil" classname="CSharpSeleniumTemplate.Tests.GerenciarPerfisGlobais" runstate="Runnable" seed="1769644071" result="Passed" start-time="2019-05-31 11:31:19Z" end-time="2019-05-31 11:31:28Z" duration="9.501860" asserts="1" />
          <test-case id="0-1013" name="CadastrarPerfilSucesso" fullname="CSharpSeleniumTemplate.Tests.GerenciarPerfisGlobais.CadastrarPerfilSucesso" methodname="CadastrarPerfilSucesso" classname="CSharpSeleniumTemplate.Tests.GerenciarPerfisGlobais" runstate="Runnable" seed="977051525" result="Passed" start-time="2019-05-31 11:31:28Z" end-time="2019-05-31 11:31:37Z" duration="9.035398" asserts="1" />
          <test-case id="0-1018" name="EditarPerfilSucesso" fullname="CSharpSeleniumTemplate.Tests.GerenciarPerfisGlobais.EditarPerfilSucesso" methodname="EditarPerfilSucesso" classname="CSharpSeleniumTemplate.Tests.GerenciarPerfisGlobais" runstate="Runnable" seed="1947068080" result="Passed" start-time="2019-05-31 11:31:37Z" end-time="2019-05-31 11:31:50Z" duration="12.075454" asserts="2" />
          <test-case id="0-1017" name="EditarSemSelecionarUmPerfil" fullname="CSharpSeleniumTemplate.Tests.GerenciarPerfisGlobais.EditarSemSelecionarUmPerfil" methodname="EditarSemSelecionarUmPerfil" classname="CSharpSeleniumTemplate.Tests.GerenciarPerfisGlobais" runstate="Runnable" seed="1394985072" result="Passed" start-time="2019-05-31 11:31:50Z" end-time="2019-05-31 11:32:00Z" duration="10.501551" asserts="1" />
          <test-case id="0-1016" name="EnviarSemSelecionarUmdosParametros" fullname="CSharpSeleniumTemplate.Tests.GerenciarPerfisGlobais.EnviarSemSelecionarUmdosParametros" methodname="EnviarSemSelecionarUmdosParametros" classname="CSharpSeleniumTemplate.Tests.GerenciarPerfisGlobais" runstate="Runnable" seed="892626595" result="Passed" start-time="2019-05-31 11:32:00Z" end-time="2019-05-31 11:32:10Z" duration="10.110632" asserts="1" />
          <test-case id="0-1014" name="PlataformaNaoPreenchida" fullname="CSharpSeleniumTemplate.Tests.GerenciarPerfisGlobais.PlataformaNaoPreenchida" methodname="PlataformaNaoPreenchida" classname="CSharpSeleniumTemplate.Tests.GerenciarPerfisGlobais" runstate="Runnable" seed="1450152602" result="Passed" start-time="2019-05-31 11:32:10Z" end-time="2019-05-31 11:32:19Z" duration="8.826026" asserts="1" />
          <test-case id="0-1015" name="VersaoSONaoPreenchida" fullname="CSharpSeleniumTemplate.Tests.GerenciarPerfisGlobais.VersaoSONaoPreenchida" methodname="VersaoSONaoPreenchida" classname="CSharpSeleniumTemplate.Tests.GerenciarPerfisGlobais" runstate="Runnable" seed="1052639238" result="Passed" start-time="2019-05-31 11:32:19Z" end-time="2019-05-31 11:32:26Z" duration="7.403424" asserts="1" />
        </test-suite>
        <test-suite type="TestFixture" id="0-1021" name="GerenciarProjetos" fullname="CSharpSeleniumTemplate.Tests.GerenciarProjetos" classname="CSharpSeleniumTemplate.Tests.GerenciarProjetos" runstate="Runnable" testcasecount="5" result="Passed" start-time="2019-05-31 11:32:26Z" end-time="2019-05-31 11:33:16Z" duration="50.006051" total="5" passed="5" failed="0" warnings="0" inconclusive="0" skipped="0" asserts="7">
          <test-case id="0-1026" name="ApagarProjeto" fullname="CSharpSeleniumTemplate.Tests.GerenciarProjetos.ApagarProjeto" methodname="ApagarProjeto" classname="CSharpSeleniumTemplate.Tests.GerenciarProjetos" runstate="Runnable" seed="1420438366" result="Passed" start-time="2019-05-31 11:32:26Z" end-time="2019-05-31 11:32:37Z" duration="10.775348" asserts="1" />
          <test-case id="0-1022" name="CadastrarProjeto" fullname="CSharpSeleniumTemplate.Tests.GerenciarProjetos.CadastrarProjeto" methodname="CadastrarProjeto" classname="CSharpSeleniumTemplate.Tests.GerenciarProjetos" runstate="Runnable" seed="1885782371" result="Passed" start-time="2019-05-31 11:32:37Z" end-time="2019-05-31 11:32:47Z" duration="9.430619" asserts="2" />
          <test-case id="0-1023" name="CadastroJaRealizado" fullname="CSharpSeleniumTemplate.Tests.GerenciarProjetos.CadastroJaRealizado" methodname="CadastroJaRealizado" classname="CSharpSeleniumTemplate.Tests.GerenciarProjetos" runstate="Runnable" seed="59572114" result="Passed" start-time="2019-05-31 11:32:47Z" end-time="2019-05-31 11:32:57Z" duration="10.723959" asserts="1" />
          <test-case id="0-1024" name="CampoNomeProjetoNaoPreenchidos" fullname="CSharpSeleniumTemplate.Tests.GerenciarProjetos.CampoNomeProjetoNaoPreenchidos" methodname="CampoNomeProjetoNaoPreenchidos" classname="CSharpSeleniumTemplate.Tests.GerenciarProjetos" runstate="Runnable" seed="6920929" result="Passed" start-time="2019-05-31 11:32:57Z" end-time="2019-05-31 11:33:06Z" duration="8.307597" asserts="1" />
          <test-case id="0-1025" name="EditarProjeto" fullname="CSharpSeleniumTemplate.Tests.GerenciarProjetos.EditarProjeto" methodname="EditarProjeto" classname="CSharpSeleniumTemplate.Tests.GerenciarProjetos" runstate="Runnable" seed="1254952214" result="Passed" start-time="2019-05-31 11:33:06Z" end-time="2019-05-31 11:33:16Z" duration="10.725211" asserts="2" />
        </test-suite>
        <test-suite type="TestFixture" id="0-1044" name="GerenciarTarefas" fullname="CSharpSeleniumTemplate.Tests.GerenciarTarefas" classname="CSharpSeleniumTemplate.Tests.GerenciarTarefas" runstate="Runnable" testcasecount="5" result="Passed" start-time="2019-05-31 11:33:16Z" end-time="2019-05-31 11:34:17Z" duration="60.924837" total="5" passed="5" failed="0" warnings="0" inconclusive="0" skipped="0" asserts="5">
          <test-case id="0-1047" name="AcessarEditarTarefa" fullname="CSharpSeleniumTemplate.Tests.GerenciarTarefas.AcessarEditarTarefa" methodname="AcessarEditarTarefa" classname="CSharpSeleniumTemplate.Tests.GerenciarTarefas" runstate="Runnable" seed="1132609650" result="Passed" start-time="2019-05-31 11:33:16Z" end-time="2019-05-31 11:33:27Z" duration="10.150520" asserts="1" />
          <test-case id="0-1049" name="AdicionarAnotacaoSemCampoObrigatorio" fullname="CSharpSeleniumTemplate.Tests.GerenciarTarefas.AdicionarAnotacaoSemCampoObrigatorio" methodname="AdicionarAnotacaoSemCampoObrigatorio" classname="CSharpSeleniumTemplate.Tests.GerenciarTarefas" runstate="Runnable" seed="1704502381" result="Passed" start-time="2019-05-31 11:33:27Z" end-time="2019-05-31 11:33:39Z" duration="12.312668" asserts="1" />
          <test-case id="0-1045" name="PesquisarTarefa" fullname="CSharpSeleniumTemplate.Tests.GerenciarTarefas.PesquisarTarefa" methodname="PesquisarTarefa" classname="CSharpSeleniumTemplate.Tests.GerenciarTarefas" runstate="Runnable" seed="183315584" result="Passed" start-time="2019-05-31 11:33:39Z" end-time="2019-05-31 11:33:52Z" duration="13.308871" asserts="1" />
          <test-case id="0-1046" name="SelecionarTodasTarefas" fullname="CSharpSeleniumTemplate.Tests.GerenciarTarefas.SelecionarTodasTarefas" methodname="SelecionarTodasTarefas" classname="CSharpSeleniumTemplate.Tests.GerenciarTarefas" runstate="Runnable" seed="1849051474" result="Passed" start-time="2019-05-31 11:33:52Z" end-time="2019-05-31 11:34:06Z" duration="14.052931" asserts="1" />
          <test-case id="0-1048" name="VoltarDetalheTarefa" fullname="CSharpSeleniumTemplate.Tests.GerenciarTarefas.VoltarDetalheTarefa" methodname="VoltarDetalheTarefa" classname="CSharpSeleniumTemplate.Tests.GerenciarTarefas" runstate="Runnable" seed="1046864766" result="Passed" start-time="2019-05-31 11:34:06Z" end-time="2019-05-31 11:34:17Z" duration="11.078589" asserts="1" />
        </test-suite>
        <test-suite type="TestFixture" id="0-1050" name="GerenciarUsuarios" fullname="CSharpSeleniumTemplate.Tests.GerenciarUsuarios" classname="CSharpSeleniumTemplate.Tests.GerenciarUsuarios" runstate="Runnable" testcasecount="10" result="Passed" start-time="2019-05-31 11:34:17Z" end-time="2019-05-31 11:36:02Z" duration="105.127556" total="10" passed="10" failed="0" warnings="0" inconclusive="0" skipped="0" asserts="15">
          <test-case id="0-1057" name="ApagarUsuario" fullname="CSharpSeleniumTemplate.Tests.GerenciarUsuarios.ApagarUsuario" methodname="ApagarUsuario" classname="CSharpSeleniumTemplate.Tests.GerenciarUsuarios" runstate="Runnable" seed="1991066947" result="Passed" start-time="2019-05-31 11:34:17Z" end-time="2019-05-31 11:34:28Z" duration="10.910807" asserts="2" />
          <test-case id="0-1051" name="CadastrarUsuarioApenasCamposObrigatorios" fullname="CSharpSeleniumTemplate.Tests.GerenciarUsuarios.CadastrarUsuarioApenasCamposObrigatorios" methodname="CadastrarUsuarioApenasCamposObrigatorios" classname="CSharpSeleniumTemplate.Tests.GerenciarUsuarios" runstate="Runnable" seed="1487666196" result="Passed" start-time="2019-05-31 11:34:28Z" end-time="2019-05-31 11:34:37Z" duration="8.803147" asserts="2" />
          <test-case id="0-1052" name="CadastrarUsuarioTodosCampos" fullname="CSharpSeleniumTemplate.Tests.GerenciarUsuarios.CadastrarUsuarioTodosCampos" methodname="CadastrarUsuarioTodosCampos" classname="CSharpSeleniumTemplate.Tests.GerenciarUsuarios" runstate="Runnable" seed="783796301" result="Passed" start-time="2019-05-31 11:34:37Z" end-time="2019-05-31 11:34:48Z" duration="10.994417" asserts="2" />
          <test-case id="0-1053" name="CampoNomeNaoPreenchido" fullname="CSharpSeleniumTemplate.Tests.GerenciarUsuarios.CampoNomeNaoPreenchido" methodname="CampoNomeNaoPreenchido" classname="CSharpSeleniumTemplate.Tests.GerenciarUsuarios" runstate="Runnable" seed="1682174062" result="Passed" start-time="2019-05-31 11:34:48Z" end-time="2019-05-31 11:34:57Z" duration="8.964604" asserts="1" />
          <test-case id="0-1056" name="EditarUsuario" fullname="CSharpSeleniumTemplate.Tests.GerenciarUsuarios.EditarUsuario" methodname="EditarUsuario" classname="CSharpSeleniumTemplate.Tests.GerenciarUsuarios" runstate="Runnable" seed="497123596" result="Passed" start-time="2019-05-31 11:34:57Z" end-time="2019-05-31 11:35:08Z" duration="11.156574" asserts="3" />
          <test-case id="0-1059" name="EmailInvalido" fullname="CSharpSeleniumTemplate.Tests.GerenciarUsuarios.EmailInvalido" methodname="EmailInvalido" classname="CSharpSeleniumTemplate.Tests.GerenciarUsuarios" runstate="Runnable" seed="636901495" result="Passed" start-time="2019-05-31 11:35:08Z" end-time="2019-05-31 11:35:18Z" duration="9.518646" asserts="1" />
          <test-case id="0-1055" name="EmailJaCadastrado" fullname="CSharpSeleniumTemplate.Tests.GerenciarUsuarios.EmailJaCadastrado" methodname="EmailJaCadastrado" classname="CSharpSeleniumTemplate.Tests.GerenciarUsuarios" runstate="Runnable" seed="19289624" result="Passed" start-time="2019-05-31 11:35:18Z" end-time="2019-05-31 11:35:29Z" duration="11.527130" asserts="1" />
          <test-case id="0-1060" name="PesquisarUsuarios" fullname="CSharpSeleniumTemplate.Tests.GerenciarUsuarios.PesquisarUsuarios" methodname="PesquisarUsuarios" classname="CSharpSeleniumTemplate.Tests.GerenciarUsuarios" runstate="Runnable" seed="863772711" result="Passed" start-time="2019-05-31 11:35:29Z" end-time="2019-05-31 11:35:39Z" duration="10.211732" asserts="1" />
          <test-case id="0-1058" name="RedefinirSenhaSemPreencherEmail" fullname="CSharpSeleniumTemplate.Tests.GerenciarUsuarios.RedefinirSenhaSemPreencherEmail" methodname="RedefinirSenhaSemPreencherEmail" classname="CSharpSeleniumTemplate.Tests.GerenciarUsuarios" runstate="Runnable" seed="1291851850" result="Passed" start-time="2019-05-31 11:35:39Z" end-time="2019-05-31 11:35:52Z" duration="12.247226" asserts="1" />
          <test-case id="0-1054" name="UsuarioJaCadastrado" fullname="CSharpSeleniumTemplate.Tests.GerenciarUsuarios.UsuarioJaCadastrado" methodname="UsuarioJaCadastrado" classname="CSharpSeleniumTemplate.Tests.GerenciarUsuarios" runstate="Runnable" seed="1581758564" result="Passed" start-time="2019-05-31 11:35:52Z" end-time="2019-05-31 11:36:02Z" duration="10.769633" asserts="1" />
        </test-suite>
        <test-suite type="TestFixture" id="0-1061" name="LoginTests" fullname="CSharpSeleniumTemplate.Tests.LoginTests" classname="CSharpSeleniumTemplate.Tests.LoginTests" runstate="Runnable" testcasecount="4" result="Passed" start-time="2019-05-31 11:36:02Z" end-time="2019-05-31 11:36:33Z" duration="30.595860" total="4" passed="4" failed="0" warnings="0" inconclusive="0" skipped="0" asserts="4">
          <test-case id="0-1062" name="EfetuarLoginComSucesso" fullname="CSharpSeleniumTemplate.Tests.LoginTests.EfetuarLoginComSucesso" methodname="EfetuarLoginComSucesso" classname="CSharpSeleniumTemplate.Tests.LoginTests" runstate="Runnable" seed="1822259747" result="Passed" start-time="2019-05-31 11:36:02Z" end-time="2019-05-31 11:36:12Z" duration="9.298217" asserts="1" />
          <test-suite type="ParameterizedMethod" id="0-1066" name="EfetuarLoginInformandoUsuarioInvalido" fullname="CSharpSeleniumTemplate.Tests.LoginTests.EfetuarLoginInformandoUsuarioInvalido" classname="CSharpSeleniumTemplate.Tests.LoginTests" runstate="Runnable" testcasecount="3" result="Passed" start-time="2019-05-31 11:36:12Z" end-time="2019-05-31 11:36:33Z" duration="21.137205" total="3" passed="3" failed="0" warnings="0" inconclusive="0" skipped="0" asserts="3">
            <test-case id="0-1063" name="EfetuarLoginInformandoUsuarioInvalido(System.Collections.ArrayList)" fullname="CSharpSeleniumTemplate.Tests.LoginTests.EfetuarLoginInformandoUsuarioInvalido(System.Collections.ArrayList)" methodname="EfetuarLoginInformandoUsuarioInvalido" classname="CSharpSeleniumTemplate.Tests.LoginTests" runstate="Runnable" seed="533816278" result="Passed" start-time="2019-05-31 11:36:12Z" end-time="2019-05-31 11:36:19Z" duration="7.406953" asserts="1" />
            <test-case id="0-1064" name="EfetuarLoginInformandoUsuarioInvalido(System.Collections.ArrayList)" fullname="CSharpSeleniumTemplate.Tests.LoginTests.EfetuarLoginInformandoUsuarioInvalido(System.Collections.ArrayList)" methodname="EfetuarLoginInformandoUsuarioInvalido" classname="CSharpSeleniumTemplate.Tests.LoginTests" runstate="Runnable" seed="1008370854" result="Passed" start-time="2019-05-31 11:36:19Z" end-time="2019-05-31 11:36:26Z" duration="6.451468" asserts="1" />
            <test-case id="0-1065" name="EfetuarLoginInformandoUsuarioInvalido(System.Collections.ArrayList)" fullname="CSharpSeleniumTemplate.Tests.LoginTests.EfetuarLoginInformandoUsuarioInvalido(System.Collections.ArrayList)" methodname="EfetuarLoginInformandoUsuarioInvalido" classname="CSharpSeleniumTemplate.Tests.LoginTests" runstate="Runnable" seed="2839470" result="Passed" start-time="2019-05-31 11:36:26Z" end-time="2019-05-31 11:36:33Z" duration="7.278484" asserts="1" />
          </test-suite>
        </test-suite>
      </test-suite>
    </test-suite>
  </test-suite>
</test-run>