<?xml version="1.0" encoding="utf-8" standalone="no"?>
<test-run start-time="2019-05-30 17:37:20Z">
  <command-line><![CDATA["C:\Program Files (x86)\NUnit.Console-3.10.0\bin\net35\nunit3-console.exe"  "CSharpSeleniumTemplate.dll" --inprocess --labels=On]]></command-line>
</test-run>