<?xml version="1.0" encoding="utf-8" standalone="no"?>
<test-run id="2" testcasecount="56" result="Failed" total="56" passed="55" failed="1" inconclusive="0" skipped="0" asserts="76" engine-version="3.10.0.0" clr-version="4.0.30319.42000" start-time="2019-05-28 12:56:41Z" end-time="2019-05-28 13:12:49Z" duration="967.941998">
  <command-line><![CDATA["C:\Program Files (x86)\NUnit.Console-3.10.0\bin\net35\nunit3-console.exe"  "CSharpSeleniumTemplate.dll" --inprocess --labels=On]]></command-line>
  <test-suite type="Assembly" id="0-1067" name="CSharpSeleniumTemplate.dll" fullname="CSharpSeleniumTemplate.dll" runstate="Runnable" testcasecount="56" result="Failed" site="Child" start-time="2019-05-28 12:56:42Z" end-time="2019-05-28 13:12:49Z" duration="967.479476" total="56" passed="55" failed="1" warnings="0" inconclusive="0" skipped="0" asserts="76">
    <environment framework-version="3.11.0.0" clr-version="4.0.30319.42000" os-version="Microsoft Windows NT 10.0.17763.0" platform="Win32NT" cwd="C:\Mantis2\csharpseleniumextentreporttemplate-master\CSharpSeleniumTemplate\bin\Debug" machine-name="PLUTO" user="SISTEMA" user-domain="WORKGROUP" culture="pt-BR" uiculture="pt-BR" os-architecture="x64" />
    <settings>
      <setting name="ProcessModel" value="InProcess" />
      <setting name="DisposeRunners" value="True" />
      <setting name="WorkDirectory" value="C:\Mantis2\csharpseleniumextentreporttemplate-master\CSharpSeleniumTemplate\bin\Debug" />
      <setting name="ImageRuntimeVersion" value="4.0.30319" />
      <setting name="ImageTargetFrameworkName" value=".NETFramework,Version=v4.6.1" />
      <setting name="ImageRequiresX86" value="False" />
      <setting name="ImageRequiresDefaultAppDomainAssemblyResolver" value="False" />
      <setting name="NumberOfTestWorkers" value="4" />
    </settings>
    <properties>
      <property name="_PID" value="14504" />
      <property name="_APPDOMAIN" value="domain-" />
    </properties>
    <failure>
      <message><![CDATA[One or more child tests had errors]]></message>
    </failure>
    <test-suite type="TestSuite" id="0-1068" name="CSharpSeleniumTemplate" fullname="CSharpSeleniumTemplate" runstate="Runnable" testcasecount="56" result="Failed" site="Child" start-time="2019-05-28 12:56:42Z" end-time="2019-05-28 13:12:49Z" duration="967.460740" total="56" passed="55" failed="1" warnings="0" inconclusive="0" skipped="0" asserts="76">
      <failure>
        <message><![CDATA[One or more child tests had errors]]></message>
      </failure>
      <test-suite type="TestSuite" id="0-1069" name="Tests" fullname="CSharpSeleniumTemplate.Tests" runstate="Runnable" testcasecount="56" result="Failed" site="Child" start-time="2019-05-28 12:56:42Z" end-time="2019-05-28 13:12:49Z" duration="967.460208" total="56" passed="55" failed="1" warnings="0" inconclusive="0" skipped="0" asserts="76">
        <failure>
          <message><![CDATA[One or more child tests had errors]]></message>
        </failure>
        <test-suite type="TestFixture" id="0-1027" name="CriarTarefa" fullname="CSharpSeleniumTemplate.Tests.CriarTarefa" classname="CSharpSeleniumTemplate.Tests.CriarTarefa" runstate="Runnable" testcasecount="9" result="Failed" site="Child" start-time="2019-05-28 12:56:42Z" end-time="2019-05-28 12:59:37Z" duration="174.874765" total="9" passed="8" failed="1" warnings="0" inconclusive="0" skipped="0" asserts="14">
          <failure>
            <message><![CDATA[One or more child tests had errors]]></message>
          </failure>
          <test-case id="0-1035" name="CadastrarMaisTarefas" fullname="CSharpSeleniumTemplate.Tests.CriarTarefa.CadastrarMaisTarefas" methodname="CadastrarMaisTarefas" classname="CSharpSeleniumTemplate.Tests.CriarTarefa" runstate="Runnable" seed="766314010" result="Failed" label="Error" start-time="2019-05-28 12:56:42Z" end-time="2019-05-28 12:57:06Z" duration="23.950111" asserts="0">
            <failure>
              <message><![CDATA[OpenQA.Selenium.WebDriverException : Error forwarding the new session Error forwarding the request Read timed out
TearDown : System.NullReferenceException : Referência de objeto não definida para uma instância de um objeto.]]></message>
              <stack-trace><![CDATA[   em OpenQA.Selenium.Remote.RemoteWebDriver.UnpackAndThrowOnError(Response errorResponse)
   em OpenQA.Selenium.Remote.RemoteWebDriver.Execute(String driverCommandToExecute, Dictionary`2 parameters)
   em OpenQA.Selenium.Remote.RemoteWebDriver.StartSession(ICapabilities desiredCapabilities)
   em OpenQA.Selenium.Remote.RemoteWebDriver..ctor(ICommandExecutor commandExecutor, ICapabilities desiredCapabilities)
   em OpenQA.Selenium.Remote.RemoteWebDriver..ctor(Uri remoteAddress, ICapabilities desiredCapabilities)
   em CSharpSeleniumTemplate.Helpers.DriverFactory.CreateInstance() na C:\Mantis2\csharpseleniumextentreporttemplate-master\CSharpSeleniumTemplate\Helpers\DriverFactory.cs:linha 52
   em CSharpSeleniumTemplate.Bases.TestBase.SetUp() na C:\Mantis2\csharpseleniumextentreporttemplate-master\CSharpSeleniumTemplate\Bases\TestBase.cs:linha 26
--TearDown
   em CSharpSeleniumTemplate.Helpers.GeneralHelpers.GetScreenshot(String path) na C:\Mantis2\csharpseleniumextentreporttemplate-master\CSharpSeleniumTemplate\Helpers\GeneralHelpers.cs:linha 65
   em CSharpSeleniumTemplate.Helpers.ExtentReportHelpers.GetScreenShotMedia() na C:\Mantis2\csharpseleniumextentreporttemplate-master\CSharpSeleniumTemplate\Helpers\ExtentReportHelpers.cs:linha 46
   em CSharpSeleniumTemplate.Helpers.ExtentReportHelpers.AddTestResult() na C:\Mantis2\csharpseleniumextentreporttemplate-master\CSharpSeleniumTemplate\Helpers\ExtentReportHelpers.cs:linha 60
   em CSharpSeleniumTemplate.Bases.TestBase.TearDown() na C:\Mantis2\csharpseleniumextentreporttemplate-master\CSharpSeleniumTemplate\Bases\TestBase.cs:linha 42]]></stack-trace>
            </failure>
          </test-case>
          <test-case id="0-1028" name="CadastrarTarefaApenasCamposObrigatorios" fullname="CSharpSeleniumTemplate.Tests.CriarTarefa.CadastrarTarefaApenasCamposObrigatorios" methodname="CadastrarTarefaApenasCamposObrigatorios" classname="CSharpSeleniumTemplate.Tests.CriarTarefa" runstate="Runnable" seed="1310911705" result="Passed" start-time="2019-05-28 12:57:06Z" end-time="2019-05-28 12:57:42Z" duration="35.434978" asserts="2" />
          <test-suite type="ParameterizedMethod" id="0-1034" name="CadastrarTarefaTodosCampos" fullname="CSharpSeleniumTemplate.Tests.CriarTarefa.CadastrarTarefaTodosCampos" classname="CSharpSeleniumTemplate.Tests.CriarTarefa" runstate="Runnable" testcasecount="5" result="Passed" start-time="2019-05-28 12:57:42Z" end-time="2019-05-28 12:59:08Z" duration="86.104959" total="5" passed="5" failed="0" warnings="0" inconclusive="0" skipped="0" asserts="10">
            <test-case id="0-1029" name="CadastrarTarefaTodosCampos(System.Collections.ArrayList)" fullname="CSharpSeleniumTemplate.Tests.CriarTarefa.CadastrarTarefaTodosCampos(System.Collections.ArrayList)" methodname="CadastrarTarefaTodosCampos" classname="CSharpSeleniumTemplate.Tests.CriarTarefa" runstate="Runnable" seed="88891676" result="Passed" start-time="2019-05-28 12:57:42Z" end-time="2019-05-28 12:58:04Z" duration="22.486115" asserts="2" />
            <test-case id="0-1030" name="CadastrarTarefaTodosCampos(System.Collections.ArrayList)" fullname="CSharpSeleniumTemplate.Tests.CriarTarefa.CadastrarTarefaTodosCampos(System.Collections.ArrayList)" methodname="CadastrarTarefaTodosCampos" classname="CSharpSeleniumTemplate.Tests.CriarTarefa" runstate="Runnable" seed="1370395318" result="Passed" start-time="2019-05-28 12:58:04Z" end-time="2019-05-28 12:58:21Z" duration="16.513276" asserts="2" />
            <test-case id="0-1031" name="CadastrarTarefaTodosCampos(System.Collections.ArrayList)" fullname="CSharpSeleniumTemplate.Tests.CriarTarefa.CadastrarTarefaTodosCampos(System.Collections.ArrayList)" methodname="CadastrarTarefaTodosCampos" classname="CSharpSeleniumTemplate.Tests.CriarTarefa" runstate="Runnable" seed="1965289925" result="Passed" start-time="2019-05-28 12:58:21Z" end-time="2019-05-28 12:58:36Z" duration="15.448848" asserts="2" />
            <test-case id="0-1032" name="CadastrarTarefaTodosCampos(System.Collections.ArrayList)" fullname="CSharpSeleniumTemplate.Tests.CriarTarefa.CadastrarTarefaTodosCampos(System.Collections.ArrayList)" methodname="CadastrarTarefaTodosCampos" classname="CSharpSeleniumTemplate.Tests.CriarTarefa" runstate="Runnable" seed="871159728" result="Passed" start-time="2019-05-28 12:58:36Z" end-time="2019-05-28 12:58:53Z" duration="16.684961" asserts="2" />
            <test-case id="0-1033" name="CadastrarTarefaTodosCampos(System.Collections.ArrayList)" fullname="CSharpSeleniumTemplate.Tests.CriarTarefa.CadastrarTarefaTodosCampos(System.Collections.ArrayList)" methodname="CadastrarTarefaTodosCampos" classname="CSharpSeleniumTemplate.Tests.CriarTarefa" runstate="Runnable" seed="1410095672" result="Passed" start-time="2019-05-28 12:58:53Z" end-time="2019-05-28 12:59:08Z" duration="14.969064" asserts="2" />
          </test-suite>
          <test-case id="0-1037" name="CampoDescricaoNaoPreenchido" fullname="CSharpSeleniumTemplate.Tests.CriarTarefa.CampoDescricaoNaoPreenchido" methodname="CampoDescricaoNaoPreenchido" classname="CSharpSeleniumTemplate.Tests.CriarTarefa" runstate="Runnable" seed="1447600728" result="Passed" start-time="2019-05-28 12:59:08Z" end-time="2019-05-28 12:59:20Z" duration="12.056913" asserts="1" />
          <test-case id="0-1036" name="CampoResumoNaoPreenchido" fullname="CSharpSeleniumTemplate.Tests.CriarTarefa.CampoResumoNaoPreenchido" methodname="CampoResumoNaoPreenchido" classname="CSharpSeleniumTemplate.Tests.CriarTarefa" runstate="Runnable" seed="1706148382" result="Passed" start-time="2019-05-28 12:59:20Z" end-time="2019-05-28 12:59:31Z" duration="11.543572" asserts="1" />
        </test-suite>
        <test-suite type="TestFixture" id="0-1000" name="GerenciarCamposPersonalizados" fullname="CSharpSeleniumTemplate.Tests.GerenciarCamposPersonalizados" classname="CSharpSeleniumTemplate.Tests.GerenciarCamposPersonalizados" runstate="Runnable" testcasecount="5" result="Passed" start-time="2019-05-28 12:59:37Z" end-time="2019-05-28 13:00:59Z" duration="82.369539" total="5" passed="5" failed="0" warnings="0" inconclusive="0" skipped="0" asserts="9">
          <test-case id="0-1005" name="ApagarCampoPersonalizado" fullname="CSharpSeleniumTemplate.Tests.GerenciarCamposPersonalizados.ApagarCampoPersonalizado" methodname="ApagarCampoPersonalizado" classname="CSharpSeleniumTemplate.Tests.GerenciarCamposPersonalizados" runstate="Runnable" seed="1031996283" result="Passed" start-time="2019-05-28 12:59:37Z" end-time="2019-05-28 12:59:56Z" duration="19.740073" asserts="2" />
          <test-case id="0-1001" name="CadastrarCampoPersonalizado" fullname="CSharpSeleniumTemplate.Tests.GerenciarCamposPersonalizados.CadastrarCampoPersonalizado" methodname="CadastrarCampoPersonalizado" classname="CSharpSeleniumTemplate.Tests.GerenciarCamposPersonalizados" runstate="Runnable" seed="54665771" result="Passed" start-time="2019-05-28 12:59:56Z" end-time="2019-05-28 13:00:09Z" duration="12.709361" asserts="2" />
          <test-case id="0-1002" name="CampoObrigatorioNaoInformado" fullname="CSharpSeleniumTemplate.Tests.GerenciarCamposPersonalizados.CampoObrigatorioNaoInformado" methodname="CampoObrigatorioNaoInformado" classname="CSharpSeleniumTemplate.Tests.GerenciarCamposPersonalizados" runstate="Runnable" seed="22717095" result="Passed" start-time="2019-05-28 13:00:09Z" end-time="2019-05-28 13:00:20Z" duration="11.034872" asserts="1" />
          <test-case id="0-1003" name="CampoPersonalizadoJaCadastrado" fullname="CSharpSeleniumTemplate.Tests.GerenciarCamposPersonalizados.CampoPersonalizadoJaCadastrado" methodname="CampoPersonalizadoJaCadastrado" classname="CSharpSeleniumTemplate.Tests.GerenciarCamposPersonalizados" runstate="Runnable" seed="2091051865" result="Passed" start-time="2019-05-28 13:00:20Z" end-time="2019-05-28 13:00:39Z" duration="19.149772" asserts="1" />
          <test-case id="0-1004" name="EditarCampoPersonalizado" fullname="CSharpSeleniumTemplate.Tests.GerenciarCamposPersonalizados.EditarCampoPersonalizado" methodname="EditarCampoPersonalizado" classname="CSharpSeleniumTemplate.Tests.GerenciarCamposPersonalizados" runstate="Runnable" seed="1068619971" result="Passed" start-time="2019-05-28 13:00:39Z" end-time="2019-05-28 13:00:59Z" duration="19.720588" asserts="3" />
        </test-suite>
        <test-suite type="TestFixture" id="0-1038" name="GerenciarCategorias" fullname="CSharpSeleniumTemplate.Tests.GerenciarCategorias" classname="CSharpSeleniumTemplate.Tests.GerenciarCategorias" runstate="Runnable" testcasecount="5" result="Passed" start-time="2019-05-28 13:00:59Z" end-time="2019-05-28 13:02:18Z" duration="78.667186" total="5" passed="5" failed="0" warnings="0" inconclusive="0" skipped="0" asserts="7">
          <test-case id="0-1043" name="ApagarCategoria" fullname="CSharpSeleniumTemplate.Tests.GerenciarCategorias.ApagarCategoria" methodname="ApagarCategoria" classname="CSharpSeleniumTemplate.Tests.GerenciarCategorias" runstate="Runnable" seed="982116866" result="Passed" start-time="2019-05-28 13:00:59Z" end-time="2019-05-28 13:01:17Z" duration="18.058146" asserts="1" />
          <test-case id="0-1039" name="CadastrarCategoria" fullname="CSharpSeleniumTemplate.Tests.GerenciarCategorias.CadastrarCategoria" methodname="CadastrarCategoria" classname="CSharpSeleniumTemplate.Tests.GerenciarCategorias" runstate="Runnable" seed="1055641392" result="Passed" start-time="2019-05-28 13:01:17Z" end-time="2019-05-28 13:01:30Z" duration="13.363910" asserts="1" />
          <test-case id="0-1041" name="CampoObrigatorioNaoPreenchido" fullname="CSharpSeleniumTemplate.Tests.GerenciarCategorias.CampoObrigatorioNaoPreenchido" methodname="CampoObrigatorioNaoPreenchido" classname="CSharpSeleniumTemplate.Tests.GerenciarCategorias" runstate="Runnable" seed="826810081" result="Passed" start-time="2019-05-28 13:01:30Z" end-time="2019-05-28 13:01:42Z" duration="11.797637" asserts="1" />
          <test-case id="0-1040" name="CategoriaJaCadastrada" fullname="CSharpSeleniumTemplate.Tests.GerenciarCategorias.CategoriaJaCadastrada" methodname="CategoriaJaCadastrada" classname="CSharpSeleniumTemplate.Tests.GerenciarCategorias" runstate="Runnable" seed="874850910" result="Passed" start-time="2019-05-28 13:01:42Z" end-time="2019-05-28 13:02:00Z" duration="17.566566" asserts="1" />
          <test-case id="0-1042" name="EditarCategoria" fullname="CSharpSeleniumTemplate.Tests.GerenciarCategorias.EditarCategoria" methodname="EditarCategoria" classname="CSharpSeleniumTemplate.Tests.GerenciarCategorias" runstate="Runnable" seed="1800686192" result="Passed" start-time="2019-05-28 13:02:00Z" end-time="2019-05-28 13:02:18Z" duration="17.863729" asserts="3" />
        </test-suite>
        <test-suite type="TestFixture" id="0-1006" name="GerenciarMarcadores" fullname="CSharpSeleniumTemplate.Tests.GerenciarMarcadores" classname="CSharpSeleniumTemplate.Tests.GerenciarMarcadores" runstate="Runnable" testcasecount="5" result="Passed" start-time="2019-05-28 13:02:18Z" end-time="2019-05-28 13:03:53Z" duration="95.186043" total="5" passed="5" failed="0" warnings="0" inconclusive="0" skipped="0" asserts="6">
          <test-case id="0-1010" name="ApagarMarcador" fullname="CSharpSeleniumTemplate.Tests.GerenciarMarcadores.ApagarMarcador" methodname="ApagarMarcador" classname="CSharpSeleniumTemplate.Tests.GerenciarMarcadores" runstate="Runnable" seed="755722650" result="Passed" start-time="2019-05-28 13:02:18Z" end-time="2019-05-28 13:02:38Z" duration="20.165543" asserts="1" />
          <test-case id="0-1007" name="CadastrarMarcador" fullname="CSharpSeleniumTemplate.Tests.GerenciarMarcadores.CadastrarMarcador" methodname="CadastrarMarcador" classname="CSharpSeleniumTemplate.Tests.GerenciarMarcadores" runstate="Runnable" seed="811248694" result="Passed" start-time="2019-05-28 13:02:38Z" end-time="2019-05-28 13:02:51Z" duration="13.087492" asserts="1" />
          <test-case id="0-1008" name="CampoObrigatorioNaoPreenchido" fullname="CSharpSeleniumTemplate.Tests.GerenciarMarcadores.CampoObrigatorioNaoPreenchido" methodname="CampoObrigatorioNaoPreenchido" classname="CSharpSeleniumTemplate.Tests.GerenciarMarcadores" runstate="Runnable" seed="1878006445" result="Passed" start-time="2019-05-28 13:02:51Z" end-time="2019-05-28 13:03:03Z" duration="12.420133" asserts="1" />
          <test-case id="0-1009" name="EditarMarcador" fullname="CSharpSeleniumTemplate.Tests.GerenciarMarcadores.EditarMarcador" methodname="EditarMarcador" classname="CSharpSeleniumTemplate.Tests.GerenciarMarcadores" runstate="Runnable" seed="356528762" result="Passed" start-time="2019-05-28 13:03:03Z" end-time="2019-05-28 13:03:30Z" duration="26.353880" asserts="2" />
          <test-case id="0-1011" name="VoltarAoDetalheMarcador" fullname="CSharpSeleniumTemplate.Tests.GerenciarMarcadores.VoltarAoDetalheMarcador" methodname="VoltarAoDetalheMarcador" classname="CSharpSeleniumTemplate.Tests.GerenciarMarcadores" runstate="Runnable" seed="871259260" result="Passed" start-time="2019-05-28 13:03:30Z" end-time="2019-05-28 13:03:53Z" duration="23.141090" asserts="1" />
        </test-suite>
        <test-suite type="TestFixture" id="0-1012" name="GerenciarPerfisGlobais" fullname="CSharpSeleniumTemplate.Tests.GerenciarPerfisGlobais" classname="CSharpSeleniumTemplate.Tests.GerenciarPerfisGlobais" runstate="Runnable" testcasecount="8" result="Passed" start-time="2019-05-28 13:03:53Z" end-time="2019-05-28 13:05:50Z" duration="117.532640" total="8" passed="8" failed="0" warnings="0" inconclusive="0" skipped="0" asserts="9">
          <test-case id="0-1020" name="ApagarPerfilScucesso" fullname="CSharpSeleniumTemplate.Tests.GerenciarPerfisGlobais.ApagarPerfilScucesso" methodname="ApagarPerfilScucesso" classname="CSharpSeleniumTemplate.Tests.GerenciarPerfisGlobais" runstate="Runnable" seed="1971145411" result="Passed" start-time="2019-05-28 13:03:53Z" end-time="2019-05-28 13:04:10Z" duration="17.131928" asserts="1" />
          <test-case id="0-1019" name="ApagarSemSelecionarUmPerfil" fullname="CSharpSeleniumTemplate.Tests.GerenciarPerfisGlobais.ApagarSemSelecionarUmPerfil" methodname="ApagarSemSelecionarUmPerfil" classname="CSharpSeleniumTemplate.Tests.GerenciarPerfisGlobais" runstate="Runnable" seed="909647913" result="Passed" start-time="2019-05-28 13:04:10Z" end-time="2019-05-28 13:04:25Z" duration="15.022004" asserts="1" />
          <test-case id="0-1013" name="CadastrarPerfilSucesso" fullname="CSharpSeleniumTemplate.Tests.GerenciarPerfisGlobais.CadastrarPerfilSucesso" methodname="CadastrarPerfilSucesso" classname="CSharpSeleniumTemplate.Tests.GerenciarPerfisGlobais" runstate="Runnable" seed="1194797355" result="Passed" start-time="2019-05-28 13:04:25Z" end-time="2019-05-28 13:04:39Z" duration="14.208634" asserts="1" />
          <test-case id="0-1018" name="EditarPerfilSucesso" fullname="CSharpSeleniumTemplate.Tests.GerenciarPerfisGlobais.EditarPerfilSucesso" methodname="EditarPerfilSucesso" classname="CSharpSeleniumTemplate.Tests.GerenciarPerfisGlobais" runstate="Runnable" seed="57517506" result="Passed" start-time="2019-05-28 13:04:39Z" end-time="2019-05-28 13:04:59Z" duration="19.612779" asserts="2" />
          <test-case id="0-1017" name="EditarSemSelecionarUmPerfil" fullname="CSharpSeleniumTemplate.Tests.GerenciarPerfisGlobais.EditarSemSelecionarUmPerfil" methodname="EditarSemSelecionarUmPerfil" classname="CSharpSeleniumTemplate.Tests.GerenciarPerfisGlobais" runstate="Runnable" seed="1483868877" result="Passed" start-time="2019-05-28 13:04:59Z" end-time="2019-05-28 13:05:14Z" duration="14.734739" asserts="1" />
          <test-case id="0-1016" name="EnviarSemSelecionarUmdosParametros" fullname="CSharpSeleniumTemplate.Tests.GerenciarPerfisGlobais.EnviarSemSelecionarUmdosParametros" methodname="EnviarSemSelecionarUmdosParametros" classname="CSharpSeleniumTemplate.Tests.GerenciarPerfisGlobais" runstate="Runnable" seed="50843462" result="Passed" start-time="2019-05-28 13:05:14Z" end-time="2019-05-28 13:05:28Z" duration="14.420897" asserts="1" />
          <test-case id="0-1014" name="PlataformaNaoPreenchida" fullname="CSharpSeleniumTemplate.Tests.GerenciarPerfisGlobais.PlataformaNaoPreenchida" methodname="PlataformaNaoPreenchida" classname="CSharpSeleniumTemplate.Tests.GerenciarPerfisGlobais" runstate="Runnable" seed="693246771" result="Passed" start-time="2019-05-28 13:05:28Z" end-time="2019-05-28 13:05:39Z" duration="11.012526" asserts="1" />
          <test-case id="0-1015" name="VersaoSONaoPreenchida" fullname="CSharpSeleniumTemplate.Tests.GerenciarPerfisGlobais.VersaoSONaoPreenchida" methodname="VersaoSONaoPreenchida" classname="CSharpSeleniumTemplate.Tests.GerenciarPerfisGlobais" runstate="Runnable" seed="1989189878" result="Passed" start-time="2019-05-28 13:05:39Z" end-time="2019-05-28 13:05:50Z" duration="11.370274" asserts="1" />
        </test-suite>
        <test-suite type="TestFixture" id="0-1021" name="GerenciarProjetos" fullname="CSharpSeleniumTemplate.Tests.GerenciarProjetos" classname="CSharpSeleniumTemplate.Tests.GerenciarProjetos" runstate="Runnable" testcasecount="5" result="Passed" start-time="2019-05-28 13:05:50Z" end-time="2019-05-28 13:07:32Z" duration="101.573059" total="5" passed="5" failed="0" warnings="0" inconclusive="0" skipped="0" asserts="7">
          <test-case id="0-1026" name="ApagarProjeto" fullname="CSharpSeleniumTemplate.Tests.GerenciarProjetos.ApagarProjeto" methodname="ApagarProjeto" classname="CSharpSeleniumTemplate.Tests.GerenciarProjetos" runstate="Runnable" seed="143191257" result="Passed" start-time="2019-05-28 13:05:50Z" end-time="2019-05-28 13:06:14Z" duration="23.488065" asserts="1" />
          <test-case id="0-1022" name="CadastrarProjeto" fullname="CSharpSeleniumTemplate.Tests.GerenciarProjetos.CadastrarProjeto" methodname="CadastrarProjeto" classname="CSharpSeleniumTemplate.Tests.GerenciarProjetos" runstate="Runnable" seed="1780419434" result="Passed" start-time="2019-05-28 13:06:14Z" end-time="2019-05-28 13:06:30Z" duration="15.944512" asserts="2" />
          <test-case id="0-1023" name="CadastroJaRealizado" fullname="CSharpSeleniumTemplate.Tests.GerenciarProjetos.CadastroJaRealizado" methodname="CadastroJaRealizado" classname="CSharpSeleniumTemplate.Tests.GerenciarProjetos" runstate="Runnable" seed="381495866" result="Passed" start-time="2019-05-28 13:06:30Z" end-time="2019-05-28 13:06:54Z" duration="23.822156" asserts="1" />
          <test-case id="0-1024" name="CampoNomeProjetoNaoPreenchidos" fullname="CSharpSeleniumTemplate.Tests.GerenciarProjetos.CampoNomeProjetoNaoPreenchidos" methodname="CampoNomeProjetoNaoPreenchidos" classname="CSharpSeleniumTemplate.Tests.GerenciarProjetos" runstate="Runnable" seed="1837247759" result="Passed" start-time="2019-05-28 13:06:54Z" end-time="2019-05-28 13:07:07Z" duration="13.189020" asserts="1" />
          <test-case id="0-1025" name="EditarProjeto" fullname="CSharpSeleniumTemplate.Tests.GerenciarProjetos.EditarProjeto" methodname="EditarProjeto" classname="CSharpSeleniumTemplate.Tests.GerenciarProjetos" runstate="Runnable" seed="722505222" result="Passed" start-time="2019-05-28 13:07:07Z" end-time="2019-05-28 13:07:32Z" duration="24.911651" asserts="2" />
        </test-suite>
        <test-suite type="TestFixture" id="0-1044" name="GerenciarTarefas" fullname="CSharpSeleniumTemplate.Tests.GerenciarTarefas" classname="CSharpSeleniumTemplate.Tests.GerenciarTarefas" runstate="Runnable" testcasecount="5" result="Passed" start-time="2019-05-28 13:07:32Z" end-time="2019-05-28 13:09:15Z" duration="102.777664" total="5" passed="5" failed="0" warnings="0" inconclusive="0" skipped="0" asserts="5">
          <test-case id="0-1047" name="AcessarEditarTarefa" fullname="CSharpSeleniumTemplate.Tests.GerenciarTarefas.AcessarEditarTarefa" methodname="AcessarEditarTarefa" classname="CSharpSeleniumTemplate.Tests.GerenciarTarefas" runstate="Runnable" seed="1422671556" result="Passed" start-time="2019-05-28 13:07:32Z" end-time="2019-05-28 13:07:48Z" duration="16.133202" asserts="1" />
          <test-case id="0-1049" name="AdicionarAnotacaoSemCampoObrigatorio" fullname="CSharpSeleniumTemplate.Tests.GerenciarTarefas.AdicionarAnotacaoSemCampoObrigatorio" methodname="AdicionarAnotacaoSemCampoObrigatorio" classname="CSharpSeleniumTemplate.Tests.GerenciarTarefas" runstate="Runnable" seed="1890670241" result="Passed" start-time="2019-05-28 13:07:48Z" end-time="2019-05-28 13:08:08Z" duration="19.801444" asserts="1" />
          <test-case id="0-1045" name="PesquisarTarefa" fullname="CSharpSeleniumTemplate.Tests.GerenciarTarefas.PesquisarTarefa" methodname="PesquisarTarefa" classname="CSharpSeleniumTemplate.Tests.GerenciarTarefas" runstate="Runnable" seed="1278191062" result="Passed" start-time="2019-05-28 13:08:08Z" end-time="2019-05-28 13:08:32Z" duration="24.213550" asserts="1" />
          <test-case id="0-1046" name="SelecionarTodasTarefas" fullname="CSharpSeleniumTemplate.Tests.GerenciarTarefas.SelecionarTodasTarefas" methodname="SelecionarTodasTarefas" classname="CSharpSeleniumTemplate.Tests.GerenciarTarefas" runstate="Runnable" seed="1292761658" result="Passed" start-time="2019-05-28 13:08:32Z" end-time="2019-05-28 13:08:58Z" duration="25.457787" asserts="1" />
          <test-case id="0-1048" name="VoltarDetalheTarefa" fullname="CSharpSeleniumTemplate.Tests.GerenciarTarefas.VoltarDetalheTarefa" methodname="VoltarDetalheTarefa" classname="CSharpSeleniumTemplate.Tests.GerenciarTarefas" runstate="Runnable" seed="1747168572" result="Passed" start-time="2019-05-28 13:08:58Z" end-time="2019-05-28 13:09:15Z" duration="17.148066" asserts="1" />
        </test-suite>
        <test-suite type="TestFixture" id="0-1050" name="GerenciarUsuarios" fullname="CSharpSeleniumTemplate.Tests.GerenciarUsuarios" classname="CSharpSeleniumTemplate.Tests.GerenciarUsuarios" runstate="Runnable" testcasecount="10" result="Passed" start-time="2019-05-28 13:09:15Z" end-time="2019-05-28 13:12:21Z" duration="186.197580" total="10" passed="10" failed="0" warnings="0" inconclusive="0" skipped="0" asserts="15">
          <test-case id="0-1057" name="ApagarUsuario" fullname="CSharpSeleniumTemplate.Tests.GerenciarUsuarios.ApagarUsuario" methodname="ApagarUsuario" classname="CSharpSeleniumTemplate.Tests.GerenciarUsuarios" runstate="Runnable" seed="1333981199" result="Passed" start-time="2019-05-28 13:09:15Z" end-time="2019-05-28 13:09:35Z" duration="20.322736" asserts="2" />
          <test-case id="0-1051" name="CadastrarUsuarioApenasCamposObrigatorios" fullname="CSharpSeleniumTemplate.Tests.GerenciarUsuarios.CadastrarUsuarioApenasCamposObrigatorios" methodname="CadastrarUsuarioApenasCamposObrigatorios" classname="CSharpSeleniumTemplate.Tests.GerenciarUsuarios" runstate="Runnable" seed="883952930" result="Passed" start-time="2019-05-28 13:09:35Z" end-time="2019-05-28 13:09:50Z" duration="14.636776" asserts="2" />
          <test-case id="0-1052" name="CadastrarUsuarioTodosCampos" fullname="CSharpSeleniumTemplate.Tests.GerenciarUsuarios.CadastrarUsuarioTodosCampos" methodname="CadastrarUsuarioTodosCampos" classname="CSharpSeleniumTemplate.Tests.GerenciarUsuarios" runstate="Runnable" seed="679539111" result="Passed" start-time="2019-05-28 13:09:50Z" end-time="2019-05-28 13:10:07Z" duration="16.786078" asserts="2" />
          <test-case id="0-1053" name="CampoNomeNaoPreenchido" fullname="CSharpSeleniumTemplate.Tests.GerenciarUsuarios.CampoNomeNaoPreenchido" methodname="CampoNomeNaoPreenchido" classname="CSharpSeleniumTemplate.Tests.GerenciarUsuarios" runstate="Runnable" seed="1285759433" result="Passed" start-time="2019-05-28 13:10:07Z" end-time="2019-05-28 13:10:22Z" duration="15.163988" asserts="1" />
          <test-case id="0-1056" name="EditarUsuario" fullname="CSharpSeleniumTemplate.Tests.GerenciarUsuarios.EditarUsuario" methodname="EditarUsuario" classname="CSharpSeleniumTemplate.Tests.GerenciarUsuarios" runstate="Runnable" seed="228796042" result="Passed" start-time="2019-05-28 13:10:22Z" end-time="2019-05-28 13:10:42Z" duration="20.172048" asserts="3" />
          <test-case id="0-1059" name="EmailInvalido" fullname="CSharpSeleniumTemplate.Tests.GerenciarUsuarios.EmailInvalido" methodname="EmailInvalido" classname="CSharpSeleniumTemplate.Tests.GerenciarUsuarios" runstate="Runnable" seed="1413722384" result="Passed" start-time="2019-05-28 13:10:42Z" end-time="2019-05-28 13:10:56Z" duration="14.339347" asserts="1" />
          <test-case id="0-1055" name="EmailJaCadastrado" fullname="CSharpSeleniumTemplate.Tests.GerenciarUsuarios.EmailJaCadastrado" methodname="EmailJaCadastrado" classname="CSharpSeleniumTemplate.Tests.GerenciarUsuarios" runstate="Runnable" seed="801063101" result="Passed" start-time="2019-05-28 13:10:56Z" end-time="2019-05-28 13:11:21Z" duration="24.428618" asserts="1" />
          <test-case id="0-1060" name="PesquisarUsuarios" fullname="CSharpSeleniumTemplate.Tests.GerenciarUsuarios.PesquisarUsuarios" methodname="PesquisarUsuarios" classname="CSharpSeleniumTemplate.Tests.GerenciarUsuarios" runstate="Runnable" seed="43572617" result="Passed" start-time="2019-05-28 13:11:21Z" end-time="2019-05-28 13:11:40Z" duration="19.562448" asserts="1" />
          <test-case id="0-1058" name="RedefinirSenhaSemPreencherEmail" fullname="CSharpSeleniumTemplate.Tests.GerenciarUsuarios.RedefinirSenhaSemPreencherEmail" methodname="RedefinirSenhaSemPreencherEmail" classname="CSharpSeleniumTemplate.Tests.GerenciarUsuarios" runstate="Runnable" seed="1328496692" result="Passed" start-time="2019-05-28 13:11:40Z" end-time="2019-05-28 13:12:01Z" duration="20.931855" asserts="1" />
          <test-case id="0-1054" name="UsuarioJaCadastrado" fullname="CSharpSeleniumTemplate.Tests.GerenciarUsuarios.UsuarioJaCadastrado" methodname="UsuarioJaCadastrado" classname="CSharpSeleniumTemplate.Tests.GerenciarUsuarios" runstate="Runnable" seed="1193056765" result="Passed" start-time="2019-05-28 13:12:01Z" end-time="2019-05-28 13:12:21Z" duration="19.828074" asserts="1" />
        </test-suite>
        <test-suite type="TestFixture" id="0-1061" name="LoginTests" fullname="CSharpSeleniumTemplate.Tests.LoginTests" classname="CSharpSeleniumTemplate.Tests.LoginTests" runstate="Runnable" testcasecount="4" result="Passed" start-time="2019-05-28 13:12:21Z" end-time="2019-05-28 13:12:49Z" duration="28.274415" total="4" passed="4" failed="0" warnings="0" inconclusive="0" skipped="0" asserts="4">
          <test-case id="0-1062" name="EfetuarLoginComSucesso" fullname="CSharpSeleniumTemplate.Tests.LoginTests.EfetuarLoginComSucesso" methodname="EfetuarLoginComSucesso" classname="CSharpSeleniumTemplate.Tests.LoginTests" runstate="Runnable" seed="464214982" result="Passed" start-time="2019-05-28 13:12:21Z" end-time="2019-05-28 13:12:29Z" duration="8.483610" asserts="1" />
          <test-suite type="ParameterizedMethod" id="0-1066" name="EfetuarLoginInformandoUsuarioInvalido" fullname="CSharpSeleniumTemplate.Tests.LoginTests.EfetuarLoginInformandoUsuarioInvalido" classname="CSharpSeleniumTemplate.Tests.LoginTests" runstate="Runnable" testcasecount="3" result="Passed" start-time="2019-05-28 13:12:29Z" end-time="2019-05-28 13:12:49Z" duration="19.767521" total="3" passed="3" failed="0" warnings="0" inconclusive="0" skipped="0" asserts="3">
            <test-case id="0-1063" name="EfetuarLoginInformandoUsuarioInvalido(System.Collections.ArrayList)" fullname="CSharpSeleniumTemplate.Tests.LoginTests.EfetuarLoginInformandoUsuarioInvalido(System.Collections.ArrayList)" methodname="EfetuarLoginInformandoUsuarioInvalido" classname="CSharpSeleniumTemplate.Tests.LoginTests" runstate="Runnable" seed="716674406" result="Passed" start-time="2019-05-28 13:12:29Z" end-time="2019-05-28 13:12:36Z" duration="6.431032" asserts="1" />
            <test-case id="0-1064" name="EfetuarLoginInformandoUsuarioInvalido(System.Collections.ArrayList)" fullname="CSharpSeleniumTemplate.Tests.LoginTests.EfetuarLoginInformandoUsuarioInvalido(System.Collections.ArrayList)" methodname="EfetuarLoginInformandoUsuarioInvalido" classname="CSharpSeleniumTemplate.Tests.LoginTests" runstate="Runnable" seed="1492315317" result="Passed" start-time="2019-05-28 13:12:36Z" end-time="2019-05-28 13:12:42Z" duration="6.532348" asserts="1" />
            <test-case id="0-1065" name="EfetuarLoginInformandoUsuarioInvalido(System.Collections.ArrayList)" fullname="CSharpSeleniumTemplate.Tests.LoginTests.EfetuarLoginInformandoUsuarioInvalido(System.Collections.ArrayList)" methodname="EfetuarLoginInformandoUsuarioInvalido" classname="CSharpSeleniumTemplate.Tests.LoginTests" runstate="Runnable" seed="1211578563" result="Passed" start-time="2019-05-28 13:12:42Z" end-time="2019-05-28 13:12:49Z" duration="6.803968" asserts="1" />
          </test-suite>
        </test-suite>
      </test-suite>
    </test-suite>
  </test-suite>
</test-run>