<?xml version="1.0" encoding="utf-8" standalone="no"?>
<test-run id="2" testcasecount="56" result="Failed" total="56" passed="54" failed="2" inconclusive="0" skipped="0" asserts="74" engine-version="3.10.0.0" clr-version="4.0.30319.42000" start-time="2019-05-23 19:24:31Z" end-time="2019-05-23 19:41:59Z" duration="1047.880237">
  <command-line><![CDATA["C:\Program Files (x86)\NUnit.Console-3.10.0\bin\net35\nunit3-console.exe"  "CSharpSeleniumTemplate.dll" --inprocess --labels=On]]></command-line>
  <test-suite type="Assembly" id="0-1068" name="CSharpSeleniumTemplate.dll" fullname="CSharpSeleniumTemplate.dll" runstate="Runnable" testcasecount="56" result="Failed" site="Child" start-time="2019-05-23 19:24:32Z" end-time="2019-05-23 19:41:59Z" duration="1047.325251" total="56" passed="54" failed="2" warnings="0" inconclusive="0" skipped="0" asserts="74">
    <environment framework-version="3.11.0.0" clr-version="4.0.30319.42000" os-version="Microsoft Windows NT 10.0.17763.0" platform="Win32NT" cwd="C:\Mantis2\csharpseleniumextentreporttemplate-master\CSharpSeleniumTemplate\bin\Debug" machine-name="PLUTO" user="SISTEMA" user-domain="WORKGROUP" culture="pt-BR" uiculture="pt-BR" os-architecture="x64" />
    <settings>
      <setting name="ProcessModel" value="InProcess" />
      <setting name="DisposeRunners" value="True" />
      <setting name="WorkDirectory" value="C:\Mantis2\csharpseleniumextentreporttemplate-master\CSharpSeleniumTemplate\bin\Debug" />
      <setting name="ImageRuntimeVersion" value="4.0.30319" />
      <setting name="ImageTargetFrameworkName" value=".NETFramework,Version=v4.6.1" />
      <setting name="ImageRequiresX86" value="False" />
      <setting name="ImageRequiresDefaultAppDomainAssemblyResolver" value="False" />
      <setting name="NumberOfTestWorkers" value="4" />
    </settings>
    <properties>
      <property name="_PID" value="3324" />
      <property name="_APPDOMAIN" value="domain-" />
    </properties>
    <failure>
      <message><![CDATA[One or more child tests had errors]]></message>
    </failure>
    <test-suite type="TestSuite" id="0-1069" name="CSharpSeleniumTemplate" fullname="CSharpSeleniumTemplate" runstate="Runnable" testcasecount="56" result="Failed" site="Child" start-time="2019-05-23 19:24:32Z" end-time="2019-05-23 19:41:59Z" duration="1047.295649" total="56" passed="54" failed="2" warnings="0" inconclusive="0" skipped="0" asserts="74">
      <failure>
        <message><![CDATA[One or more child tests had errors]]></message>
      </failure>
      <test-suite type="TestSuite" id="0-1070" name="Tests" fullname="CSharpSeleniumTemplate.Tests" runstate="Runnable" testcasecount="56" result="Failed" site="Child" start-time="2019-05-23 19:24:32Z" end-time="2019-05-23 19:41:59Z" duration="1047.294580" total="56" passed="54" failed="2" warnings="0" inconclusive="0" skipped="0" asserts="74">
        <failure>
          <message><![CDATA[One or more child tests had errors]]></message>
        </failure>
        <test-suite type="TestFixture" id="0-1027" name="CriarTarefa" fullname="CSharpSeleniumTemplate.Tests.CriarTarefa" classname="CSharpSeleniumTemplate.Tests.CriarTarefa" runstate="Runnable" testcasecount="9" result="Passed" start-time="2019-05-23 19:24:32Z" end-time="2019-05-23 19:28:00Z" duration="208.448117" total="9" passed="9" failed="0" warnings="0" inconclusive="0" skipped="0" asserts="16">
          <test-case id="0-1035" name="CadastrarMaisTarefas" fullname="CSharpSeleniumTemplate.Tests.CriarTarefa.CadastrarMaisTarefas" methodname="CadastrarMaisTarefas" classname="CSharpSeleniumTemplate.Tests.CriarTarefa" runstate="Runnable" seed="954790674" result="Passed" start-time="2019-05-23 19:24:32Z" end-time="2019-05-23 19:25:27Z" duration="54.261686" asserts="2" />
          <test-case id="0-1028" name="CadastrarTarefaApenasCamposObrigatorios" fullname="CSharpSeleniumTemplate.Tests.CriarTarefa.CadastrarTarefaApenasCamposObrigatorios" methodname="CadastrarTarefaApenasCamposObrigatorios" classname="CSharpSeleniumTemplate.Tests.CriarTarefa" runstate="Runnable" seed="386040913" result="Passed" start-time="2019-05-23 19:25:27Z" end-time="2019-05-23 19:26:10Z" duration="43.262946" asserts="2" />
          <test-suite type="ParameterizedMethod" id="0-1034" name="CadastrarTarefaTodosCampos" fullname="CSharpSeleniumTemplate.Tests.CriarTarefa.CadastrarTarefaTodosCampos" classname="CSharpSeleniumTemplate.Tests.CriarTarefa" runstate="Runnable" testcasecount="5" result="Passed" start-time="2019-05-23 19:26:10Z" end-time="2019-05-23 19:27:32Z" duration="82.252223" total="5" passed="5" failed="0" warnings="0" inconclusive="0" skipped="0" asserts="10">
            <test-case id="0-1029" name="CadastrarTarefaTodosCampos(System.Collections.ArrayList)" fullname="CSharpSeleniumTemplate.Tests.CriarTarefa.CadastrarTarefaTodosCampos(System.Collections.ArrayList)" methodname="CadastrarTarefaTodosCampos" classname="CSharpSeleniumTemplate.Tests.CriarTarefa" runstate="Runnable" seed="32003252" result="Passed" start-time="2019-05-23 19:26:10Z" end-time="2019-05-23 19:26:28Z" duration="18.611029" asserts="2" />
            <test-case id="0-1030" name="CadastrarTarefaTodosCampos(System.Collections.ArrayList)" fullname="CSharpSeleniumTemplate.Tests.CriarTarefa.CadastrarTarefaTodosCampos(System.Collections.ArrayList)" methodname="CadastrarTarefaTodosCampos" classname="CSharpSeleniumTemplate.Tests.CriarTarefa" runstate="Runnable" seed="2091078321" result="Passed" start-time="2019-05-23 19:26:28Z" end-time="2019-05-23 19:26:47Z" duration="18.791004" asserts="2" />
            <test-case id="0-1031" name="CadastrarTarefaTodosCampos(System.Collections.ArrayList)" fullname="CSharpSeleniumTemplate.Tests.CriarTarefa.CadastrarTarefaTodosCampos(System.Collections.ArrayList)" methodname="CadastrarTarefaTodosCampos" classname="CSharpSeleniumTemplate.Tests.CriarTarefa" runstate="Runnable" seed="584919469" result="Passed" start-time="2019-05-23 19:26:47Z" end-time="2019-05-23 19:27:02Z" duration="15.185268" asserts="2" />
            <test-case id="0-1032" name="CadastrarTarefaTodosCampos(System.Collections.ArrayList)" fullname="CSharpSeleniumTemplate.Tests.CriarTarefa.CadastrarTarefaTodosCampos(System.Collections.ArrayList)" methodname="CadastrarTarefaTodosCampos" classname="CSharpSeleniumTemplate.Tests.CriarTarefa" runstate="Runnable" seed="86287985" result="Passed" start-time="2019-05-23 19:27:02Z" end-time="2019-05-23 19:27:17Z" duration="14.824553" asserts="2" />
            <test-case id="0-1033" name="CadastrarTarefaTodosCampos(System.Collections.ArrayList)" fullname="CSharpSeleniumTemplate.Tests.CriarTarefa.CadastrarTarefaTodosCampos(System.Collections.ArrayList)" methodname="CadastrarTarefaTodosCampos" classname="CSharpSeleniumTemplate.Tests.CriarTarefa" runstate="Runnable" seed="1735843474" result="Passed" start-time="2019-05-23 19:27:17Z" end-time="2019-05-23 19:27:32Z" duration="14.837281" asserts="2" />
          </test-suite>
          <test-case id="0-1037" name="CampoDescricaoNaoPreenchido" fullname="CSharpSeleniumTemplate.Tests.CriarTarefa.CampoDescricaoNaoPreenchido" methodname="CampoDescricaoNaoPreenchido" classname="CSharpSeleniumTemplate.Tests.CriarTarefa" runstate="Runnable" seed="530522259" result="Passed" start-time="2019-05-23 19:27:32Z" end-time="2019-05-23 19:27:43Z" duration="10.793539" asserts="1" />
          <test-case id="0-1036" name="CampoResumoNaoPreenchido" fullname="CSharpSeleniumTemplate.Tests.CriarTarefa.CampoResumoNaoPreenchido" methodname="CampoResumoNaoPreenchido" classname="CSharpSeleniumTemplate.Tests.CriarTarefa" runstate="Runnable" seed="190597417" result="Passed" start-time="2019-05-23 19:27:43Z" end-time="2019-05-23 19:27:54Z" duration="11.255555" asserts="1" />
        </test-suite>
        <test-suite type="TestFixture" id="0-1000" name="GerenciarCamposPersonalizados" fullname="CSharpSeleniumTemplate.Tests.GerenciarCamposPersonalizados" classname="CSharpSeleniumTemplate.Tests.GerenciarCamposPersonalizados" runstate="Runnable" testcasecount="5" result="Passed" start-time="2019-05-23 19:28:00Z" end-time="2019-05-23 19:29:38Z" duration="97.537511" total="5" passed="5" failed="0" warnings="0" inconclusive="0" skipped="0" asserts="9">
          <test-case id="0-1005" name="ApagarCampoPersonalizado" fullname="CSharpSeleniumTemplate.Tests.GerenciarCamposPersonalizados.ApagarCampoPersonalizado" methodname="ApagarCampoPersonalizado" classname="CSharpSeleniumTemplate.Tests.GerenciarCamposPersonalizados" runstate="Runnable" seed="1887962269" result="Passed" start-time="2019-05-23 19:28:00Z" end-time="2019-05-23 19:28:26Z" duration="25.456986" asserts="2" />
          <test-case id="0-1001" name="CadastrarCampoPersonalizado" fullname="CSharpSeleniumTemplate.Tests.GerenciarCamposPersonalizados.CadastrarCampoPersonalizado" methodname="CadastrarCampoPersonalizado" classname="CSharpSeleniumTemplate.Tests.GerenciarCamposPersonalizados" runstate="Runnable" seed="1567472677" result="Passed" start-time="2019-05-23 19:28:26Z" end-time="2019-05-23 19:28:39Z" duration="13.411104" asserts="2" />
          <test-case id="0-1002" name="CampoObrigatorioNaoInformado" fullname="CSharpSeleniumTemplate.Tests.GerenciarCamposPersonalizados.CampoObrigatorioNaoInformado" methodname="CampoObrigatorioNaoInformado" classname="CSharpSeleniumTemplate.Tests.GerenciarCamposPersonalizados" runstate="Runnable" seed="2004405081" result="Passed" start-time="2019-05-23 19:28:39Z" end-time="2019-05-23 19:28:52Z" duration="12.811987" asserts="1" />
          <test-case id="0-1003" name="CampoPersonalizadoJaCadastrado" fullname="CSharpSeleniumTemplate.Tests.GerenciarCamposPersonalizados.CampoPersonalizadoJaCadastrado" methodname="CampoPersonalizadoJaCadastrado" classname="CSharpSeleniumTemplate.Tests.GerenciarCamposPersonalizados" runstate="Runnable" seed="921074955" result="Passed" start-time="2019-05-23 19:28:52Z" end-time="2019-05-23 19:29:12Z" duration="20.472604" asserts="1" />
          <test-case id="0-1004" name="EditarCampoPersonalizado" fullname="CSharpSeleniumTemplate.Tests.GerenciarCamposPersonalizados.EditarCampoPersonalizado" methodname="EditarCampoPersonalizado" classname="CSharpSeleniumTemplate.Tests.GerenciarCamposPersonalizados" runstate="Runnable" seed="535037658" result="Passed" start-time="2019-05-23 19:29:12Z" end-time="2019-05-23 19:29:38Z" duration="25.365951" asserts="3" />
        </test-suite>
        <test-suite type="TestFixture" id="0-1038" name="GerenciarCategorias" fullname="CSharpSeleniumTemplate.Tests.GerenciarCategorias" classname="CSharpSeleniumTemplate.Tests.GerenciarCategorias" runstate="Runnable" testcasecount="5" result="Failed" site="Child" start-time="2019-05-23 19:29:38Z" end-time="2019-05-23 19:31:13Z" duration="95.063811" total="5" passed="3" failed="2" warnings="0" inconclusive="0" skipped="0" asserts="3">
          <failure>
            <message><![CDATA[One or more child tests had errors]]></message>
          </failure>
          <test-case id="0-1043" name="ApagarCategoria" fullname="CSharpSeleniumTemplate.Tests.GerenciarCategorias.ApagarCategoria" methodname="ApagarCategoria" classname="CSharpSeleniumTemplate.Tests.GerenciarCategorias" runstate="Runnable" seed="1757312782" result="Failed" label="Error" start-time="2019-05-23 19:29:38Z" end-time="2019-05-23 19:30:04Z" duration="25.857895" asserts="0">
            <failure>
              <message><![CDATA[OpenQA.Selenium.ElementClickInterceptedException : Element not clickable at point (846,13). Other element would receive the click: <a class="btn btn-primary btn-sm" href="manage_user_create_page.php"> (elementsFromPoint index 0)]]></message>
              <stack-trace><![CDATA[   em OpenQA.Selenium.Remote.RemoteWebDriver.UnpackAndThrowOnError(Response errorResponse)
   em OpenQA.Selenium.Remote.RemoteWebDriver.Execute(String driverCommandToExecute, Dictionary`2 parameters)
   em OpenQA.Selenium.Remote.RemoteWebElement.Execute(String commandToExecute, Dictionary`2 parameters)
   em CSharpSeleniumTemplate.Bases.PageBase.ClicarBotaoLinha(By locator, String nomecolunaPesq, String nomeElemento, String nomeColunaAcao) na C:\Mantis2\csharpseleniumextentreporttemplate-master\CSharpSeleniumTemplate\Bases\PageBase.cs:linha 326
   em CSharpSeleniumTemplate.Pages.GerenciarCategoriaPage.ClicarEditarCategoria(String nomeCategoria, String nomeColunaPesq, String nomeColunaClick) na C:\Mantis2\csharpseleniumextentreporttemplate-master\CSharpSeleniumTemplate\Pages\GerenciarCategoriasPage.cs:linha 40
   em CSharpSeleniumTemplate.Flows.CategoriasFlows.ApagarCategoria(String nomeCategoria, String nomeColunaPesq, String nomeColunaAcao) na C:\Mantis2\csharpseleniumextentreporttemplate-master\CSharpSeleniumTemplate\Flows\CategoriasFlows.cs:linha 23
   em CSharpSeleniumTemplate.Tests.GerenciarCategorias.ApagarCategoria() na C:\Mantis2\csharpseleniumextentreporttemplate-master\CSharpSeleniumTemplate\Tests\GerenciarCategorias.cs:linha 99]]></stack-trace>
            </failure>
          </test-case>
          <test-case id="0-1039" name="CadastrarCategoria" fullname="CSharpSeleniumTemplate.Tests.GerenciarCategorias.CadastrarCategoria" methodname="CadastrarCategoria" classname="CSharpSeleniumTemplate.Tests.GerenciarCategorias" runstate="Runnable" seed="534994529" result="Passed" start-time="2019-05-23 19:30:04Z" end-time="2019-05-23 19:30:16Z" duration="12.414934" asserts="1" />
          <test-case id="0-1041" name="CampoObrigatorioNaoPreenchido" fullname="CSharpSeleniumTemplate.Tests.GerenciarCategorias.CampoObrigatorioNaoPreenchido" methodname="CampoObrigatorioNaoPreenchido" classname="CSharpSeleniumTemplate.Tests.GerenciarCategorias" runstate="Runnable" seed="1859890243" result="Passed" start-time="2019-05-23 19:30:16Z" end-time="2019-05-23 19:30:27Z" duration="11.077315" asserts="1" />
          <test-case id="0-1040" name="CategoriaJaCadastrada" fullname="CSharpSeleniumTemplate.Tests.GerenciarCategorias.CategoriaJaCadastrada" methodname="CategoriaJaCadastrada" classname="CSharpSeleniumTemplate.Tests.GerenciarCategorias" runstate="Runnable" seed="13493422" result="Passed" start-time="2019-05-23 19:30:27Z" end-time="2019-05-23 19:30:45Z" duration="18.351814" asserts="1" />
          <test-case id="0-1042" name="EditarCategoria" fullname="CSharpSeleniumTemplate.Tests.GerenciarCategorias.EditarCategoria" methodname="EditarCategoria" classname="CSharpSeleniumTemplate.Tests.GerenciarCategorias" runstate="Runnable" seed="1446073552" result="Failed" label="Error" start-time="2019-05-23 19:30:45Z" end-time="2019-05-23 19:31:13Z" duration="27.322968" asserts="0">
            <failure>
              <message><![CDATA[OpenQA.Selenium.ElementClickInterceptedException : Element not clickable at point (846,13). Other element would receive the click: <a class="btn btn-primary btn-sm" href="manage_user_create_page.php"> (elementsFromPoint index 0)]]></message>
              <stack-trace><![CDATA[   em OpenQA.Selenium.Remote.RemoteWebDriver.UnpackAndThrowOnError(Response errorResponse)
   em OpenQA.Selenium.Remote.RemoteWebDriver.Execute(String driverCommandToExecute, Dictionary`2 parameters)
   em OpenQA.Selenium.Remote.RemoteWebElement.Execute(String commandToExecute, Dictionary`2 parameters)
   em CSharpSeleniumTemplate.Bases.PageBase.ClicarBotaoLinha(By locator, String nomecolunaPesq, String nomeElemento, String nomeColunaAcao) na C:\Mantis2\csharpseleniumextentreporttemplate-master\CSharpSeleniumTemplate\Bases\PageBase.cs:linha 326
   em CSharpSeleniumTemplate.Pages.GerenciarCategoriaPage.ClicarEditarCategoria(String nomeCategoria, String nomeColunaPesq, String nomeColunaClick) na C:\Mantis2\csharpseleniumextentreporttemplate-master\CSharpSeleniumTemplate\Pages\GerenciarCategoriasPage.cs:linha 40
   em CSharpSeleniumTemplate.Flows.CategoriasFlows.EditarCategoria(String nomeCategoria, String nomeCategoriaAlteracao, String nomeColunaPesq, String nomeColunaAcao) na C:\Mantis2\csharpseleniumextentreporttemplate-master\CSharpSeleniumTemplate\Flows\CategoriasFlows.cs:linha 35
   em CSharpSeleniumTemplate.Tests.GerenciarCategorias.EditarCategoria() na C:\Mantis2\csharpseleniumextentreporttemplate-master\CSharpSeleniumTemplate\Tests\GerenciarCategorias.cs:linha 80]]></stack-trace>
            </failure>
          </test-case>
        </test-suite>
        <test-suite type="TestFixture" id="0-1006" name="GerenciarMarcadores" fullname="CSharpSeleniumTemplate.Tests.GerenciarMarcadores" classname="CSharpSeleniumTemplate.Tests.GerenciarMarcadores" runstate="Runnable" testcasecount="5" result="Passed" start-time="2019-05-23 19:31:13Z" end-time="2019-05-23 19:32:41Z" duration="88.254423" total="5" passed="5" failed="0" warnings="0" inconclusive="0" skipped="0" asserts="6">
          <test-case id="0-1010" name="ApagarMarcador" fullname="CSharpSeleniumTemplate.Tests.GerenciarMarcadores.ApagarMarcador" methodname="ApagarMarcador" classname="CSharpSeleniumTemplate.Tests.GerenciarMarcadores" runstate="Runnable" seed="1974529322" result="Passed" start-time="2019-05-23 19:31:13Z" end-time="2019-05-23 19:31:36Z" duration="23.147132" asserts="1" />
          <test-case id="0-1007" name="CadastrarMarcador" fullname="CSharpSeleniumTemplate.Tests.GerenciarMarcadores.CadastrarMarcador" methodname="CadastrarMarcador" classname="CSharpSeleniumTemplate.Tests.GerenciarMarcadores" runstate="Runnable" seed="917398866" result="Passed" start-time="2019-05-23 19:31:36Z" end-time="2019-05-23 19:31:47Z" duration="11.413358" asserts="1" />
          <test-case id="0-1008" name="CampoObrigatorioNaoPreenchido" fullname="CSharpSeleniumTemplate.Tests.GerenciarMarcadores.CampoObrigatorioNaoPreenchido" methodname="CampoObrigatorioNaoPreenchido" classname="CSharpSeleniumTemplate.Tests.GerenciarMarcadores" runstate="Runnable" seed="1499431894" result="Passed" start-time="2019-05-23 19:31:47Z" end-time="2019-05-23 19:31:57Z" duration="10.120280" asserts="1" />
          <test-case id="0-1009" name="EditarMarcador" fullname="CSharpSeleniumTemplate.Tests.GerenciarMarcadores.EditarMarcador" methodname="EditarMarcador" classname="CSharpSeleniumTemplate.Tests.GerenciarMarcadores" runstate="Runnable" seed="439755773" result="Passed" start-time="2019-05-23 19:31:57Z" end-time="2019-05-23 19:32:20Z" duration="22.829895" asserts="2" />
          <test-case id="0-1011" name="VoltarAoDetalheMarcador" fullname="CSharpSeleniumTemplate.Tests.GerenciarMarcadores.VoltarAoDetalheMarcador" methodname="VoltarAoDetalheMarcador" classname="CSharpSeleniumTemplate.Tests.GerenciarMarcadores" runstate="Runnable" seed="920322940" result="Passed" start-time="2019-05-23 19:32:20Z" end-time="2019-05-23 19:32:41Z" duration="20.706037" asserts="1" />
        </test-suite>
        <test-suite type="TestFixture" id="0-1012" name="GerenciarPerfisGlobais" fullname="CSharpSeleniumTemplate.Tests.GerenciarPerfisGlobais" classname="CSharpSeleniumTemplate.Tests.GerenciarPerfisGlobais" runstate="Runnable" testcasecount="8" result="Passed" start-time="2019-05-23 19:32:41Z" end-time="2019-05-23 19:34:54Z" duration="133.404159" total="8" passed="8" failed="0" warnings="0" inconclusive="0" skipped="0" asserts="9">
          <test-case id="0-1020" name="ApagarPerfilScucesso" fullname="CSharpSeleniumTemplate.Tests.GerenciarPerfisGlobais.ApagarPerfilScucesso" methodname="ApagarPerfilScucesso" classname="CSharpSeleniumTemplate.Tests.GerenciarPerfisGlobais" runstate="Runnable" seed="2002834516" result="Passed" start-time="2019-05-23 19:32:41Z" end-time="2019-05-23 19:33:04Z" duration="22.488018" asserts="1" />
          <test-case id="0-1019" name="ApagarSemSelecionarUmPerfil" fullname="CSharpSeleniumTemplate.Tests.GerenciarPerfisGlobais.ApagarSemSelecionarUmPerfil" methodname="ApagarSemSelecionarUmPerfil" classname="CSharpSeleniumTemplate.Tests.GerenciarPerfisGlobais" runstate="Runnable" seed="2141922334" result="Passed" start-time="2019-05-23 19:33:04Z" end-time="2019-05-23 19:33:20Z" duration="16.007080" asserts="1" />
          <test-case id="0-1013" name="CadastrarPerfilSucesso" fullname="CSharpSeleniumTemplate.Tests.GerenciarPerfisGlobais.CadastrarPerfilSucesso" methodname="CadastrarPerfilSucesso" classname="CSharpSeleniumTemplate.Tests.GerenciarPerfisGlobais" runstate="Runnable" seed="548105253" result="Passed" start-time="2019-05-23 19:33:20Z" end-time="2019-05-23 19:33:34Z" duration="14.232380" asserts="1" />
          <test-case id="0-1018" name="EditarPerfilSucesso" fullname="CSharpSeleniumTemplate.Tests.GerenciarPerfisGlobais.EditarPerfilSucesso" methodname="EditarPerfilSucesso" classname="CSharpSeleniumTemplate.Tests.GerenciarPerfisGlobais" runstate="Runnable" seed="199361417" result="Passed" start-time="2019-05-23 19:33:34Z" end-time="2019-05-23 19:33:57Z" duration="23.525815" asserts="2" />
          <test-case id="0-1017" name="EditarSemSelecionarUmPerfil" fullname="CSharpSeleniumTemplate.Tests.GerenciarPerfisGlobais.EditarSemSelecionarUmPerfil" methodname="EditarSemSelecionarUmPerfil" classname="CSharpSeleniumTemplate.Tests.GerenciarPerfisGlobais" runstate="Runnable" seed="453489482" result="Passed" start-time="2019-05-23 19:33:57Z" end-time="2019-05-23 19:34:14Z" duration="16.240021" asserts="1" />
          <test-case id="0-1016" name="EnviarSemSelecionarUmdosParametros" fullname="CSharpSeleniumTemplate.Tests.GerenciarPerfisGlobais.EnviarSemSelecionarUmdosParametros" methodname="EnviarSemSelecionarUmdosParametros" classname="CSharpSeleniumTemplate.Tests.GerenciarPerfisGlobais" runstate="Runnable" seed="69142779" result="Passed" start-time="2019-05-23 19:34:14Z" end-time="2019-05-23 19:34:29Z" duration="15.497230" asserts="1" />
          <test-case id="0-1014" name="PlataformaNaoPreenchida" fullname="CSharpSeleniumTemplate.Tests.GerenciarPerfisGlobais.PlataformaNaoPreenchida" methodname="PlataformaNaoPreenchida" classname="CSharpSeleniumTemplate.Tests.GerenciarPerfisGlobais" runstate="Runnable" seed="1244244919" result="Passed" start-time="2019-05-23 19:34:29Z" end-time="2019-05-23 19:34:42Z" duration="12.965509" asserts="1" />
          <test-case id="0-1015" name="VersaoSONaoPreenchida" fullname="CSharpSeleniumTemplate.Tests.GerenciarPerfisGlobais.VersaoSONaoPreenchida" methodname="VersaoSONaoPreenchida" classname="CSharpSeleniumTemplate.Tests.GerenciarPerfisGlobais" runstate="Runnable" seed="1818824801" result="Passed" start-time="2019-05-23 19:34:42Z" end-time="2019-05-23 19:34:54Z" duration="12.416135" asserts="1" />
        </test-suite>
        <test-suite type="TestFixture" id="0-1021" name="GerenciarProjetos" fullname="CSharpSeleniumTemplate.Tests.GerenciarProjetos" classname="CSharpSeleniumTemplate.Tests.GerenciarProjetos" runstate="Runnable" testcasecount="5" result="Passed" start-time="2019-05-23 19:34:54Z" end-time="2019-05-23 19:36:32Z" duration="97.374632" total="5" passed="5" failed="0" warnings="0" inconclusive="0" skipped="0" asserts="7">
          <test-case id="0-1026" name="ApagarProjeto" fullname="CSharpSeleniumTemplate.Tests.GerenciarProjetos.ApagarProjeto" methodname="ApagarProjeto" classname="CSharpSeleniumTemplate.Tests.GerenciarProjetos" runstate="Runnable" seed="2050431725" result="Passed" start-time="2019-05-23 19:34:54Z" end-time="2019-05-23 19:35:17Z" duration="22.514784" asserts="1" />
          <test-case id="0-1022" name="CadastrarProjeto" fullname="CSharpSeleniumTemplate.Tests.GerenciarProjetos.CadastrarProjeto" methodname="CadastrarProjeto" classname="CSharpSeleniumTemplate.Tests.GerenciarProjetos" runstate="Runnable" seed="1698307039" result="Passed" start-time="2019-05-23 19:35:17Z" end-time="2019-05-23 19:35:34Z" duration="17.195452" asserts="2" />
          <test-case id="0-1023" name="CadastroJaRealizado" fullname="CSharpSeleniumTemplate.Tests.GerenciarProjetos.CadastroJaRealizado" methodname="CadastroJaRealizado" classname="CSharpSeleniumTemplate.Tests.GerenciarProjetos" runstate="Runnable" seed="1244590774" result="Passed" start-time="2019-05-23 19:35:34Z" end-time="2019-05-23 19:35:58Z" duration="23.330589" asserts="1" />
          <test-case id="0-1024" name="CampoNomeProjetoNaoPreenchidos" fullname="CSharpSeleniumTemplate.Tests.GerenciarProjetos.CampoNomeProjetoNaoPreenchidos" methodname="CampoNomeProjetoNaoPreenchidos" classname="CSharpSeleniumTemplate.Tests.GerenciarProjetos" runstate="Runnable" seed="889913839" result="Passed" start-time="2019-05-23 19:35:58Z" end-time="2019-05-23 19:36:09Z" duration="11.520961" asserts="1" />
          <test-case id="0-1025" name="EditarProjeto" fullname="CSharpSeleniumTemplate.Tests.GerenciarProjetos.EditarProjeto" methodname="EditarProjeto" classname="CSharpSeleniumTemplate.Tests.GerenciarProjetos" runstate="Runnable" seed="1958534547" result="Passed" start-time="2019-05-23 19:36:09Z" end-time="2019-05-23 19:36:32Z" duration="22.772453" asserts="2" />
        </test-suite>
        <test-suite type="TestFixture" id="0-1044" name="GerenciarTarefas" fullname="CSharpSeleniumTemplate.Tests.GerenciarTarefas" classname="CSharpSeleniumTemplate.Tests.GerenciarTarefas" runstate="Runnable" testcasecount="5" result="Passed" start-time="2019-05-23 19:36:32Z" end-time="2019-05-23 19:38:13Z" duration="100.882145" total="5" passed="5" failed="0" warnings="0" inconclusive="0" skipped="0" asserts="5">
          <test-case id="0-1047" name="AcessarEditarTarefa" fullname="CSharpSeleniumTemplate.Tests.GerenciarTarefas.AcessarEditarTarefa" methodname="AcessarEditarTarefa" classname="CSharpSeleniumTemplate.Tests.GerenciarTarefas" runstate="Runnable" seed="81944911" result="Passed" start-time="2019-05-23 19:36:32Z" end-time="2019-05-23 19:36:49Z" duration="17.030152" asserts="1" />
          <test-case id="0-1049" name="AdicionarAnotacaoSemCampoObrigatorio" fullname="CSharpSeleniumTemplate.Tests.GerenciarTarefas.AdicionarAnotacaoSemCampoObrigatorio" methodname="AdicionarAnotacaoSemCampoObrigatorio" classname="CSharpSeleniumTemplate.Tests.GerenciarTarefas" runstate="Runnable" seed="873722249" result="Passed" start-time="2019-05-23 19:36:49Z" end-time="2019-05-23 19:37:08Z" duration="19.149754" asserts="1" />
          <test-case id="0-1045" name="PesquisarTarefa" fullname="CSharpSeleniumTemplate.Tests.GerenciarTarefas.PesquisarTarefa" methodname="PesquisarTarefa" classname="CSharpSeleniumTemplate.Tests.GerenciarTarefas" runstate="Runnable" seed="2146086934" result="Passed" start-time="2019-05-23 19:37:08Z" end-time="2019-05-23 19:37:31Z" duration="22.914719" asserts="1" />
          <test-case id="0-1046" name="SelecionarTodasTarefas" fullname="CSharpSeleniumTemplate.Tests.GerenciarTarefas.SelecionarTodasTarefas" methodname="SelecionarTodasTarefas" classname="CSharpSeleniumTemplate.Tests.GerenciarTarefas" runstate="Runnable" seed="1893375553" result="Passed" start-time="2019-05-23 19:37:31Z" end-time="2019-05-23 19:37:54Z" duration="23.138130" asserts="1" />
          <test-case id="0-1048" name="VoltarDetalheTarefa" fullname="CSharpSeleniumTemplate.Tests.GerenciarTarefas.VoltarDetalheTarefa" methodname="VoltarDetalheTarefa" classname="CSharpSeleniumTemplate.Tests.GerenciarTarefas" runstate="Runnable" seed="1661049492" result="Passed" start-time="2019-05-23 19:37:54Z" end-time="2019-05-23 19:38:13Z" duration="18.574849" asserts="1" />
        </test-suite>
        <test-suite type="TestFixture" id="0-1050" name="GerenciarUsuarios" fullname="CSharpSeleniumTemplate.Tests.GerenciarUsuarios" classname="CSharpSeleniumTemplate.Tests.GerenciarUsuarios" runstate="Runnable" testcasecount="10" result="Passed" start-time="2019-05-23 19:38:13Z" end-time="2019-05-23 19:41:30Z" duration="197.513609" total="10" passed="10" failed="0" warnings="0" inconclusive="0" skipped="0" asserts="15">
          <test-case id="0-1057" name="ApagarUsuario" fullname="CSharpSeleniumTemplate.Tests.GerenciarUsuarios.ApagarUsuario" methodname="ApagarUsuario" classname="CSharpSeleniumTemplate.Tests.GerenciarUsuarios" runstate="Runnable" seed="642161703" result="Passed" start-time="2019-05-23 19:38:13Z" end-time="2019-05-23 19:38:34Z" duration="21.168574" asserts="2" />
          <test-case id="0-1051" name="CadastrarUsuarioApenasCamposObrigatorios" fullname="CSharpSeleniumTemplate.Tests.GerenciarUsuarios.CadastrarUsuarioApenasCamposObrigatorios" methodname="CadastrarUsuarioApenasCamposObrigatorios" classname="CSharpSeleniumTemplate.Tests.GerenciarUsuarios" runstate="Runnable" seed="1916392424" result="Passed" start-time="2019-05-23 19:38:34Z" end-time="2019-05-23 19:38:48Z" duration="14.324405" asserts="2" />
          <test-case id="0-1052" name="CadastrarUsuarioTodosCampos" fullname="CSharpSeleniumTemplate.Tests.GerenciarUsuarios.CadastrarUsuarioTodosCampos" methodname="CadastrarUsuarioTodosCampos" classname="CSharpSeleniumTemplate.Tests.GerenciarUsuarios" runstate="Runnable" seed="554848164" result="Passed" start-time="2019-05-23 19:38:48Z" end-time="2019-05-23 19:39:06Z" duration="17.424410" asserts="2" />
          <test-case id="0-1053" name="CampoNomeNaoPreenchido" fullname="CSharpSeleniumTemplate.Tests.GerenciarUsuarios.CampoNomeNaoPreenchido" methodname="CampoNomeNaoPreenchido" classname="CSharpSeleniumTemplate.Tests.GerenciarUsuarios" runstate="Runnable" seed="948025994" result="Passed" start-time="2019-05-23 19:39:06Z" end-time="2019-05-23 19:39:21Z" duration="15.512973" asserts="1" />
          <test-case id="0-1056" name="EditarUsuario" fullname="CSharpSeleniumTemplate.Tests.GerenciarUsuarios.EditarUsuario" methodname="EditarUsuario" classname="CSharpSeleniumTemplate.Tests.GerenciarUsuarios" runstate="Runnable" seed="1598034811" result="Passed" start-time="2019-05-23 19:39:21Z" end-time="2019-05-23 19:39:44Z" duration="23.118465" asserts="3" />
          <test-case id="0-1059" name="EmailInvalido" fullname="CSharpSeleniumTemplate.Tests.GerenciarUsuarios.EmailInvalido" methodname="EmailInvalido" classname="CSharpSeleniumTemplate.Tests.GerenciarUsuarios" runstate="Runnable" seed="1308107928" result="Passed" start-time="2019-05-23 19:39:44Z" end-time="2019-05-23 19:39:58Z" duration="13.573360" asserts="1" />
          <test-case id="0-1055" name="EmailJaCadastrado" fullname="CSharpSeleniumTemplate.Tests.GerenciarUsuarios.EmailJaCadastrado" methodname="EmailJaCadastrado" classname="CSharpSeleniumTemplate.Tests.GerenciarUsuarios" runstate="Runnable" seed="1160922926" result="Passed" start-time="2019-05-23 19:39:58Z" end-time="2019-05-23 19:40:21Z" duration="22.756045" asserts="1" />
          <test-case id="0-1060" name="PesquisarUsuarios" fullname="CSharpSeleniumTemplate.Tests.GerenciarUsuarios.PesquisarUsuarios" methodname="PesquisarUsuarios" classname="CSharpSeleniumTemplate.Tests.GerenciarUsuarios" runstate="Runnable" seed="1981882264" result="Passed" start-time="2019-05-23 19:40:21Z" end-time="2019-05-23 19:40:41Z" duration="19.943336" asserts="1" />
          <test-case id="0-1058" name="RedefinirSenhaSemPreencherEmail" fullname="CSharpSeleniumTemplate.Tests.GerenciarUsuarios.RedefinirSenhaSemPreencherEmail" methodname="RedefinirSenhaSemPreencherEmail" classname="CSharpSeleniumTemplate.Tests.GerenciarUsuarios" runstate="Runnable" seed="874305434" result="Passed" start-time="2019-05-23 19:40:41Z" end-time="2019-05-23 19:41:11Z" duration="30.009193" asserts="1" />
          <test-case id="0-1054" name="UsuarioJaCadastrado" fullname="CSharpSeleniumTemplate.Tests.GerenciarUsuarios.UsuarioJaCadastrado" methodname="UsuarioJaCadastrado" classname="CSharpSeleniumTemplate.Tests.GerenciarUsuarios" runstate="Runnable" seed="832222564" result="Passed" start-time="2019-05-23 19:41:11Z" end-time="2019-05-23 19:41:30Z" duration="19.601498" asserts="1" />
        </test-suite>
        <test-suite type="TestFixture" id="0-1061" name="LoginTests" fullname="CSharpSeleniumTemplate.Tests.LoginTests" classname="CSharpSeleniumTemplate.Tests.LoginTests" runstate="Runnable" testcasecount="4" result="Passed" start-time="2019-05-23 19:41:30Z" end-time="2019-05-23 19:41:59Z" duration="28.780610" total="4" passed="4" failed="0" warnings="0" inconclusive="0" skipped="0" asserts="4">
          <test-case id="0-1062" name="EfetuarLoginComSucesso" fullname="CSharpSeleniumTemplate.Tests.LoginTests.EfetuarLoginComSucesso" methodname="EfetuarLoginComSucesso" classname="CSharpSeleniumTemplate.Tests.LoginTests" runstate="Runnable" seed="276738835" result="Passed" start-time="2019-05-23 19:41:30Z" end-time="2019-05-23 19:41:38Z" duration="8.093947" asserts="1" />
          <test-suite type="ParameterizedMethod" id="0-1066" name="EfetuarLoginInformandoUsuarioInvalido" fullname="CSharpSeleniumTemplate.Tests.LoginTests.EfetuarLoginInformandoUsuarioInvalido" classname="CSharpSeleniumTemplate.Tests.LoginTests" runstate="Runnable" testcasecount="3" result="Passed" start-time="2019-05-23 19:41:38Z" end-time="2019-05-23 19:41:59Z" duration="20.629053" total="3" passed="3" failed="0" warnings="0" inconclusive="0" skipped="0" asserts="3">
            <test-case id="0-1063" name="EfetuarLoginInformandoUsuarioInvalido(System.Collections.ArrayList)" fullname="CSharpSeleniumTemplate.Tests.LoginTests.EfetuarLoginInformandoUsuarioInvalido(System.Collections.ArrayList)" methodname="EfetuarLoginInformandoUsuarioInvalido" classname="CSharpSeleniumTemplate.Tests.LoginTests" runstate="Runnable" seed="173327912" result="Passed" start-time="2019-05-23 19:41:38Z" end-time="2019-05-23 19:41:45Z" duration="7.002410" asserts="1" />
            <test-case id="0-1064" name="EfetuarLoginInformandoUsuarioInvalido(System.Collections.ArrayList)" fullname="CSharpSeleniumTemplate.Tests.LoginTests.EfetuarLoginInformandoUsuarioInvalido(System.Collections.ArrayList)" methodname="EfetuarLoginInformandoUsuarioInvalido" classname="CSharpSeleniumTemplate.Tests.LoginTests" runstate="Runnable" seed="561894099" result="Passed" start-time="2019-05-23 19:41:45Z" end-time="2019-05-23 19:41:52Z" duration="6.581407" asserts="1" />
            <test-case id="0-1065" name="EfetuarLoginInformandoUsuarioInvalido(System.Collections.ArrayList)" fullname="CSharpSeleniumTemplate.Tests.LoginTests.EfetuarLoginInformandoUsuarioInvalido(System.Collections.ArrayList)" methodname="EfetuarLoginInformandoUsuarioInvalido" classname="CSharpSeleniumTemplate.Tests.LoginTests" runstate="Runnable" seed="2021941018" result="Passed" start-time="2019-05-23 19:41:52Z" end-time="2019-05-23 19:41:59Z" duration="7.044211" asserts="1" />
          </test-suite>
        </test-suite>
        <test-suite type="TestFixture" id="0-1067" name="ReportIssueTests" fullname="CSharpSeleniumTemplate.Tests.ReportIssueTests" classname="CSharpSeleniumTemplate.Tests.ReportIssueTests" runstate="Runnable" testcasecount="0" result="Passed" start-time="2019-05-23 19:41:59Z" end-time="2019-05-23 19:41:59Z" duration="0.000010" total="0" passed="0" failed="0" warnings="0" inconclusive="0" skipped="0" asserts="0" />
      </test-suite>
    </test-suite>
  </test-suite>
</test-run>