<?xml version="1.0" encoding="utf-8" standalone="no"?>
<test-run id="2" testcasecount="56" result="Passed" total="56" passed="56" failed="0" inconclusive="0" skipped="0" asserts="78" engine-version="3.10.0.0" clr-version="4.0.30319.42000" start-time="2019-05-29 13:12:19Z" end-time="2019-05-29 13:32:46Z" duration="1227.573873">
  <command-line><![CDATA["C:\Program Files (x86)\NUnit.Console-3.10.0\bin\net35\nunit3-console.exe"  "CSharpSeleniumTemplate.dll" --inprocess --labels=On]]></command-line>
  <test-suite type="Assembly" id="0-1067" name="CSharpSeleniumTemplate.dll" fullname="CSharpSeleniumTemplate.dll" runstate="Runnable" testcasecount="56" result="Passed" start-time="2019-05-29 13:12:19Z" end-time="2019-05-29 13:32:46Z" duration="1227.082657" total="56" passed="56" failed="0" warnings="0" inconclusive="0" skipped="0" asserts="78">
    <environment framework-version="3.11.0.0" clr-version="4.0.30319.42000" os-version="Microsoft Windows NT 10.0.17763.0" platform="Win32NT" cwd="C:\Mantis2\csharpseleniumextentreporttemplate-master\CSharpSeleniumTemplate\bin\Debug" machine-name="PLUTO" user="SISTEMA" user-domain="WORKGROUP" culture="pt-BR" uiculture="pt-BR" os-architecture="x64" />
    <settings>
      <setting name="ProcessModel" value="InProcess" />
      <setting name="DisposeRunners" value="True" />
      <setting name="WorkDirectory" value="C:\Mantis2\csharpseleniumextentreporttemplate-master\CSharpSeleniumTemplate\bin\Debug" />
      <setting name="ImageRuntimeVersion" value="4.0.30319" />
      <setting name="ImageTargetFrameworkName" value=".NETFramework,Version=v4.6.1" />
      <setting name="ImageRequiresX86" value="False" />
      <setting name="ImageRequiresDefaultAppDomainAssemblyResolver" value="False" />
      <setting name="NumberOfTestWorkers" value="4" />
    </settings>
    <properties>
      <property name="_PID" value="13176" />
      <property name="_APPDOMAIN" value="domain-" />
    </properties>
    <test-suite type="TestSuite" id="0-1068" name="CSharpSeleniumTemplate" fullname="CSharpSeleniumTemplate" runstate="Runnable" testcasecount="56" result="Passed" start-time="2019-05-29 13:12:19Z" end-time="2019-05-29 13:32:46Z" duration="1227.061286" total="56" passed="56" failed="0" warnings="0" inconclusive="0" skipped="0" asserts="78">
      <test-suite type="TestSuite" id="0-1069" name="Tests" fullname="CSharpSeleniumTemplate.Tests" runstate="Runnable" testcasecount="56" result="Passed" start-time="2019-05-29 13:12:19Z" end-time="2019-05-29 13:32:46Z" duration="1227.060172" total="56" passed="56" failed="0" warnings="0" inconclusive="0" skipped="0" asserts="78">
        <test-suite type="TestFixture" id="0-1027" name="CriarTarefa" fullname="CSharpSeleniumTemplate.Tests.CriarTarefa" classname="CSharpSeleniumTemplate.Tests.CriarTarefa" runstate="Runnable" testcasecount="9" result="Passed" start-time="2019-05-29 13:12:19Z" end-time="2019-05-29 13:15:24Z" duration="184.443357" total="9" passed="9" failed="0" warnings="0" inconclusive="0" skipped="0" asserts="16">
          <test-case id="0-1035" name="CadastrarMaisTarefas" fullname="CSharpSeleniumTemplate.Tests.CriarTarefa.CadastrarMaisTarefas" methodname="CadastrarMaisTarefas" classname="CSharpSeleniumTemplate.Tests.CriarTarefa" runstate="Runnable" seed="1595651738" result="Passed" start-time="2019-05-29 13:12:20Z" end-time="2019-05-29 13:12:48Z" duration="28.047787" asserts="2" />
          <test-case id="0-1028" name="CadastrarTarefaApenasCamposObrigatorios" fullname="CSharpSeleniumTemplate.Tests.CriarTarefa.CadastrarTarefaApenasCamposObrigatorios" methodname="CadastrarTarefaApenasCamposObrigatorios" classname="CSharpSeleniumTemplate.Tests.CriarTarefa" runstate="Runnable" seed="432854888" result="Passed" start-time="2019-05-29 13:12:48Z" end-time="2019-05-29 13:13:09Z" duration="21.476615" asserts="2" />
          <test-suite type="ParameterizedMethod" id="0-1034" name="CadastrarTarefaTodosCampos" fullname="CSharpSeleniumTemplate.Tests.CriarTarefa.CadastrarTarefaTodosCampos" classname="CSharpSeleniumTemplate.Tests.CriarTarefa" runstate="Runnable" testcasecount="5" result="Passed" start-time="2019-05-29 13:13:09Z" end-time="2019-05-29 13:14:49Z" duration="99.511678" total="5" passed="5" failed="0" warnings="0" inconclusive="0" skipped="0" asserts="10">
            <test-case id="0-1029" name="CadastrarTarefaTodosCampos(System.Collections.ArrayList)" fullname="CSharpSeleniumTemplate.Tests.CriarTarefa.CadastrarTarefaTodosCampos(System.Collections.ArrayList)" methodname="CadastrarTarefaTodosCampos" classname="CSharpSeleniumTemplate.Tests.CriarTarefa" runstate="Runnable" seed="1291881703" result="Passed" start-time="2019-05-29 13:13:09Z" end-time="2019-05-29 13:13:29Z" duration="19.303174" asserts="2" />
            <test-case id="0-1030" name="CadastrarTarefaTodosCampos(System.Collections.ArrayList)" fullname="CSharpSeleniumTemplate.Tests.CriarTarefa.CadastrarTarefaTodosCampos(System.Collections.ArrayList)" methodname="CadastrarTarefaTodosCampos" classname="CSharpSeleniumTemplate.Tests.CriarTarefa" runstate="Runnable" seed="852588401" result="Passed" start-time="2019-05-29 13:13:29Z" end-time="2019-05-29 13:13:51Z" duration="22.431333" asserts="2" />
            <test-case id="0-1031" name="CadastrarTarefaTodosCampos(System.Collections.ArrayList)" fullname="CSharpSeleniumTemplate.Tests.CriarTarefa.CadastrarTarefaTodosCampos(System.Collections.ArrayList)" methodname="CadastrarTarefaTodosCampos" classname="CSharpSeleniumTemplate.Tests.CriarTarefa" runstate="Runnable" seed="918263911" result="Passed" start-time="2019-05-29 13:13:51Z" end-time="2019-05-29 13:14:09Z" duration="17.878949" asserts="2" />
            <test-case id="0-1032" name="CadastrarTarefaTodosCampos(System.Collections.ArrayList)" fullname="CSharpSeleniumTemplate.Tests.CriarTarefa.CadastrarTarefaTodosCampos(System.Collections.ArrayList)" methodname="CadastrarTarefaTodosCampos" classname="CSharpSeleniumTemplate.Tests.CriarTarefa" runstate="Runnable" seed="1890245799" result="Passed" start-time="2019-05-29 13:14:09Z" end-time="2019-05-29 13:14:29Z" duration="19.630207" asserts="2" />
            <test-case id="0-1033" name="CadastrarTarefaTodosCampos(System.Collections.ArrayList)" fullname="CSharpSeleniumTemplate.Tests.CriarTarefa.CadastrarTarefaTodosCampos(System.Collections.ArrayList)" methodname="CadastrarTarefaTodosCampos" classname="CSharpSeleniumTemplate.Tests.CriarTarefa" runstate="Runnable" seed="462040851" result="Passed" start-time="2019-05-29 13:14:29Z" end-time="2019-05-29 13:14:49Z" duration="20.261089" asserts="2" />
          </test-suite>
          <test-case id="0-1037" name="CampoDescricaoNaoPreenchido" fullname="CSharpSeleniumTemplate.Tests.CriarTarefa.CampoDescricaoNaoPreenchido" methodname="CampoDescricaoNaoPreenchido" classname="CSharpSeleniumTemplate.Tests.CriarTarefa" runstate="Runnable" seed="53767465" result="Passed" start-time="2019-05-29 13:14:49Z" end-time="2019-05-29 13:15:03Z" duration="14.466729" asserts="1" />
          <test-case id="0-1036" name="CampoResumoNaoPreenchido" fullname="CSharpSeleniumTemplate.Tests.CriarTarefa.CampoResumoNaoPreenchido" methodname="CampoResumoNaoPreenchido" classname="CSharpSeleniumTemplate.Tests.CriarTarefa" runstate="Runnable" seed="30721968" result="Passed" start-time="2019-05-29 13:15:03Z" end-time="2019-05-29 13:15:18Z" duration="14.466048" asserts="1" />
        </test-suite>
        <test-suite type="TestFixture" id="0-1000" name="GerenciarCamposPersonalizados" fullname="CSharpSeleniumTemplate.Tests.GerenciarCamposPersonalizados" classname="CSharpSeleniumTemplate.Tests.GerenciarCamposPersonalizados" runstate="Runnable" testcasecount="5" result="Passed" start-time="2019-05-29 13:15:24Z" end-time="2019-05-29 13:17:26Z" duration="122.030984" total="5" passed="5" failed="0" warnings="0" inconclusive="0" skipped="0" asserts="9">
          <test-case id="0-1005" name="ApagarCampoPersonalizado" fullname="CSharpSeleniumTemplate.Tests.GerenciarCamposPersonalizados.ApagarCampoPersonalizado" methodname="ApagarCampoPersonalizado" classname="CSharpSeleniumTemplate.Tests.GerenciarCamposPersonalizados" runstate="Runnable" seed="1862451636" result="Passed" start-time="2019-05-29 13:15:24Z" end-time="2019-05-29 13:15:56Z" duration="32.212280" asserts="2" />
          <test-case id="0-1001" name="CadastrarCampoPersonalizado" fullname="CSharpSeleniumTemplate.Tests.GerenciarCamposPersonalizados.CadastrarCampoPersonalizado" methodname="CadastrarCampoPersonalizado" classname="CSharpSeleniumTemplate.Tests.GerenciarCamposPersonalizados" runstate="Runnable" seed="1918873086" result="Passed" start-time="2019-05-29 13:15:56Z" end-time="2019-05-29 13:16:13Z" duration="17.264972" asserts="2" />
          <test-case id="0-1002" name="CampoObrigatorioNaoInformado" fullname="CSharpSeleniumTemplate.Tests.GerenciarCamposPersonalizados.CampoObrigatorioNaoInformado" methodname="CampoObrigatorioNaoInformado" classname="CSharpSeleniumTemplate.Tests.GerenciarCamposPersonalizados" runstate="Runnable" seed="956715342" result="Passed" start-time="2019-05-29 13:16:13Z" end-time="2019-05-29 13:16:30Z" duration="16.459428" asserts="1" />
          <test-case id="0-1003" name="CampoPersonalizadoJaCadastrado" fullname="CSharpSeleniumTemplate.Tests.GerenciarCamposPersonalizados.CampoPersonalizadoJaCadastrado" methodname="CampoPersonalizadoJaCadastrado" classname="CSharpSeleniumTemplate.Tests.GerenciarCamposPersonalizados" runstate="Runnable" seed="528540975" result="Passed" start-time="2019-05-29 13:16:30Z" end-time="2019-05-29 13:16:55Z" duration="25.141667" asserts="1" />
          <test-case id="0-1004" name="EditarCampoPersonalizado" fullname="CSharpSeleniumTemplate.Tests.GerenciarCamposPersonalizados.EditarCampoPersonalizado" methodname="EditarCampoPersonalizado" classname="CSharpSeleniumTemplate.Tests.GerenciarCamposPersonalizados" runstate="Runnable" seed="851786112" result="Passed" start-time="2019-05-29 13:16:55Z" end-time="2019-05-29 13:17:25Z" duration="30.364818" asserts="3" />
        </test-suite>
        <test-suite type="TestFixture" id="0-1038" name="GerenciarCategorias" fullname="CSharpSeleniumTemplate.Tests.GerenciarCategorias" classname="CSharpSeleniumTemplate.Tests.GerenciarCategorias" runstate="Runnable" testcasecount="5" result="Passed" start-time="2019-05-29 13:17:26Z" end-time="2019-05-29 13:19:08Z" duration="101.908258" total="5" passed="5" failed="0" warnings="0" inconclusive="0" skipped="0" asserts="7">
          <test-case id="0-1043" name="ApagarCategoria" fullname="CSharpSeleniumTemplate.Tests.GerenciarCategorias.ApagarCategoria" methodname="ApagarCategoria" classname="CSharpSeleniumTemplate.Tests.GerenciarCategorias" runstate="Runnable" seed="1921160201" result="Passed" start-time="2019-05-29 13:17:26Z" end-time="2019-05-29 13:17:49Z" duration="23.091680" asserts="1" />
          <test-case id="0-1039" name="CadastrarCategoria" fullname="CSharpSeleniumTemplate.Tests.GerenciarCategorias.CadastrarCategoria" methodname="CadastrarCategoria" classname="CSharpSeleniumTemplate.Tests.GerenciarCategorias" runstate="Runnable" seed="1562604317" result="Passed" start-time="2019-05-29 13:17:49Z" end-time="2019-05-29 13:18:07Z" duration="18.428817" asserts="1" />
          <test-case id="0-1041" name="CampoObrigatorioNaoPreenchido" fullname="CSharpSeleniumTemplate.Tests.GerenciarCategorias.CampoObrigatorioNaoPreenchido" methodname="CampoObrigatorioNaoPreenchido" classname="CSharpSeleniumTemplate.Tests.GerenciarCategorias" runstate="Runnable" seed="1510412138" result="Passed" start-time="2019-05-29 13:18:07Z" end-time="2019-05-29 13:18:22Z" duration="14.824332" asserts="1" />
          <test-case id="0-1040" name="CategoriaJaCadastrada" fullname="CSharpSeleniumTemplate.Tests.GerenciarCategorias.CategoriaJaCadastrada" methodname="CategoriaJaCadastrada" classname="CSharpSeleniumTemplate.Tests.GerenciarCategorias" runstate="Runnable" seed="417734236" result="Passed" start-time="2019-05-29 13:18:22Z" end-time="2019-05-29 13:18:45Z" duration="22.417095" asserts="1" />
          <test-case id="0-1042" name="EditarCategoria" fullname="CSharpSeleniumTemplate.Tests.GerenciarCategorias.EditarCategoria" methodname="EditarCategoria" classname="CSharpSeleniumTemplate.Tests.GerenciarCategorias" runstate="Runnable" seed="1347292692" result="Passed" start-time="2019-05-29 13:18:45Z" end-time="2019-05-29 13:19:08Z" duration="22.990846" asserts="3" />
        </test-suite>
        <test-suite type="TestFixture" id="0-1006" name="GerenciarMarcadores" fullname="CSharpSeleniumTemplate.Tests.GerenciarMarcadores" classname="CSharpSeleniumTemplate.Tests.GerenciarMarcadores" runstate="Runnable" testcasecount="5" result="Passed" start-time="2019-05-29 13:19:08Z" end-time="2019-05-29 13:20:54Z" duration="106.378822" total="5" passed="5" failed="0" warnings="0" inconclusive="0" skipped="0" asserts="6">
          <test-case id="0-1010" name="ApagarMarcador" fullname="CSharpSeleniumTemplate.Tests.GerenciarMarcadores.ApagarMarcador" methodname="ApagarMarcador" classname="CSharpSeleniumTemplate.Tests.GerenciarMarcadores" runstate="Runnable" seed="1178790508" result="Passed" start-time="2019-05-29 13:19:08Z" end-time="2019-05-29 13:19:33Z" duration="25.187023" asserts="1" />
          <test-case id="0-1007" name="CadastrarMarcador" fullname="CSharpSeleniumTemplate.Tests.GerenciarMarcadores.CadastrarMarcador" methodname="CadastrarMarcador" classname="CSharpSeleniumTemplate.Tests.GerenciarMarcadores" runstate="Runnable" seed="1145696585" result="Passed" start-time="2019-05-29 13:19:33Z" end-time="2019-05-29 13:19:48Z" duration="15.513058" asserts="1" />
          <test-case id="0-1008" name="CampoObrigatorioNaoPreenchido" fullname="CSharpSeleniumTemplate.Tests.GerenciarMarcadores.CampoObrigatorioNaoPreenchido" methodname="CampoObrigatorioNaoPreenchido" classname="CSharpSeleniumTemplate.Tests.GerenciarMarcadores" runstate="Runnable" seed="1160004394" result="Passed" start-time="2019-05-29 13:19:48Z" end-time="2019-05-29 13:20:02Z" duration="13.309391" asserts="1" />
          <test-case id="0-1009" name="EditarMarcador" fullname="CSharpSeleniumTemplate.Tests.GerenciarMarcadores.EditarMarcador" methodname="EditarMarcador" classname="CSharpSeleniumTemplate.Tests.GerenciarMarcadores" runstate="Runnable" seed="936060985" result="Passed" start-time="2019-05-29 13:20:02Z" end-time="2019-05-29 13:20:28Z" duration="26.307240" asserts="2" />
          <test-case id="0-1011" name="VoltarAoDetalheMarcador" fullname="CSharpSeleniumTemplate.Tests.GerenciarMarcadores.VoltarAoDetalheMarcador" methodname="VoltarAoDetalheMarcador" classname="CSharpSeleniumTemplate.Tests.GerenciarMarcadores" runstate="Runnable" seed="1370968201" result="Passed" start-time="2019-05-29 13:20:28Z" end-time="2019-05-29 13:20:54Z" duration="25.918007" asserts="1" />
        </test-suite>
        <test-suite type="TestFixture" id="0-1012" name="GerenciarPerfisGlobais" fullname="CSharpSeleniumTemplate.Tests.GerenciarPerfisGlobais" classname="CSharpSeleniumTemplate.Tests.GerenciarPerfisGlobais" runstate="Runnable" testcasecount="8" result="Passed" start-time="2019-05-29 13:20:54Z" end-time="2019-05-29 13:23:51Z" duration="177.191380" total="8" passed="8" failed="0" warnings="0" inconclusive="0" skipped="0" asserts="9">
          <test-case id="0-1020" name="ApagarPerfilScucesso" fullname="CSharpSeleniumTemplate.Tests.GerenciarPerfisGlobais.ApagarPerfilScucesso" methodname="ApagarPerfilScucesso" classname="CSharpSeleniumTemplate.Tests.GerenciarPerfisGlobais" runstate="Runnable" seed="1919733306" result="Passed" start-time="2019-05-29 13:20:54Z" end-time="2019-05-29 13:21:21Z" duration="26.622097" asserts="1" />
          <test-case id="0-1019" name="ApagarSemSelecionarUmPerfil" fullname="CSharpSeleniumTemplate.Tests.GerenciarPerfisGlobais.ApagarSemSelecionarUmPerfil" methodname="ApagarSemSelecionarUmPerfil" classname="CSharpSeleniumTemplate.Tests.GerenciarPerfisGlobais" runstate="Runnable" seed="2037135283" result="Passed" start-time="2019-05-29 13:21:21Z" end-time="2019-05-29 13:21:45Z" duration="24.133376" asserts="1" />
          <test-case id="0-1013" name="CadastrarPerfilSucesso" fullname="CSharpSeleniumTemplate.Tests.GerenciarPerfisGlobais.CadastrarPerfilSucesso" methodname="CadastrarPerfilSucesso" classname="CSharpSeleniumTemplate.Tests.GerenciarPerfisGlobais" runstate="Runnable" seed="2101815597" result="Passed" start-time="2019-05-29 13:21:45Z" end-time="2019-05-29 13:22:03Z" duration="18.105450" asserts="1" />
          <test-case id="0-1018" name="EditarPerfilSucesso" fullname="CSharpSeleniumTemplate.Tests.GerenciarPerfisGlobais.EditarPerfilSucesso" methodname="EditarPerfilSucesso" classname="CSharpSeleniumTemplate.Tests.GerenciarPerfisGlobais" runstate="Runnable" seed="1090908018" result="Passed" start-time="2019-05-29 13:22:03Z" end-time="2019-05-29 13:22:35Z" duration="31.660018" asserts="2" />
          <test-case id="0-1017" name="EditarSemSelecionarUmPerfil" fullname="CSharpSeleniumTemplate.Tests.GerenciarPerfisGlobais.EditarSemSelecionarUmPerfil" methodname="EditarSemSelecionarUmPerfil" classname="CSharpSeleniumTemplate.Tests.GerenciarPerfisGlobais" runstate="Runnable" seed="388892697" result="Passed" start-time="2019-05-29 13:22:35Z" end-time="2019-05-29 13:22:57Z" duration="22.077083" asserts="1" />
          <test-case id="0-1016" name="EnviarSemSelecionarUmdosParametros" fullname="CSharpSeleniumTemplate.Tests.GerenciarPerfisGlobais.EnviarSemSelecionarUmdosParametros" methodname="EnviarSemSelecionarUmdosParametros" classname="CSharpSeleniumTemplate.Tests.GerenciarPerfisGlobais" runstate="Runnable" seed="38933635" result="Passed" start-time="2019-05-29 13:22:57Z" end-time="2019-05-29 13:23:18Z" duration="20.757390" asserts="1" />
          <test-case id="0-1014" name="PlataformaNaoPreenchida" fullname="CSharpSeleniumTemplate.Tests.GerenciarPerfisGlobais.PlataformaNaoPreenchida" methodname="PlataformaNaoPreenchida" classname="CSharpSeleniumTemplate.Tests.GerenciarPerfisGlobais" runstate="Runnable" seed="522930302" result="Passed" start-time="2019-05-29 13:23:18Z" end-time="2019-05-29 13:23:36Z" duration="18.194290" asserts="1" />
          <test-case id="0-1015" name="VersaoSONaoPreenchida" fullname="CSharpSeleniumTemplate.Tests.GerenciarPerfisGlobais.VersaoSONaoPreenchida" methodname="VersaoSONaoPreenchida" classname="CSharpSeleniumTemplate.Tests.GerenciarPerfisGlobais" runstate="Runnable" seed="268126186" result="Passed" start-time="2019-05-29 13:23:36Z" end-time="2019-05-29 13:23:51Z" duration="15.586342" asserts="1" />
        </test-suite>
        <test-suite type="TestFixture" id="0-1021" name="GerenciarProjetos" fullname="CSharpSeleniumTemplate.Tests.GerenciarProjetos" classname="CSharpSeleniumTemplate.Tests.GerenciarProjetos" runstate="Runnable" testcasecount="5" result="Passed" start-time="2019-05-29 13:23:51Z" end-time="2019-05-29 13:26:01Z" duration="129.871472" total="5" passed="5" failed="0" warnings="0" inconclusive="0" skipped="0" asserts="7">
          <test-case id="0-1026" name="ApagarProjeto" fullname="CSharpSeleniumTemplate.Tests.GerenciarProjetos.ApagarProjeto" methodname="ApagarProjeto" classname="CSharpSeleniumTemplate.Tests.GerenciarProjetos" runstate="Runnable" seed="1246398862" result="Passed" start-time="2019-05-29 13:23:51Z" end-time="2019-05-29 13:24:22Z" duration="30.555464" asserts="1" />
          <test-case id="0-1022" name="CadastrarProjeto" fullname="CSharpSeleniumTemplate.Tests.GerenciarProjetos.CadastrarProjeto" methodname="CadastrarProjeto" classname="CSharpSeleniumTemplate.Tests.GerenciarProjetos" runstate="Runnable" seed="1017560211" result="Passed" start-time="2019-05-29 13:24:22Z" end-time="2019-05-29 13:24:41Z" duration="19.139032" asserts="2" />
          <test-case id="0-1023" name="CadastroJaRealizado" fullname="CSharpSeleniumTemplate.Tests.GerenciarProjetos.CadastroJaRealizado" methodname="CadastroJaRealizado" classname="CSharpSeleniumTemplate.Tests.GerenciarProjetos" runstate="Runnable" seed="1632456124" result="Passed" start-time="2019-05-29 13:24:41Z" end-time="2019-05-29 13:25:13Z" duration="31.861421" asserts="1" />
          <test-case id="0-1024" name="CampoNomeProjetoNaoPreenchidos" fullname="CSharpSeleniumTemplate.Tests.GerenciarProjetos.CampoNomeProjetoNaoPreenchidos" methodname="CampoNomeProjetoNaoPreenchidos" classname="CSharpSeleniumTemplate.Tests.GerenciarProjetos" runstate="Runnable" seed="108669296" result="Passed" start-time="2019-05-29 13:25:13Z" end-time="2019-05-29 13:25:31Z" duration="18.292439" asserts="1" />
          <test-case id="0-1025" name="EditarProjeto" fullname="CSharpSeleniumTemplate.Tests.GerenciarProjetos.EditarProjeto" methodname="EditarProjeto" classname="CSharpSeleniumTemplate.Tests.GerenciarProjetos" runstate="Runnable" seed="354555998" result="Passed" start-time="2019-05-29 13:25:31Z" end-time="2019-05-29 13:26:01Z" duration="29.948493" asserts="2" />
        </test-suite>
        <test-suite type="TestFixture" id="0-1044" name="GerenciarTarefas" fullname="CSharpSeleniumTemplate.Tests.GerenciarTarefas" classname="CSharpSeleniumTemplate.Tests.GerenciarTarefas" runstate="Runnable" testcasecount="5" result="Passed" start-time="2019-05-29 13:26:01Z" end-time="2019-05-29 13:28:15Z" duration="133.633750" total="5" passed="5" failed="0" warnings="0" inconclusive="0" skipped="0" asserts="5">
          <test-case id="0-1047" name="AcessarEditarTarefa" fullname="CSharpSeleniumTemplate.Tests.GerenciarTarefas.AcessarEditarTarefa" methodname="AcessarEditarTarefa" classname="CSharpSeleniumTemplate.Tests.GerenciarTarefas" runstate="Runnable" seed="1736809555" result="Passed" start-time="2019-05-29 13:26:01Z" end-time="2019-05-29 13:26:23Z" duration="22.208118" asserts="1" />
          <test-case id="0-1049" name="AdicionarAnotacaoSemCampoObrigatorio" fullname="CSharpSeleniumTemplate.Tests.GerenciarTarefas.AdicionarAnotacaoSemCampoObrigatorio" methodname="AdicionarAnotacaoSemCampoObrigatorio" classname="CSharpSeleniumTemplate.Tests.GerenciarTarefas" runstate="Runnable" seed="1308364693" result="Passed" start-time="2019-05-29 13:26:23Z" end-time="2019-05-29 13:26:49Z" duration="25.468644" asserts="1" />
          <test-case id="0-1045" name="PesquisarTarefa" fullname="CSharpSeleniumTemplate.Tests.GerenciarTarefas.PesquisarTarefa" methodname="PesquisarTarefa" classname="CSharpSeleniumTemplate.Tests.GerenciarTarefas" runstate="Runnable" seed="1392789125" result="Passed" start-time="2019-05-29 13:26:49Z" end-time="2019-05-29 13:27:19Z" duration="30.540237" asserts="1" />
          <test-case id="0-1046" name="SelecionarTodasTarefas" fullname="CSharpSeleniumTemplate.Tests.GerenciarTarefas.SelecionarTodasTarefas" methodname="SelecionarTodasTarefas" classname="CSharpSeleniumTemplate.Tests.GerenciarTarefas" runstate="Runnable" seed="266479153" result="Passed" start-time="2019-05-29 13:27:19Z" end-time="2019-05-29 13:27:50Z" duration="31.041425" asserts="1" />
          <test-case id="0-1048" name="VoltarDetalheTarefa" fullname="CSharpSeleniumTemplate.Tests.GerenciarTarefas.VoltarDetalheTarefa" methodname="VoltarDetalheTarefa" classname="CSharpSeleniumTemplate.Tests.GerenciarTarefas" runstate="Runnable" seed="1991749064" result="Passed" start-time="2019-05-29 13:27:50Z" end-time="2019-05-29 13:28:15Z" duration="24.265497" asserts="1" />
        </test-suite>
        <test-suite type="TestFixture" id="0-1050" name="GerenciarUsuarios" fullname="CSharpSeleniumTemplate.Tests.GerenciarUsuarios" classname="CSharpSeleniumTemplate.Tests.GerenciarUsuarios" runstate="Runnable" testcasecount="10" result="Passed" start-time="2019-05-29 13:28:15Z" end-time="2019-05-29 13:32:14Z" duration="238.969683" total="10" passed="10" failed="0" warnings="0" inconclusive="0" skipped="0" asserts="15">
          <test-case id="0-1057" name="ApagarUsuario" fullname="CSharpSeleniumTemplate.Tests.GerenciarUsuarios.ApagarUsuario" methodname="ApagarUsuario" classname="CSharpSeleniumTemplate.Tests.GerenciarUsuarios" runstate="Runnable" seed="89831645" result="Passed" start-time="2019-05-29 13:28:15Z" end-time="2019-05-29 13:28:46Z" duration="30.731873" asserts="2" />
          <test-case id="0-1051" name="CadastrarUsuarioApenasCamposObrigatorios" fullname="CSharpSeleniumTemplate.Tests.GerenciarUsuarios.CadastrarUsuarioApenasCamposObrigatorios" methodname="CadastrarUsuarioApenasCamposObrigatorios" classname="CSharpSeleniumTemplate.Tests.GerenciarUsuarios" runstate="Runnable" seed="1568690750" result="Passed" start-time="2019-05-29 13:28:46Z" end-time="2019-05-29 13:29:03Z" duration="17.649755" asserts="2" />
          <test-case id="0-1052" name="CadastrarUsuarioTodosCampos" fullname="CSharpSeleniumTemplate.Tests.GerenciarUsuarios.CadastrarUsuarioTodosCampos" methodname="CadastrarUsuarioTodosCampos" classname="CSharpSeleniumTemplate.Tests.GerenciarUsuarios" runstate="Runnable" seed="952710221" result="Passed" start-time="2019-05-29 13:29:03Z" end-time="2019-05-29 13:29:23Z" duration="19.764744" asserts="2" />
          <test-case id="0-1053" name="CampoNomeNaoPreenchido" fullname="CSharpSeleniumTemplate.Tests.GerenciarUsuarios.CampoNomeNaoPreenchido" methodname="CampoNomeNaoPreenchido" classname="CSharpSeleniumTemplate.Tests.GerenciarUsuarios" runstate="Runnable" seed="1852391625" result="Passed" start-time="2019-05-29 13:29:23Z" end-time="2019-05-29 13:29:42Z" duration="19.123549" asserts="1" />
          <test-case id="0-1056" name="EditarUsuario" fullname="CSharpSeleniumTemplate.Tests.GerenciarUsuarios.EditarUsuario" methodname="EditarUsuario" classname="CSharpSeleniumTemplate.Tests.GerenciarUsuarios" runstate="Runnable" seed="986280818" result="Passed" start-time="2019-05-29 13:29:42Z" end-time="2019-05-29 13:30:10Z" duration="28.085065" asserts="3" />
          <test-case id="0-1059" name="EmailInvalido" fullname="CSharpSeleniumTemplate.Tests.GerenciarUsuarios.EmailInvalido" methodname="EmailInvalido" classname="CSharpSeleniumTemplate.Tests.GerenciarUsuarios" runstate="Runnable" seed="670307066" result="Passed" start-time="2019-05-29 13:30:10Z" end-time="2019-05-29 13:30:28Z" duration="17.541986" asserts="1" />
          <test-case id="0-1055" name="EmailJaCadastrado" fullname="CSharpSeleniumTemplate.Tests.GerenciarUsuarios.EmailJaCadastrado" methodname="EmailJaCadastrado" classname="CSharpSeleniumTemplate.Tests.GerenciarUsuarios" runstate="Runnable" seed="1250681904" result="Passed" start-time="2019-05-29 13:30:28Z" end-time="2019-05-29 13:30:57Z" duration="28.807768" asserts="1" />
          <test-case id="0-1060" name="PesquisarUsuarios" fullname="CSharpSeleniumTemplate.Tests.GerenciarUsuarios.PesquisarUsuarios" methodname="PesquisarUsuarios" classname="CSharpSeleniumTemplate.Tests.GerenciarUsuarios" runstate="Runnable" seed="1540768567" result="Passed" start-time="2019-05-29 13:30:57Z" end-time="2019-05-29 13:31:21Z" duration="24.185356" asserts="1" />
          <test-case id="0-1058" name="RedefinirSenhaSemPreencherEmail" fullname="CSharpSeleniumTemplate.Tests.GerenciarUsuarios.RedefinirSenhaSemPreencherEmail" methodname="RedefinirSenhaSemPreencherEmail" classname="CSharpSeleniumTemplate.Tests.GerenciarUsuarios" runstate="Runnable" seed="1851593603" result="Passed" start-time="2019-05-29 13:31:21Z" end-time="2019-05-29 13:31:47Z" duration="26.341563" asserts="1" />
          <test-case id="0-1054" name="UsuarioJaCadastrado" fullname="CSharpSeleniumTemplate.Tests.GerenciarUsuarios.UsuarioJaCadastrado" methodname="UsuarioJaCadastrado" classname="CSharpSeleniumTemplate.Tests.GerenciarUsuarios" runstate="Runnable" seed="2087847585" result="Passed" start-time="2019-05-29 13:31:47Z" end-time="2019-05-29 13:32:14Z" duration="26.671977" asserts="1" />
        </test-suite>
        <test-suite type="TestFixture" id="0-1061" name="LoginTests" fullname="CSharpSeleniumTemplate.Tests.LoginTests" classname="CSharpSeleniumTemplate.Tests.LoginTests" runstate="Runnable" testcasecount="4" result="Passed" start-time="2019-05-29 13:32:14Z" end-time="2019-05-29 13:32:46Z" duration="32.622393" total="4" passed="4" failed="0" warnings="0" inconclusive="0" skipped="0" asserts="4">
          <test-case id="0-1062" name="EfetuarLoginComSucesso" fullname="CSharpSeleniumTemplate.Tests.LoginTests.EfetuarLoginComSucesso" methodname="EfetuarLoginComSucesso" classname="CSharpSeleniumTemplate.Tests.LoginTests" runstate="Runnable" seed="959709796" result="Passed" start-time="2019-05-29 13:32:14Z" end-time="2019-05-29 13:32:23Z" duration="8.749497" asserts="1" />
          <test-suite type="ParameterizedMethod" id="0-1066" name="EfetuarLoginInformandoUsuarioInvalido" fullname="CSharpSeleniumTemplate.Tests.LoginTests.EfetuarLoginInformandoUsuarioInvalido" classname="CSharpSeleniumTemplate.Tests.LoginTests" runstate="Runnable" testcasecount="3" result="Passed" start-time="2019-05-29 13:32:23Z" end-time="2019-05-29 13:32:46Z" duration="23.820064" total="3" passed="3" failed="0" warnings="0" inconclusive="0" skipped="0" asserts="3">
            <test-case id="0-1063" name="EfetuarLoginInformandoUsuarioInvalido(System.Collections.ArrayList)" fullname="CSharpSeleniumTemplate.Tests.LoginTests.EfetuarLoginInformandoUsuarioInvalido(System.Collections.ArrayList)" methodname="EfetuarLoginInformandoUsuarioInvalido" classname="CSharpSeleniumTemplate.Tests.LoginTests" runstate="Runnable" seed="412690836" result="Passed" start-time="2019-05-29 13:32:23Z" end-time="2019-05-29 13:32:31Z" duration="8.050947" asserts="1" />
            <test-case id="0-1064" name="EfetuarLoginInformandoUsuarioInvalido(System.Collections.ArrayList)" fullname="CSharpSeleniumTemplate.Tests.LoginTests.EfetuarLoginInformandoUsuarioInvalido(System.Collections.ArrayList)" methodname="EfetuarLoginInformandoUsuarioInvalido" classname="CSharpSeleniumTemplate.Tests.LoginTests" runstate="Runnable" seed="218743846" result="Passed" start-time="2019-05-29 13:32:31Z" end-time="2019-05-29 13:32:38Z" duration="7.728670" asserts="1" />
            <test-case id="0-1065" name="EfetuarLoginInformandoUsuarioInvalido(System.Collections.ArrayList)" fullname="CSharpSeleniumTemplate.Tests.LoginTests.EfetuarLoginInformandoUsuarioInvalido(System.Collections.ArrayList)" methodname="EfetuarLoginInformandoUsuarioInvalido" classname="CSharpSeleniumTemplate.Tests.LoginTests" runstate="Runnable" seed="317191647" result="Passed" start-time="2019-05-29 13:32:38Z" end-time="2019-05-29 13:32:46Z" duration="8.039479" asserts="1" />
          </test-suite>
        </test-suite>
      </test-suite>
    </test-suite>
  </test-suite>
</test-run>