<?xml version="1.0" encoding="utf-8" standalone="no"?>
<test-run id="2" testcasecount="56" result="Failed" total="56" passed="54" failed="2" inconclusive="0" skipped="0" asserts="74" engine-version="3.10.0.0" clr-version="4.0.30319.42000" start-time="2019-05-28 16:34:19Z" end-time="2019-05-28 16:56:24Z" duration="1325.227530">
  <command-line><![CDATA["C:\Program Files (x86)\NUnit.Console-3.10.0\bin\net35\nunit3-console.exe"  "CSharpSeleniumTemplate.dll" --inprocess --labels=On]]></command-line>
  <test-suite type="Assembly" id="0-1067" name="CSharpSeleniumTemplate.dll" fullname="CSharpSeleniumTemplate.dll" runstate="Runnable" testcasecount="56" result="Failed" site="Child" start-time="2019-05-28 16:34:20Z" end-time="2019-05-28 16:56:24Z" duration="1324.286948" total="56" passed="54" failed="2" warnings="0" inconclusive="0" skipped="0" asserts="74">
    <environment framework-version="3.11.0.0" clr-version="4.0.30319.42000" os-version="Microsoft Windows NT 10.0.17763.0" platform="Win32NT" cwd="C:\Mantis2\csharpseleniumextentreporttemplate-master\CSharpSeleniumTemplate\bin\Debug" machine-name="PLUTO" user="SISTEMA" user-domain="WORKGROUP" culture="pt-BR" uiculture="pt-BR" os-architecture="x64" />
    <settings>
      <setting name="ProcessModel" value="InProcess" />
      <setting name="DisposeRunners" value="True" />
      <setting name="WorkDirectory" value="C:\Mantis2\csharpseleniumextentreporttemplate-master\CSharpSeleniumTemplate\bin\Debug" />
      <setting name="ImageRuntimeVersion" value="4.0.30319" />
      <setting name="ImageTargetFrameworkName" value=".NETFramework,Version=v4.6.1" />
      <setting name="ImageRequiresX86" value="False" />
      <setting name="ImageRequiresDefaultAppDomainAssemblyResolver" value="False" />
      <setting name="NumberOfTestWorkers" value="4" />
    </settings>
    <properties>
      <property name="_PID" value="15164" />
      <property name="_APPDOMAIN" value="domain-" />
    </properties>
    <failure>
      <message><![CDATA[One or more child tests had errors]]></message>
    </failure>
    <test-suite type="TestSuite" id="0-1068" name="CSharpSeleniumTemplate" fullname="CSharpSeleniumTemplate" runstate="Runnable" testcasecount="56" result="Failed" site="Child" start-time="2019-05-28 16:34:20Z" end-time="2019-05-28 16:56:24Z" duration="1324.266446" total="56" passed="54" failed="2" warnings="0" inconclusive="0" skipped="0" asserts="74">
      <failure>
        <message><![CDATA[One or more child tests had errors]]></message>
      </failure>
      <test-suite type="TestSuite" id="0-1069" name="Tests" fullname="CSharpSeleniumTemplate.Tests" runstate="Runnable" testcasecount="56" result="Failed" site="Child" start-time="2019-05-28 16:34:20Z" end-time="2019-05-28 16:56:24Z" duration="1324.265961" total="56" passed="54" failed="2" warnings="0" inconclusive="0" skipped="0" asserts="74">
        <failure>
          <message><![CDATA[One or more child tests had errors]]></message>
        </failure>
        <test-suite type="TestFixture" id="0-1027" name="CriarTarefa" fullname="CSharpSeleniumTemplate.Tests.CriarTarefa" classname="CSharpSeleniumTemplate.Tests.CriarTarefa" runstate="Runnable" testcasecount="9" result="Passed" start-time="2019-05-28 16:34:20Z" end-time="2019-05-28 16:37:49Z" duration="209.579408" total="9" passed="9" failed="0" warnings="0" inconclusive="0" skipped="0" asserts="16">
          <test-case id="0-1035" name="CadastrarMaisTarefas" fullname="CSharpSeleniumTemplate.Tests.CriarTarefa.CadastrarMaisTarefas" methodname="CadastrarMaisTarefas" classname="CSharpSeleniumTemplate.Tests.CriarTarefa" runstate="Runnable" seed="1907353905" result="Passed" start-time="2019-05-28 16:34:20Z" end-time="2019-05-28 16:34:59Z" duration="38.698282" asserts="2" />
          <test-case id="0-1028" name="CadastrarTarefaApenasCamposObrigatorios" fullname="CSharpSeleniumTemplate.Tests.CriarTarefa.CadastrarTarefaApenasCamposObrigatorios" methodname="CadastrarTarefaApenasCamposObrigatorios" classname="CSharpSeleniumTemplate.Tests.CriarTarefa" runstate="Runnable" seed="50863314" result="Passed" start-time="2019-05-28 16:34:59Z" end-time="2019-05-28 16:35:30Z" duration="30.560114" asserts="2" />
          <test-suite type="ParameterizedMethod" id="0-1034" name="CadastrarTarefaTodosCampos" fullname="CSharpSeleniumTemplate.Tests.CriarTarefa.CadastrarTarefaTodosCampos" classname="CSharpSeleniumTemplate.Tests.CriarTarefa" runstate="Runnable" testcasecount="5" result="Passed" start-time="2019-05-28 16:35:30Z" end-time="2019-05-28 16:37:13Z" duration="103.398466" total="5" passed="5" failed="0" warnings="0" inconclusive="0" skipped="0" asserts="10">
            <test-case id="0-1029" name="CadastrarTarefaTodosCampos(System.Collections.ArrayList)" fullname="CSharpSeleniumTemplate.Tests.CriarTarefa.CadastrarTarefaTodosCampos(System.Collections.ArrayList)" methodname="CadastrarTarefaTodosCampos" classname="CSharpSeleniumTemplate.Tests.CriarTarefa" runstate="Runnable" seed="1150150230" result="Passed" start-time="2019-05-28 16:35:30Z" end-time="2019-05-28 16:35:50Z" duration="19.942822" asserts="2" />
            <test-case id="0-1030" name="CadastrarTarefaTodosCampos(System.Collections.ArrayList)" fullname="CSharpSeleniumTemplate.Tests.CriarTarefa.CadastrarTarefaTodosCampos(System.Collections.ArrayList)" methodname="CadastrarTarefaTodosCampos" classname="CSharpSeleniumTemplate.Tests.CriarTarefa" runstate="Runnable" seed="1674860275" result="Passed" start-time="2019-05-28 16:35:50Z" end-time="2019-05-28 16:36:10Z" duration="20.080829" asserts="2" />
            <test-case id="0-1031" name="CadastrarTarefaTodosCampos(System.Collections.ArrayList)" fullname="CSharpSeleniumTemplate.Tests.CriarTarefa.CadastrarTarefaTodosCampos(System.Collections.ArrayList)" methodname="CadastrarTarefaTodosCampos" classname="CSharpSeleniumTemplate.Tests.CriarTarefa" runstate="Runnable" seed="1952033992" result="Passed" start-time="2019-05-28 16:36:10Z" end-time="2019-05-28 16:36:33Z" duration="23.130481" asserts="2" />
            <test-case id="0-1032" name="CadastrarTarefaTodosCampos(System.Collections.ArrayList)" fullname="CSharpSeleniumTemplate.Tests.CriarTarefa.CadastrarTarefaTodosCampos(System.Collections.ArrayList)" methodname="CadastrarTarefaTodosCampos" classname="CSharpSeleniumTemplate.Tests.CriarTarefa" runstate="Runnable" seed="1447155086" result="Passed" start-time="2019-05-28 16:36:33Z" end-time="2019-05-28 16:36:53Z" duration="19.734665" asserts="2" />
            <test-case id="0-1033" name="CadastrarTarefaTodosCampos(System.Collections.ArrayList)" fullname="CSharpSeleniumTemplate.Tests.CriarTarefa.CadastrarTarefaTodosCampos(System.Collections.ArrayList)" methodname="CadastrarTarefaTodosCampos" classname="CSharpSeleniumTemplate.Tests.CriarTarefa" runstate="Runnable" seed="238363631" result="Passed" start-time="2019-05-28 16:36:53Z" end-time="2019-05-28 16:37:13Z" duration="20.502251" asserts="2" />
          </test-suite>
          <test-case id="0-1037" name="CampoDescricaoNaoPreenchido" fullname="CSharpSeleniumTemplate.Tests.CriarTarefa.CampoDescricaoNaoPreenchido" methodname="CampoDescricaoNaoPreenchido" classname="CSharpSeleniumTemplate.Tests.CriarTarefa" runstate="Runnable" seed="1919887178" result="Passed" start-time="2019-05-28 16:37:13Z" end-time="2019-05-28 16:37:28Z" duration="15.279896" asserts="1" />
          <test-case id="0-1036" name="CampoResumoNaoPreenchido" fullname="CSharpSeleniumTemplate.Tests.CriarTarefa.CampoResumoNaoPreenchido" methodname="CampoResumoNaoPreenchido" classname="CSharpSeleniumTemplate.Tests.CriarTarefa" runstate="Runnable" seed="899504072" result="Passed" start-time="2019-05-28 16:37:28Z" end-time="2019-05-28 16:37:43Z" duration="14.491675" asserts="1" />
        </test-suite>
        <test-suite type="TestFixture" id="0-1000" name="GerenciarCamposPersonalizados" fullname="CSharpSeleniumTemplate.Tests.GerenciarCamposPersonalizados" classname="CSharpSeleniumTemplate.Tests.GerenciarCamposPersonalizados" runstate="Runnable" testcasecount="5" result="Passed" start-time="2019-05-28 16:37:49Z" end-time="2019-05-28 16:39:50Z" duration="120.635539" total="5" passed="5" failed="0" warnings="0" inconclusive="0" skipped="0" asserts="9">
          <test-case id="0-1005" name="ApagarCampoPersonalizado" fullname="CSharpSeleniumTemplate.Tests.GerenciarCamposPersonalizados.ApagarCampoPersonalizado" methodname="ApagarCampoPersonalizado" classname="CSharpSeleniumTemplate.Tests.GerenciarCamposPersonalizados" runstate="Runnable" seed="1756647937" result="Passed" start-time="2019-05-28 16:37:49Z" end-time="2019-05-28 16:38:21Z" duration="31.233467" asserts="2" />
          <test-case id="0-1001" name="CadastrarCampoPersonalizado" fullname="CSharpSeleniumTemplate.Tests.GerenciarCamposPersonalizados.CadastrarCampoPersonalizado" methodname="CadastrarCampoPersonalizado" classname="CSharpSeleniumTemplate.Tests.GerenciarCamposPersonalizados" runstate="Runnable" seed="1952250489" result="Passed" start-time="2019-05-28 16:38:21Z" end-time="2019-05-28 16:38:37Z" duration="16.162444" asserts="2" />
          <test-case id="0-1002" name="CampoObrigatorioNaoInformado" fullname="CSharpSeleniumTemplate.Tests.GerenciarCamposPersonalizados.CampoObrigatorioNaoInformado" methodname="CampoObrigatorioNaoInformado" classname="CSharpSeleniumTemplate.Tests.GerenciarCamposPersonalizados" runstate="Runnable" seed="1777980268" result="Passed" start-time="2019-05-28 16:38:37Z" end-time="2019-05-28 16:38:52Z" duration="14.488342" asserts="1" />
          <test-case id="0-1003" name="CampoPersonalizadoJaCadastrado" fullname="CSharpSeleniumTemplate.Tests.GerenciarCamposPersonalizados.CampoPersonalizadoJaCadastrado" methodname="CampoPersonalizadoJaCadastrado" classname="CSharpSeleniumTemplate.Tests.GerenciarCamposPersonalizados" runstate="Runnable" seed="613221732" result="Passed" start-time="2019-05-28 16:38:52Z" end-time="2019-05-28 16:39:17Z" duration="25.692164" asserts="1" />
          <test-case id="0-1004" name="EditarCampoPersonalizado" fullname="CSharpSeleniumTemplate.Tests.GerenciarCamposPersonalizados.EditarCampoPersonalizado" methodname="EditarCampoPersonalizado" classname="CSharpSeleniumTemplate.Tests.GerenciarCamposPersonalizados" runstate="Runnable" seed="1550459217" result="Passed" start-time="2019-05-28 16:39:17Z" end-time="2019-05-28 16:39:50Z" duration="32.691063" asserts="3" />
        </test-suite>
        <test-suite type="TestFixture" id="0-1038" name="GerenciarCategorias" fullname="CSharpSeleniumTemplate.Tests.GerenciarCategorias" classname="CSharpSeleniumTemplate.Tests.GerenciarCategorias" runstate="Runnable" testcasecount="5" result="Passed" start-time="2019-05-28 16:39:50Z" end-time="2019-05-28 16:41:27Z" duration="97.317521" total="5" passed="5" failed="0" warnings="0" inconclusive="0" skipped="0" asserts="7">
          <test-case id="0-1043" name="ApagarCategoria" fullname="CSharpSeleniumTemplate.Tests.GerenciarCategorias.ApagarCategoria" methodname="ApagarCategoria" classname="CSharpSeleniumTemplate.Tests.GerenciarCategorias" runstate="Runnable" seed="932863918" result="Passed" start-time="2019-05-28 16:39:50Z" end-time="2019-05-28 16:40:14Z" duration="23.518288" asserts="1" />
          <test-case id="0-1039" name="CadastrarCategoria" fullname="CSharpSeleniumTemplate.Tests.GerenciarCategorias.CadastrarCategoria" methodname="CadastrarCategoria" classname="CSharpSeleniumTemplate.Tests.GerenciarCategorias" runstate="Runnable" seed="202028612" result="Passed" start-time="2019-05-28 16:40:14Z" end-time="2019-05-28 16:40:27Z" duration="13.729228" asserts="1" />
          <test-case id="0-1041" name="CampoObrigatorioNaoPreenchido" fullname="CSharpSeleniumTemplate.Tests.GerenciarCategorias.CampoObrigatorioNaoPreenchido" methodname="CampoObrigatorioNaoPreenchido" classname="CSharpSeleniumTemplate.Tests.GerenciarCategorias" runstate="Runnable" seed="1465642528" result="Passed" start-time="2019-05-28 16:40:27Z" end-time="2019-05-28 16:40:46Z" duration="18.455379" asserts="1" />
          <test-case id="0-1040" name="CategoriaJaCadastrada" fullname="CSharpSeleniumTemplate.Tests.GerenciarCategorias.CategoriaJaCadastrada" methodname="CategoriaJaCadastrada" classname="CSharpSeleniumTemplate.Tests.GerenciarCategorias" runstate="Runnable" seed="419308234" result="Passed" start-time="2019-05-28 16:40:46Z" end-time="2019-05-28 16:41:06Z" duration="20.033296" asserts="1" />
          <test-case id="0-1042" name="EditarCategoria" fullname="CSharpSeleniumTemplate.Tests.GerenciarCategorias.EditarCategoria" methodname="EditarCategoria" classname="CSharpSeleniumTemplate.Tests.GerenciarCategorias" runstate="Runnable" seed="2030798963" result="Passed" start-time="2019-05-28 16:41:06Z" end-time="2019-05-28 16:41:27Z" duration="21.543055" asserts="3" />
        </test-suite>
        <test-suite type="TestFixture" id="0-1006" name="GerenciarMarcadores" fullname="CSharpSeleniumTemplate.Tests.GerenciarMarcadores" classname="CSharpSeleniumTemplate.Tests.GerenciarMarcadores" runstate="Runnable" testcasecount="5" result="Passed" start-time="2019-05-28 16:41:27Z" end-time="2019-05-28 16:43:18Z" duration="111.057045" total="5" passed="5" failed="0" warnings="0" inconclusive="0" skipped="0" asserts="6">
          <test-case id="0-1010" name="ApagarMarcador" fullname="CSharpSeleniumTemplate.Tests.GerenciarMarcadores.ApagarMarcador" methodname="ApagarMarcador" classname="CSharpSeleniumTemplate.Tests.GerenciarMarcadores" runstate="Runnable" seed="999811883" result="Passed" start-time="2019-05-28 16:41:27Z" end-time="2019-05-28 16:41:57Z" duration="29.153317" asserts="1" />
          <test-case id="0-1007" name="CadastrarMarcador" fullname="CSharpSeleniumTemplate.Tests.GerenciarMarcadores.CadastrarMarcador" methodname="CadastrarMarcador" classname="CSharpSeleniumTemplate.Tests.GerenciarMarcadores" runstate="Runnable" seed="1217886425" result="Passed" start-time="2019-05-28 16:41:57Z" end-time="2019-05-28 16:42:12Z" duration="15.484155" asserts="1" />
          <test-case id="0-1008" name="CampoObrigatorioNaoPreenchido" fullname="CSharpSeleniumTemplate.Tests.GerenciarMarcadores.CampoObrigatorioNaoPreenchido" methodname="CampoObrigatorioNaoPreenchido" classname="CSharpSeleniumTemplate.Tests.GerenciarMarcadores" runstate="Runnable" seed="158702724" result="Passed" start-time="2019-05-28 16:42:12Z" end-time="2019-05-28 16:42:25Z" duration="13.180121" asserts="1" />
          <test-case id="0-1009" name="EditarMarcador" fullname="CSharpSeleniumTemplate.Tests.GerenciarMarcadores.EditarMarcador" methodname="EditarMarcador" classname="CSharpSeleniumTemplate.Tests.GerenciarMarcadores" runstate="Runnable" seed="1111342147" result="Passed" start-time="2019-05-28 16:42:25Z" end-time="2019-05-28 16:42:53Z" duration="28.183440" asserts="2" />
          <test-case id="0-1011" name="VoltarAoDetalheMarcador" fullname="CSharpSeleniumTemplate.Tests.GerenciarMarcadores.VoltarAoDetalheMarcador" methodname="VoltarAoDetalheMarcador" classname="CSharpSeleniumTemplate.Tests.GerenciarMarcadores" runstate="Runnable" seed="309403821" result="Passed" start-time="2019-05-28 16:42:53Z" end-time="2019-05-28 16:43:18Z" duration="24.858865" asserts="1" />
        </test-suite>
        <test-suite type="TestFixture" id="0-1012" name="GerenciarPerfisGlobais" fullname="CSharpSeleniumTemplate.Tests.GerenciarPerfisGlobais" classname="CSharpSeleniumTemplate.Tests.GerenciarPerfisGlobais" runstate="Runnable" testcasecount="8" result="Passed" start-time="2019-05-28 16:43:18Z" end-time="2019-05-28 16:46:14Z" duration="175.247839" total="8" passed="8" failed="0" warnings="0" inconclusive="0" skipped="0" asserts="9">
          <test-case id="0-1020" name="ApagarPerfilScucesso" fullname="CSharpSeleniumTemplate.Tests.GerenciarPerfisGlobais.ApagarPerfilScucesso" methodname="ApagarPerfilScucesso" classname="CSharpSeleniumTemplate.Tests.GerenciarPerfisGlobais" runstate="Runnable" seed="276467025" result="Passed" start-time="2019-05-28 16:43:18Z" end-time="2019-05-28 16:43:45Z" duration="26.461606" asserts="1" />
          <test-case id="0-1019" name="ApagarSemSelecionarUmPerfil" fullname="CSharpSeleniumTemplate.Tests.GerenciarPerfisGlobais.ApagarSemSelecionarUmPerfil" methodname="ApagarSemSelecionarUmPerfil" classname="CSharpSeleniumTemplate.Tests.GerenciarPerfisGlobais" runstate="Runnable" seed="1865241826" result="Passed" start-time="2019-05-28 16:43:45Z" end-time="2019-05-28 16:44:05Z" duration="20.164465" asserts="1" />
          <test-case id="0-1013" name="CadastrarPerfilSucesso" fullname="CSharpSeleniumTemplate.Tests.GerenciarPerfisGlobais.CadastrarPerfilSucesso" methodname="CadastrarPerfilSucesso" classname="CSharpSeleniumTemplate.Tests.GerenciarPerfisGlobais" runstate="Runnable" seed="1008504602" result="Passed" start-time="2019-05-28 16:44:05Z" end-time="2019-05-28 16:44:23Z" duration="18.014114" asserts="1" />
          <test-case id="0-1018" name="EditarPerfilSucesso" fullname="CSharpSeleniumTemplate.Tests.GerenciarPerfisGlobais.EditarPerfilSucesso" methodname="EditarPerfilSucesso" classname="CSharpSeleniumTemplate.Tests.GerenciarPerfisGlobais" runstate="Runnable" seed="579761185" result="Passed" start-time="2019-05-28 16:44:23Z" end-time="2019-05-28 16:44:54Z" duration="31.157273" asserts="2" />
          <test-case id="0-1017" name="EditarSemSelecionarUmPerfil" fullname="CSharpSeleniumTemplate.Tests.GerenciarPerfisGlobais.EditarSemSelecionarUmPerfil" methodname="EditarSemSelecionarUmPerfil" classname="CSharpSeleniumTemplate.Tests.GerenciarPerfisGlobais" runstate="Runnable" seed="1372346400" result="Passed" start-time="2019-05-28 16:44:54Z" end-time="2019-05-28 16:45:14Z" duration="20.008134" asserts="1" />
          <test-case id="0-1016" name="EnviarSemSelecionarUmdosParametros" fullname="CSharpSeleniumTemplate.Tests.GerenciarPerfisGlobais.EnviarSemSelecionarUmdosParametros" methodname="EnviarSemSelecionarUmdosParametros" classname="CSharpSeleniumTemplate.Tests.GerenciarPerfisGlobais" runstate="Runnable" seed="1686467384" result="Passed" start-time="2019-05-28 16:45:14Z" end-time="2019-05-28 16:45:35Z" duration="20.421905" asserts="1" />
          <test-case id="0-1014" name="PlataformaNaoPreenchida" fullname="CSharpSeleniumTemplate.Tests.GerenciarPerfisGlobais.PlataformaNaoPreenchida" methodname="PlataformaNaoPreenchida" classname="CSharpSeleniumTemplate.Tests.GerenciarPerfisGlobais" runstate="Runnable" seed="1634105231" result="Passed" start-time="2019-05-28 16:45:35Z" end-time="2019-05-28 16:45:56Z" duration="21.760342" asserts="1" />
          <test-case id="0-1015" name="VersaoSONaoPreenchida" fullname="CSharpSeleniumTemplate.Tests.GerenciarPerfisGlobais.VersaoSONaoPreenchida" methodname="VersaoSONaoPreenchida" classname="CSharpSeleniumTemplate.Tests.GerenciarPerfisGlobais" runstate="Runnable" seed="334161279" result="Passed" start-time="2019-05-28 16:45:56Z" end-time="2019-05-28 16:46:14Z" duration="17.212331" asserts="1" />
        </test-suite>
        <test-suite type="TestFixture" id="0-1021" name="GerenciarProjetos" fullname="CSharpSeleniumTemplate.Tests.GerenciarProjetos" classname="CSharpSeleniumTemplate.Tests.GerenciarProjetos" runstate="Runnable" testcasecount="5" result="Passed" start-time="2019-05-28 16:46:14Z" end-time="2019-05-28 16:48:10Z" duration="116.469532" total="5" passed="5" failed="0" warnings="0" inconclusive="0" skipped="0" asserts="7">
          <test-case id="0-1026" name="ApagarProjeto" fullname="CSharpSeleniumTemplate.Tests.GerenciarProjetos.ApagarProjeto" methodname="ApagarProjeto" classname="CSharpSeleniumTemplate.Tests.GerenciarProjetos" runstate="Runnable" seed="248201043" result="Passed" start-time="2019-05-28 16:46:14Z" end-time="2019-05-28 16:46:42Z" duration="28.366742" asserts="1" />
          <test-case id="0-1022" name="CadastrarProjeto" fullname="CSharpSeleniumTemplate.Tests.GerenciarProjetos.CadastrarProjeto" methodname="CadastrarProjeto" classname="CSharpSeleniumTemplate.Tests.GerenciarProjetos" runstate="Runnable" seed="839417083" result="Passed" start-time="2019-05-28 16:46:42Z" end-time="2019-05-28 16:47:02Z" duration="20.235998" asserts="2" />
          <test-case id="0-1023" name="CadastroJaRealizado" fullname="CSharpSeleniumTemplate.Tests.GerenciarProjetos.CadastroJaRealizado" methodname="CadastroJaRealizado" classname="CSharpSeleniumTemplate.Tests.GerenciarProjetos" runstate="Runnable" seed="535316141" result="Passed" start-time="2019-05-28 16:47:02Z" end-time="2019-05-28 16:47:28Z" duration="25.886775" asserts="1" />
          <test-case id="0-1024" name="CampoNomeProjetoNaoPreenchidos" fullname="CSharpSeleniumTemplate.Tests.GerenciarProjetos.CampoNomeProjetoNaoPreenchidos" methodname="CampoNomeProjetoNaoPreenchidos" classname="CSharpSeleniumTemplate.Tests.GerenciarProjetos" runstate="Runnable" seed="1058400499" result="Passed" start-time="2019-05-28 16:47:28Z" end-time="2019-05-28 16:47:42Z" duration="13.436870" asserts="1" />
          <test-case id="0-1025" name="EditarProjeto" fullname="CSharpSeleniumTemplate.Tests.GerenciarProjetos.EditarProjeto" methodname="EditarProjeto" classname="CSharpSeleniumTemplate.Tests.GerenciarProjetos" runstate="Runnable" seed="1471049102" result="Passed" start-time="2019-05-28 16:47:42Z" end-time="2019-05-28 16:48:10Z" duration="28.479917" asserts="2" />
        </test-suite>
        <test-suite type="TestFixture" id="0-1044" name="GerenciarTarefas" fullname="CSharpSeleniumTemplate.Tests.GerenciarTarefas" classname="CSharpSeleniumTemplate.Tests.GerenciarTarefas" runstate="Runnable" testcasecount="5" result="Passed" start-time="2019-05-28 16:48:10Z" end-time="2019-05-28 16:50:19Z" duration="129.318133" total="5" passed="5" failed="0" warnings="0" inconclusive="0" skipped="0" asserts="5">
          <test-case id="0-1047" name="AcessarEditarTarefa" fullname="CSharpSeleniumTemplate.Tests.GerenciarTarefas.AcessarEditarTarefa" methodname="AcessarEditarTarefa" classname="CSharpSeleniumTemplate.Tests.GerenciarTarefas" runstate="Runnable" seed="947889329" result="Passed" start-time="2019-05-28 16:48:10Z" end-time="2019-05-28 16:48:32Z" duration="22.023013" asserts="1" />
          <test-case id="0-1049" name="AdicionarAnotacaoSemCampoObrigatorio" fullname="CSharpSeleniumTemplate.Tests.GerenciarTarefas.AdicionarAnotacaoSemCampoObrigatorio" methodname="AdicionarAnotacaoSemCampoObrigatorio" classname="CSharpSeleniumTemplate.Tests.GerenciarTarefas" runstate="Runnable" seed="20705041" result="Passed" start-time="2019-05-28 16:48:32Z" end-time="2019-05-28 16:48:56Z" duration="23.310767" asserts="1" />
          <test-case id="0-1045" name="PesquisarTarefa" fullname="CSharpSeleniumTemplate.Tests.GerenciarTarefas.PesquisarTarefa" methodname="PesquisarTarefa" classname="CSharpSeleniumTemplate.Tests.GerenciarTarefas" runstate="Runnable" seed="1470667127" result="Passed" start-time="2019-05-28 16:48:56Z" end-time="2019-05-28 16:49:25Z" duration="29.864382" asserts="1" />
          <test-case id="0-1046" name="SelecionarTodasTarefas" fullname="CSharpSeleniumTemplate.Tests.GerenciarTarefas.SelecionarTodasTarefas" methodname="SelecionarTodasTarefas" classname="CSharpSeleniumTemplate.Tests.GerenciarTarefas" runstate="Runnable" seed="185877282" result="Passed" start-time="2019-05-28 16:49:25Z" end-time="2019-05-28 16:49:56Z" duration="30.391608" asserts="1" />
          <test-case id="0-1048" name="VoltarDetalheTarefa" fullname="CSharpSeleniumTemplate.Tests.GerenciarTarefas.VoltarDetalheTarefa" methodname="VoltarDetalheTarefa" classname="CSharpSeleniumTemplate.Tests.GerenciarTarefas" runstate="Runnable" seed="568346693" result="Passed" start-time="2019-05-28 16:49:56Z" end-time="2019-05-28 16:50:19Z" duration="23.695123" asserts="1" />
        </test-suite>
        <test-suite type="TestFixture" id="0-1050" name="GerenciarUsuarios" fullname="CSharpSeleniumTemplate.Tests.GerenciarUsuarios" classname="CSharpSeleniumTemplate.Tests.GerenciarUsuarios" runstate="Runnable" testcasecount="10" result="Failed" site="Child" start-time="2019-05-28 16:50:19Z" end-time="2019-05-28 16:55:48Z" duration="328.331565" total="10" passed="8" failed="2" warnings="0" inconclusive="0" skipped="0" asserts="11">
          <failure>
            <message><![CDATA[One or more child tests had errors]]></message>
          </failure>
          <test-case id="0-1057" name="ApagarUsuario" fullname="CSharpSeleniumTemplate.Tests.GerenciarUsuarios.ApagarUsuario" methodname="ApagarUsuario" classname="CSharpSeleniumTemplate.Tests.GerenciarUsuarios" runstate="Runnable" seed="1379070653" result="Passed" start-time="2019-05-28 16:50:19Z" end-time="2019-05-28 16:50:46Z" duration="26.531222" asserts="2" />
          <test-case id="0-1051" name="CadastrarUsuarioApenasCamposObrigatorios" fullname="CSharpSeleniumTemplate.Tests.GerenciarUsuarios.CadastrarUsuarioApenasCamposObrigatorios" methodname="CadastrarUsuarioApenasCamposObrigatorios" classname="CSharpSeleniumTemplate.Tests.GerenciarUsuarios" runstate="Runnable" seed="658160527" result="Passed" start-time="2019-05-28 16:50:46Z" end-time="2019-05-28 16:51:03Z" duration="17.061999" asserts="2" />
          <test-case id="0-1052" name="CadastrarUsuarioTodosCampos" fullname="CSharpSeleniumTemplate.Tests.GerenciarUsuarios.CadastrarUsuarioTodosCampos" methodname="CadastrarUsuarioTodosCampos" classname="CSharpSeleniumTemplate.Tests.GerenciarUsuarios" runstate="Runnable" seed="12214330" result="Passed" start-time="2019-05-28 16:51:03Z" end-time="2019-05-28 16:51:25Z" duration="21.786867" asserts="2" />
          <test-case id="0-1053" name="CampoNomeNaoPreenchido" fullname="CSharpSeleniumTemplate.Tests.GerenciarUsuarios.CampoNomeNaoPreenchido" methodname="CampoNomeNaoPreenchido" classname="CSharpSeleniumTemplate.Tests.GerenciarUsuarios" runstate="Runnable" seed="934804728" result="Passed" start-time="2019-05-28 16:51:25Z" end-time="2019-05-28 16:51:44Z" duration="19.444885" asserts="1" />
          <test-case id="0-1056" name="EditarUsuario" fullname="CSharpSeleniumTemplate.Tests.GerenciarUsuarios.EditarUsuario" methodname="EditarUsuario" classname="CSharpSeleniumTemplate.Tests.GerenciarUsuarios" runstate="Runnable" seed="809891863" result="Failed" label="Error" start-time="2019-05-28 16:51:44Z" end-time="2019-05-28 16:52:56Z" duration="71.754850" asserts="0">
            <failure>
              <message><![CDATA[OpenQA.Selenium.WebDriverTimeoutException : Timed out after 60 seconds
  ----> OpenQA.Selenium.NoSuchElementException : Unable to find element with xpath == //a[contains(text(),'Gerenciar Usuários')]]]></message>
              <stack-trace><![CDATA[   em CSharpSeleniumTemplate.Bases.PageBase.Click(By locator) na C:\Mantis2\csharpseleniumextentreporttemplate-master\CSharpSeleniumTemplate\Bases\PageBase.cs:linha 75
   em CSharpSeleniumTemplate.Pages.GerenciarUsuariosPage.AcessarTelaGerenciarUsuarios() na C:\Mantis2\csharpseleniumextentreporttemplate-master\CSharpSeleniumTemplate\Pages\GerenciarUsuariosPage.cs:linha 35
   em CSharpSeleniumTemplate.Flows.UsuariosFlows.AcessarTelaGestaoUsuarios() na C:\Mantis2\csharpseleniumextentreporttemplate-master\CSharpSeleniumTemplate\Flows\UsuariosFlows.cs:linha 25
   em CSharpSeleniumTemplate.Flows.UsuariosFlows.AcessarTelaCadastroUsuarios() na C:\Mantis2\csharpseleniumextentreporttemplate-master\CSharpSeleniumTemplate\Flows\UsuariosFlows.cs:linha 29
   em CSharpSeleniumTemplate.Flows.UsuariosFlows.CadastrarUsuarioApenasCamposObrigatorios(String nomeUsuario, String nomeNivel) na C:\Mantis2\csharpseleniumextentreporttemplate-master\CSharpSeleniumTemplate\Flows\UsuariosFlows.cs:linha 44
   em CSharpSeleniumTemplate.Tests.GerenciarUsuarios.EditarUsuario() na C:\Mantis2\csharpseleniumextentreporttemplate-master\CSharpSeleniumTemplate\Tests\GerenciarUsuarios.cs:linha 134
--NoSuchElementException
   em OpenQA.Selenium.Remote.RemoteWebDriver.UnpackAndThrowOnError(Response errorResponse)
   em OpenQA.Selenium.Remote.RemoteWebDriver.Execute(String driverCommandToExecute, Dictionary`2 parameters)
   em OpenQA.Selenium.Remote.RemoteWebDriver.FindElement(String mechanism, String value)
   em OpenQA.Selenium.Support.UI.DefaultWait`1.Until[TResult](Func`2 condition)]]></stack-trace>
            </failure>
          </test-case>
          <test-case id="0-1059" name="EmailInvalido" fullname="CSharpSeleniumTemplate.Tests.GerenciarUsuarios.EmailInvalido" methodname="EmailInvalido" classname="CSharpSeleniumTemplate.Tests.GerenciarUsuarios" runstate="Runnable" seed="104031785" result="Passed" start-time="2019-05-28 16:52:56Z" end-time="2019-05-28 16:53:15Z" duration="18.579568" asserts="1" />
          <test-case id="0-1055" name="EmailJaCadastrado" fullname="CSharpSeleniumTemplate.Tests.GerenciarUsuarios.EmailJaCadastrado" methodname="EmailJaCadastrado" classname="CSharpSeleniumTemplate.Tests.GerenciarUsuarios" runstate="Runnable" seed="771757874" result="Passed" start-time="2019-05-28 16:53:15Z" end-time="2019-05-28 16:53:43Z" duration="28.202114" asserts="1" />
          <test-case id="0-1060" name="PesquisarUsuarios" fullname="CSharpSeleniumTemplate.Tests.GerenciarUsuarios.PesquisarUsuarios" methodname="PesquisarUsuarios" classname="CSharpSeleniumTemplate.Tests.GerenciarUsuarios" runstate="Runnable" seed="171047080" result="Failed" label="Error" start-time="2019-05-28 16:53:43Z" end-time="2019-05-28 16:54:55Z" duration="71.919161" asserts="0">
            <failure>
              <message><![CDATA[OpenQA.Selenium.WebDriverTimeoutException : Timed out after 60 seconds
  ----> OpenQA.Selenium.NoSuchElementException : Unable to find element with xpath == //a[contains(text(),'Gerenciar Usuários')]]]></message>
              <stack-trace><![CDATA[   em CSharpSeleniumTemplate.Bases.PageBase.Click(By locator) na C:\Mantis2\csharpseleniumextentreporttemplate-master\CSharpSeleniumTemplate\Bases\PageBase.cs:linha 75
   em CSharpSeleniumTemplate.Pages.GerenciarUsuariosPage.AcessarTelaGerenciarUsuarios() na C:\Mantis2\csharpseleniumextentreporttemplate-master\CSharpSeleniumTemplate\Pages\GerenciarUsuariosPage.cs:linha 35
   em CSharpSeleniumTemplate.Flows.UsuariosFlows.AcessarTelaGestaoUsuarios() na C:\Mantis2\csharpseleniumextentreporttemplate-master\CSharpSeleniumTemplate\Flows\UsuariosFlows.cs:linha 25
   em CSharpSeleniumTemplate.Flows.UsuariosFlows.AcessarTelaCadastroUsuarios() na C:\Mantis2\csharpseleniumextentreporttemplate-master\CSharpSeleniumTemplate\Flows\UsuariosFlows.cs:linha 29
   em CSharpSeleniumTemplate.Flows.UsuariosFlows.CadastrarUsuarioApenasCamposObrigatorios(String nomeUsuario, String nomeNivel) na C:\Mantis2\csharpseleniumextentreporttemplate-master\CSharpSeleniumTemplate\Flows\UsuariosFlows.cs:linha 44
   em CSharpSeleniumTemplate.Tests.GerenciarUsuarios.PesquisarUsuarios() na C:\Mantis2\csharpseleniumextentreporttemplate-master\CSharpSeleniumTemplate\Tests\GerenciarUsuarios.cs:linha 202
--NoSuchElementException
   em OpenQA.Selenium.Remote.RemoteWebDriver.UnpackAndThrowOnError(Response errorResponse)
   em OpenQA.Selenium.Remote.RemoteWebDriver.Execute(String driverCommandToExecute, Dictionary`2 parameters)
   em OpenQA.Selenium.Remote.RemoteWebDriver.FindElement(String mechanism, String value)
   em OpenQA.Selenium.Support.UI.DefaultWait`1.Until[TResult](Func`2 condition)]]></stack-trace>
            </failure>
          </test-case>
          <test-case id="0-1058" name="RedefinirSenhaSemPreencherEmail" fullname="CSharpSeleniumTemplate.Tests.GerenciarUsuarios.RedefinirSenhaSemPreencherEmail" methodname="RedefinirSenhaSemPreencherEmail" classname="CSharpSeleniumTemplate.Tests.GerenciarUsuarios" runstate="Runnable" seed="541020001" result="Passed" start-time="2019-05-28 16:54:55Z" end-time="2019-05-28 16:55:22Z" duration="26.932762" asserts="1" />
          <test-case id="0-1054" name="UsuarioJaCadastrado" fullname="CSharpSeleniumTemplate.Tests.GerenciarUsuarios.UsuarioJaCadastrado" methodname="UsuarioJaCadastrado" classname="CSharpSeleniumTemplate.Tests.GerenciarUsuarios" runstate="Runnable" seed="1373583911" result="Passed" start-time="2019-05-28 16:55:22Z" end-time="2019-05-28 16:55:48Z" duration="26.038177" asserts="1" />
        </test-suite>
        <test-suite type="TestFixture" id="0-1061" name="LoginTests" fullname="CSharpSeleniumTemplate.Tests.LoginTests" classname="CSharpSeleniumTemplate.Tests.LoginTests" runstate="Runnable" testcasecount="4" result="Passed" start-time="2019-05-28 16:55:48Z" end-time="2019-05-28 16:56:24Z" duration="36.295776" total="4" passed="4" failed="0" warnings="0" inconclusive="0" skipped="0" asserts="4">
          <test-case id="0-1062" name="EfetuarLoginComSucesso" fullname="CSharpSeleniumTemplate.Tests.LoginTests.EfetuarLoginComSucesso" methodname="EfetuarLoginComSucesso" classname="CSharpSeleniumTemplate.Tests.LoginTests" runstate="Runnable" seed="1579891590" result="Passed" start-time="2019-05-28 16:55:48Z" end-time="2019-05-28 16:55:56Z" duration="8.395640" asserts="1" />
          <test-suite type="ParameterizedMethod" id="0-1066" name="EfetuarLoginInformandoUsuarioInvalido" fullname="CSharpSeleniumTemplate.Tests.LoginTests.EfetuarLoginInformandoUsuarioInvalido" classname="CSharpSeleniumTemplate.Tests.LoginTests" runstate="Runnable" testcasecount="3" result="Passed" start-time="2019-05-28 16:55:56Z" end-time="2019-05-28 16:56:24Z" duration="27.864515" total="3" passed="3" failed="0" warnings="0" inconclusive="0" skipped="0" asserts="3">
            <test-case id="0-1063" name="EfetuarLoginInformandoUsuarioInvalido(System.Collections.ArrayList)" fullname="CSharpSeleniumTemplate.Tests.LoginTests.EfetuarLoginInformandoUsuarioInvalido(System.Collections.ArrayList)" methodname="EfetuarLoginInformandoUsuarioInvalido" classname="CSharpSeleniumTemplate.Tests.LoginTests" runstate="Runnable" seed="2009013593" result="Passed" start-time="2019-05-28 16:55:56Z" end-time="2019-05-28 16:56:09Z" duration="12.440494" asserts="1" />
            <test-case id="0-1064" name="EfetuarLoginInformandoUsuarioInvalido(System.Collections.ArrayList)" fullname="CSharpSeleniumTemplate.Tests.LoginTests.EfetuarLoginInformandoUsuarioInvalido(System.Collections.ArrayList)" methodname="EfetuarLoginInformandoUsuarioInvalido" classname="CSharpSeleniumTemplate.Tests.LoginTests" runstate="Runnable" seed="1781407753" result="Passed" start-time="2019-05-28 16:56:09Z" end-time="2019-05-28 16:56:16Z" duration="6.960102" asserts="1" />
            <test-case id="0-1065" name="EfetuarLoginInformandoUsuarioInvalido(System.Collections.ArrayList)" fullname="CSharpSeleniumTemplate.Tests.LoginTests.EfetuarLoginInformandoUsuarioInvalido(System.Collections.ArrayList)" methodname="EfetuarLoginInformandoUsuarioInvalido" classname="CSharpSeleniumTemplate.Tests.LoginTests" runstate="Runnable" seed="465091534" result="Passed" start-time="2019-05-28 16:56:16Z" end-time="2019-05-28 16:56:24Z" duration="8.456862" asserts="1" />
          </test-suite>
        </test-suite>
      </test-suite>
    </test-suite>
  </test-suite>
</test-run>